Server work on linux:Linux:x64
Site hostname: anarky
Server PC Info: {"uid":1000,"gid":1000,"username":"user","homedir":"/home/user","shell":"/bin/bash"}
[{"model":"Intel(R) Core(TM) i5-8250U CPU @ 1.60GHz","speed":933,"times":{"user":16443400,"nice":4800,"sys":4041200,"idle":101201800,"irq":0}},{"model":"Intel(R) Core(TM) i5-8250U CPU @ 1.60GHz","speed":895,"times":{"user":16543600,"nice":4600,"sys":3925600,"idle":101351100,"irq":0}},{"model":"Intel(R) Core(TM) i5-8250U CPU @ 1.60GHz","speed":924,"times":{"user":16594700,"nice":4600,"sys":3818800,"idle":101438000,"irq":0}},{"model":"Intel(R) Core(TM) i5-8250U CPU @ 1.60GHz","speed":946,"times":{"user":16938300,"nice":22200,"sys":4832600,"idle":99181800,"irq":0}},{"model":"Intel(R) Core(TM) i5-8250U CPU @ 1.60GHz","speed":964,"times":{"user":16163800,"nice":3800,"sys":4212200,"idle":101316700,"irq":0}},{"model":"Intel(R) Core(TM) i5-8250U CPU @ 1.60GHz","speed":880,"times":{"user":16115800,"nice":4000,"sys":3993600,"idle":100718500,"irq":0}},{"model":"Intel(R) Core(TM) i5-8250U CPU @ 1.60GHz","speed":893,"times":{"user":16250600,"nice":4600,"sys":3943900,"idle":101656400,"irq":0}},{"model":"Intel(R) Core(TM) i5-8250U CPU @ 1.60GHz","speed":918,"times":{"user":16368800,"nice":3800,"sys":4245700,"idle":101116800,"irq":0}}]
Logs
Del: e24588939c5c2699e7fbf02dd4e6f2e87ffaebbc1169011fe2845a1945ae05b7Server work on linux:Linux:x64
Site hostname: anarky
Server PC Info: {"uid":1000,"gid":1000,"username":"user","homedir":"/home/user","shell":"/bin/bash"}
[{"model":"Intel(R) Core(TM) i5-8250U CPU @ 1.60GHz","speed":800,"times":{"user":16449400,"nice":4800,"sys":4043200,"idle":101290500,"irq":0}},{"model":"Intel(R) Core(TM) i5-8250U CPU @ 1.60GHz","speed":800,"times":{"user":16550600,"nice":4600,"sys":3927700,"idle":101439300,"irq":0}},{"model":"Intel(R) Core(TM) i5-8250U CPU @ 1.60GHz","speed":800,"times":{"user":16600700,"nice":4600,"sys":3820700,"idle":101527600,"irq":0}},{"model":"Intel(R) Core(TM) i5-8250U CPU @ 1.60GHz","speed":799,"times":{"user":16946200,"nice":22200,"sys":4835100,"idle":99266800,"irq":0}},{"model":"Intel(R) Core(TM) i5-8250U CPU @ 1.60GHz","speed":800,"times":{"user":16169500,"nice":3800,"sys":4214800,"idle":101405000,"irq":0}},{"model":"Intel(R) Core(TM) i5-8250U CPU @ 1.60GHz","speed":800,"times":{"user":16121600,"nice":4000,"sys":3996200,"idle":100807900,"irq":0}},{"model":"Intel(R) Core(TM) i5-8250U CPU @ 1.60GHz","speed":800,"times":{"user":16255500,"nice":4600,"sys":3945900,"idle":101745900,"irq":0}},{"model":"Intel(R) Core(TM) i5-8250U CPU @ 1.60GHz","speed":800,"times":{"user":16375600,"nice":3800,"sys":4247900,"idle":101205300,"irq":0}}]
Logs
Del: 9543a4e041b7eb9f489784e8c437e9e5ea7515c2df79ed684c258828b48ca87fServer work on linux:Linux:x64
Site hostname: anarky
Server PC Info: {"uid":1000,"gid":1000,"username":"user","homedir":"/home/user","shell":"/bin/bash"}
[{"model":"Intel(R) Core(TM) i5-8250U CPU @ 1.60GHz","speed":1041,"times":{"user":16450000,"nice":4800,"sys":4043200,"idle":101296000,"irq":0}},{"model":"Intel(R) Core(TM) i5-8250U CPU @ 1.60GHz","speed":1065,"times":{"user":16551500,"nice":4600,"sys":3927800,"idle":101444600,"irq":0}},{"model":"Intel(R) Core(TM) i5-8250U CPU @ 1.60GHz","speed":1099,"times":{"user":16601500,"nice":4600,"sys":3821000,"idle":101533000,"irq":0}},{"model":"Intel(R) Core(TM) i5-8250U CPU @ 1.60GHz","speed":1108,"times":{"user":16947000,"nice":22200,"sys":4835500,"idle":99272000,"irq":0}},{"model":"Intel(R) Core(TM) i5-8250U CPU @ 1.60GHz","speed":1105,"times":{"user":16170000,"nice":3800,"sys":4215300,"idle":101410300,"irq":0}},{"model":"Intel(R) Core(TM) i5-8250U CPU @ 1.60GHz","speed":1123,"times":{"user":16122200,"nice":4000,"sys":3996400,"idle":100813200,"irq":0}},{"model":"Intel(R) Core(TM) i5-8250U CPU @ 1.60GHz","speed":1090,"times":{"user":16256300,"nice":4600,"sys":3946300,"idle":101751200,"irq":0}},{"model":"Intel(R) Core(TM) i5-8250U CPU @ 1.60GHz","speed":1269,"times":{"user":16376300,"nice":3800,"sys":4248000,"idle":101210500,"irq":0}}]
Logs
Del: dd52c86f515d8402ab6c92b91a98d424a8fc54507550651b8072c2902ae8923fServer work on linux:Linux:x64
Site hostname: anarky
Server PC Info: {"uid":1000,"gid":1000,"username":"user","homedir":"/home/user","shell":"/bin/bash"}
[{"model":"Intel(R) Core(TM) i5-8250U CPU @ 1.60GHz","speed":1111,"times":{"user":16450700,"nice":4800,"sys":4043400,"idle":101304100,"irq":0}},{"model":"Intel(R) Core(TM) i5-8250U CPU @ 1.60GHz","speed":974,"times":{"user":16552500,"nice":4600,"sys":3928200,"idle":101452300,"irq":0}},{"model":"Intel(R) Core(TM) i5-8250U CPU @ 1.60GHz","speed":1145,"times":{"user":16602500,"nice":4600,"sys":3821000,"idle":101541100,"irq":0}},{"model":"Intel(R) Core(TM) i5-8250U CPU @ 1.60GHz","speed":997,"times":{"user":16947800,"nice":22200,"sys":4835900,"idle":99279700,"irq":0}},{"model":"Intel(R) Core(TM) i5-8250U CPU @ 1.60GHz","speed":1071,"times":{"user":16171000,"nice":3800,"sys":4215700,"idle":101418000,"irq":0}},{"model":"Intel(R) Core(TM) i5-8250U CPU @ 1.60GHz","speed":966,"times":{"user":16123100,"nice":4000,"sys":3996400,"idle":100821200,"irq":0}},{"model":"Intel(R) Core(TM) i5-8250U CPU @ 1.60GHz","speed":1006,"times":{"user":16257200,"nice":4600,"sys":3946700,"idle":101759100,"irq":0}},{"model":"Intel(R) Core(TM) i5-8250U CPU @ 1.60GHz","speed":1060,"times":{"user":16377100,"nice":3800,"sys":4248200,"idle":101218800,"irq":0}}]
Logs
Del: 3e2c0af6fe94f29815dcad06ab9a8544daa8cebb8dfd41b38ee20c0046e4a3dd