Server work on linux:Linux:x64
Site hostname: anarky
Server PC Info: {"uid":1000,"gid":1000,"username":"user","homedir":"/home/user","shell":"/bin/bash"}
[{"model":"Intel(R) Core(TM) i5-8250U CPU @ 1.60GHz","speed":1116,"times":{"user":16223800,"nice":4700,"sys":3982800,"idle":98503100,"irq":0}},{"model":"Intel(R) Core(TM) i5-8250U CPU @ 1.60GHz","speed":1309,"times":{"user":16318700,"nice":4600,"sys":3869400,"idle":98655300,"irq":0}},{"model":"Intel(R) Core(TM) i5-8250U CPU @ 1.60GHz","speed":1135,"times":{"user":16355700,"nice":4600,"sys":3764600,"idle":98751500,"irq":0}},{"model":"Intel(R) Core(TM) i5-8250U CPU @ 1.60GHz","speed":1108,"times":{"user":16698000,"nice":22200,"sys":4750100,"idle":96571000,"irq":0}},{"model":"Intel(R) Core(TM) i5-8250U CPU @ 1.60GHz","speed":1031,"times":{"user":15945600,"nice":3800,"sys":4137400,"idle":98639600,"irq":0}},{"model":"Intel(R) Core(TM) i5-8250U CPU @ 1.60GHz","speed":980,"times":{"user":15890400,"nice":4000,"sys":3933800,"idle":98034800,"irq":0}},{"model":"Intel(R) Core(TM) i5-8250U CPU @ 1.60GHz","speed":1279,"times":{"user":16017400,"nice":4100,"sys":3885800,"idle":98971100,"irq":0}},{"model":"Intel(R) Core(TM) i5-8250U CPU @ 1.60GHz","speed":1034,"times":{"user":16144400,"nice":3800,"sys":4181300,"idle":98428500,"irq":0}}]
Logs
{"_id":"087408b44d8a593462aace7e969cebd603a539908c1cac5e1707c6fd92984321","task":"rolled below lovely duck.","created_at":"2019.6.26"}Server work on linux:Linux:x64
Site hostname: anarky
Server PC Info: {"uid":1000,"gid":1000,"username":"user","homedir":"/home/user","shell":"/bin/bash"}
[{"model":"Intel(R) Core(TM) i5-8250U CPU @ 1.60GHz","speed":1197,"times":{"user":16224300,"nice":4700,"sys":3982900,"idle":98508800,"irq":0}},{"model":"Intel(R) Core(TM) i5-8250U CPU @ 1.60GHz","speed":1123,"times":{"user":16319400,"nice":4600,"sys":3869500,"idle":98661000,"irq":0}},{"model":"Intel(R) Core(TM) i5-8250U CPU @ 1.60GHz","speed":1072,"times":{"user":16356500,"nice":4600,"sys":3764800,"idle":98757100,"irq":0}},{"model":"Intel(R) Core(TM) i5-8250U CPU @ 1.60GHz","speed":1120,"times":{"user":16698300,"nice":22200,"sys":4750500,"idle":96576700,"irq":0}},{"model":"Intel(R) Core(TM) i5-8250U CPU @ 1.60GHz","speed":1088,"times":{"user":15946000,"nice":3800,"sys":4137800,"idle":98645200,"irq":0}},{"model":"Intel(R) Core(TM) i5-8250U CPU @ 1.60GHz","speed":1034,"times":{"user":15891000,"nice":4000,"sys":3934000,"idle":98040200,"irq":0}},{"model":"Intel(R) Core(TM) i5-8250U CPU @ 1.60GHz","speed":1256,"times":{"user":16018100,"nice":4100,"sys":3885900,"idle":98976600,"irq":0}},{"model":"Intel(R) Core(TM) i5-8250U CPU @ 1.60GHz","speed":1154,"times":{"user":16144900,"nice":3800,"sys":4181400,"idle":98434200,"irq":0}}]
Logs
{"_id":"c4fd80bd01da6168bac237d403a83eea9ee268cbee55971fa36ac9281b290023","task":"sliced across soft hamster.","created_at":"2019.6.26"}Server work on linux:Linux:x64
Site hostname: anarky
Server PC Info: {"uid":1000,"gid":1000,"username":"user","homedir":"/home/user","shell":"/bin/bash"}
[{"model":"Intel(R) Core(TM) i5-8250U CPU @ 1.60GHz","speed":2583,"times":{"user":16225100,"nice":4700,"sys":3983200,"idle":98523600,"irq":0}},{"model":"Intel(R) Core(TM) i5-8250U CPU @ 1.60GHz","speed":2560,"times":{"user":16320400,"nice":4600,"sys":3869600,"idle":98675400,"irq":0}},{"model":"Intel(R) Core(TM) i5-8250U CPU @ 1.60GHz","speed":2552,"times":{"user":16357400,"nice":4600,"sys":3765000,"idle":98771800,"irq":0}},{"model":"Intel(R) Core(TM) i5-8250U CPU @ 1.60GHz","speed":2550,"times":{"user":16699600,"nice":22200,"sys":4750700,"idle":96590900,"irq":0}},{"model":"Intel(R) Core(TM) i5-8250U CPU @ 1.60GHz","speed":2569,"times":{"user":15947800,"nice":3800,"sys":4138300,"idle":98658400,"irq":0}},{"model":"Intel(R) Core(TM) i5-8250U CPU @ 1.60GHz","speed":2563,"times":{"user":15892000,"nice":4000,"sys":3934200,"idle":98054800,"irq":0}},{"model":"Intel(R) Core(TM) i5-8250U CPU @ 1.60GHz","speed":2558,"times":{"user":16019400,"nice":4100,"sys":3886500,"idle":98990600,"irq":0}},{"model":"Intel(R) Core(TM) i5-8250U CPU @ 1.60GHz","speed":2562,"times":{"user":16146000,"nice":3800,"sys":4181700,"idle":98448700,"irq":0}}]
Logs
Del: 1e15bb1581dda5c4a93be57b1e3090992a042dc4f06f418a3726e585cc778123Server work on linux:Linux:x64
Site hostname: anarky
Server PC Info: {"uid":1000,"gid":1000,"username":"user","homedir":"/home/user","shell":"/bin/bash"}
[{"model":"Intel(R) Core(TM) i5-8250U CPU @ 1.60GHz","speed":1605,"times":{"user":16225400,"nice":4700,"sys":3983200,"idle":98524800,"irq":0}},{"model":"Intel(R) Core(TM) i5-8250U CPU @ 1.60GHz","speed":1546,"times":{"user":16320700,"nice":4600,"sys":3869600,"idle":98676700,"irq":0}},{"model":"Intel(R) Core(TM) i5-8250U CPU @ 1.60GHz","speed":1506,"times":{"user":16357700,"nice":4600,"sys":3765000,"idle":98773000,"irq":0}},{"model":"Intel(R) Core(TM) i5-8250U CPU @ 1.60GHz","speed":1555,"times":{"user":16700100,"nice":22200,"sys":4750800,"idle":96592000,"irq":0}},{"model":"Intel(R) Core(TM) i5-8250U CPU @ 1.60GHz","speed":1473,"times":{"user":15948100,"nice":3800,"sys":4138400,"idle":98659700,"irq":0}},{"model":"Intel(R) Core(TM) i5-8250U CPU @ 1.60GHz","speed":1639,"times":{"user":15892300,"nice":4000,"sys":3934200,"idle":98056200,"irq":0}},{"model":"Intel(R) Core(TM) i5-8250U CPU @ 1.60GHz","speed":1277,"times":{"user":16019700,"nice":4100,"sys":3886700,"idle":98991600,"irq":0}},{"model":"Intel(R) Core(TM) i5-8250U CPU @ 1.60GHz","speed":1790,"times":{"user":16146100,"nice":3800,"sys":4181700,"idle":98450000,"irq":0}}]
Logs
Del: 2491d95f83a88876ae8537d881346906599981a4dadc938d413c682f57cb27c8