Server work on linux:Linux:x64
Site hostname: anarky
Server PC Info: {"uid":1000,"gid":1000,"username":"user","homedir":"/home/user","shell":"/bin/bash"}
[{"model":"Intel(R) Core(TM) i5-8250U CPU @ 1.60GHz","speed":800,"times":{"user":7161200,"nice":22200,"sys":2035200,"idle":87451700,"irq":0}},{"model":"Intel(R) Core(TM) i5-8250U CPU @ 1.60GHz","speed":799,"times":{"user":7301300,"nice":7600,"sys":1855600,"idle":87629700,"irq":0}},{"model":"Intel(R) Core(TM) i5-8250U CPU @ 1.60GHz","speed":800,"times":{"user":7098300,"nice":9600,"sys":1833100,"idle":87890900,"irq":0}},{"model":"Intel(R) Core(TM) i5-8250U CPU @ 1.60GHz","speed":799,"times":{"user":7285800,"nice":5500,"sys":1816700,"idle":87025600,"irq":0}},{"model":"Intel(R) Core(TM) i5-8250U CPU @ 1.60GHz","speed":800,"times":{"user":7219300,"nice":4200,"sys":1816700,"idle":87755900,"irq":0}},{"model":"Intel(R) Core(TM) i5-8250U CPU @ 1.60GHz","speed":799,"times":{"user":6764200,"nice":6800,"sys":2122300,"idle":87271000,"irq":0}},{"model":"Intel(R) Core(TM) i5-8250U CPU @ 1.60GHz","speed":800,"times":{"user":6960800,"nice":6000,"sys":1845100,"idle":87972800,"irq":0}},{"model":"Intel(R) Core(TM) i5-8250U CPU @ 1.60GHz","speed":800,"times":{"user":7005600,"nice":5300,"sys":1941500,"idle":87789700,"irq":0}}]
Logs
{"_id":"086b650b5a310a2b6fc58b339a5c47fc7554fde5c47c863790158742a2408ab3","task":"flew through hot clock.","created_at":"2019.6.26"}Server work on linux:Linux:x64
Site hostname: anarky
Server PC Info: {"uid":1000,"gid":1000,"username":"user","homedir":"/home/user","shell":"/bin/bash"}
[{"model":"Intel(R) Core(TM) i5-8250U CPU @ 1.60GHz","speed":977,"times":{"user":7163200,"nice":22200,"sys":2035700,"idle":87459600,"irq":0}},{"model":"Intel(R) Core(TM) i5-8250U CPU @ 1.60GHz","speed":919,"times":{"user":7303000,"nice":7600,"sys":1856100,"idle":87638000,"irq":0}},{"model":"Intel(R) Core(TM) i5-8250U CPU @ 1.60GHz","speed":909,"times":{"user":7099900,"nice":9600,"sys":1833500,"idle":87899400,"irq":0}},{"model":"Intel(R) Core(TM) i5-8250U CPU @ 1.60GHz","speed":905,"times":{"user":7287900,"nice":5500,"sys":1817100,"idle":87033600,"irq":0}},{"model":"Intel(R) Core(TM) i5-8250U CPU @ 1.60GHz","speed":888,"times":{"user":7221500,"nice":4200,"sys":1817100,"idle":87763800,"irq":0}},{"model":"Intel(R) Core(TM) i5-8250U CPU @ 1.60GHz","speed":976,"times":{"user":6769500,"nice":6800,"sys":2122500,"idle":87276000,"irq":0}},{"model":"Intel(R) Core(TM) i5-8250U CPU @ 1.60GHz","speed":905,"times":{"user":6962700,"nice":6000,"sys":1845500,"idle":87981100,"irq":0}},{"model":"Intel(R) Core(TM) i5-8250U CPU @ 1.60GHz","speed":946,"times":{"user":7007600,"nice":5300,"sys":1942000,"idle":87797600,"irq":0}}]
Logs
{"_id":"a796bf9feb866822618b00755ece9bc86b7c04786fd466e8a606f471418dca3e","task":"flew towards slimy duck.","created_at":"2019.6.26"}Server work on linux:Linux:x64
Site hostname: anarky
Server PC Info: {"uid":1000,"gid":1000,"username":"user","homedir":"/home/user","shell":"/bin/bash"}
[{"model":"Intel(R) Core(TM) i5-8250U CPU @ 1.60GHz","speed":800,"times":{"user":7165000,"nice":22200,"sys":2036100,"idle":87477500,"irq":0}},{"model":"Intel(R) Core(TM) i5-8250U CPU @ 1.60GHz","speed":800,"times":{"user":7305800,"nice":7600,"sys":1856600,"idle":87655200,"irq":0}},{"model":"Intel(R) Core(TM) i5-8250U CPU @ 1.60GHz","speed":800,"times":{"user":7104200,"nice":9600,"sys":1834300,"idle":87915100,"irq":0}},{"model":"Intel(R) Core(TM) i5-8250U CPU @ 1.60GHz","speed":799,"times":{"user":7291900,"nice":5500,"sys":1817600,"idle":87049300,"irq":0}},{"model":"Intel(R) Core(TM) i5-8250U CPU @ 1.60GHz","speed":800,"times":{"user":7223600,"nice":4200,"sys":1817800,"idle":87781800,"irq":0}},{"model":"Intel(R) Core(TM) i5-8250U CPU @ 1.60GHz","speed":800,"times":{"user":6771100,"nice":6800,"sys":2123400,"idle":87294000,"irq":0}},{"model":"Intel(R) Core(TM) i5-8250U CPU @ 1.60GHz","speed":800,"times":{"user":6965100,"nice":6000,"sys":1846300,"idle":87998600,"irq":0}},{"model":"Intel(R) Core(TM) i5-8250U CPU @ 1.60GHz","speed":799,"times":{"user":7009800,"nice":5300,"sys":1942900,"idle":87815200,"irq":0}}]
Logs
Del: 086b650b5a310a2b6fc58b339a5c47fc7554fde5c47c863790158742a2408ab3Server work on linux:Linux:x64
Site hostname: anarky
Server PC Info: {"uid":1000,"gid":1000,"username":"user","homedir":"/home/user","shell":"/bin/bash"}
[{"model":"Intel(R) Core(TM) i5-8250U CPU @ 1.60GHz","speed":1108,"times":{"user":7172100,"nice":22200,"sys":2037600,"idle":87543700,"irq":0}},{"model":"Intel(R) Core(TM) i5-8250U CPU @ 1.60GHz","speed":1055,"times":{"user":7312600,"nice":7600,"sys":1858800,"idle":87721300,"irq":0}},{"model":"Intel(R) Core(TM) i5-8250U CPU @ 1.60GHz","speed":957,"times":{"user":7112400,"nice":9600,"sys":1835600,"idle":87980500,"irq":0}},{"model":"Intel(R) Core(TM) i5-8250U CPU @ 1.60GHz","speed":1025,"times":{"user":7297800,"nice":5500,"sys":1819600,"idle":87114900,"irq":0}},{"model":"Intel(R) Core(TM) i5-8250U CPU @ 1.60GHz","speed":934,"times":{"user":7230000,"nice":4200,"sys":1819300,"idle":87848800,"irq":0}},{"model":"Intel(R) Core(TM) i5-8250U CPU @ 1.60GHz","speed":1032,"times":{"user":6776200,"nice":6800,"sys":2125600,"idle":87360400,"irq":0}},{"model":"Intel(R) Core(TM) i5-8250U CPU @ 1.60GHz","speed":1099,"times":{"user":6972900,"nice":6000,"sys":1847600,"idle":88064300,"irq":0}},{"model":"Intel(R) Core(TM) i5-8250U CPU @ 1.60GHz","speed":976,"times":{"user":7018500,"nice":5300,"sys":1944100,"idle":87880400,"irq":0}}]
Logs
Del: d9a8add04c321640ded5938679cff1ec7bcdf108a74aad3da5e018112845be64