Server work on linux:Linux:x64
Site hostname: anarky
Server PC Info: {"uid":1000,"gid":1000,"username":"user","homedir":"/home/user","shell":"/bin/bash"}
[{"model":"Intel(R) Core(TM) i5-8250U CPU @ 1.60GHz","speed":800,"times":{"user":14835200,"nice":4500,"sys":3609900,"idle":80329800,"irq":0}},{"model":"Intel(R) Core(TM) i5-8250U CPU @ 1.60GHz","speed":800,"times":{"user":14920200,"nice":4600,"sys":3491600,"idle":80477900,"irq":0}},{"model":"Intel(R) Core(TM) i5-8250U CPU @ 1.60GHz","speed":800,"times":{"user":14907400,"nice":4400,"sys":3404300,"idle":80606600,"irq":0}},{"model":"Intel(R) Core(TM) i5-8250U CPU @ 1.60GHz","speed":800,"times":{"user":15197600,"nice":22100,"sys":4204200,"idle":78860800,"irq":0}},{"model":"Intel(R) Core(TM) i5-8250U CPU @ 1.60GHz","speed":799,"times":{"user":14574800,"nice":3600,"sys":3704600,"idle":80522100,"irq":0}},{"model":"Intel(R) Core(TM) i5-8250U CPU @ 1.60GHz","speed":800,"times":{"user":14548800,"nice":3900,"sys":3539100,"idle":79904400,"irq":0}},{"model":"Intel(R) Core(TM) i5-8250U CPU @ 1.60GHz","speed":800,"times":{"user":14620600,"nice":4000,"sys":3511000,"idle":80799500,"irq":0}},{"model":"Intel(R) Core(TM) i5-8250U CPU @ 1.60GHz","speed":800,"times":{"user":14732400,"nice":3600,"sys":3762800,"idle":80321800,"irq":0}}]
Logs
Get: {"firstname":"John","lastname":"Doeu","email":"odfjidjcxv@fdfdfd.com","password":"fdfdfeew","created_at":"2019.6.23","licence_agree":true,"hashed_password":"48f20e0c2f64cf689f26de01e5f071be9fa6abe61daa1ab4c97a41988a69d669"}Server work on linux:Linux:x64
Site hostname: anarky
Server PC Info: {"uid":1000,"gid":1000,"username":"user","homedir":"/home/user","shell":"/bin/bash"}
[{"model":"Intel(R) Core(TM) i5-8250U CPU @ 1.60GHz","speed":840,"times":{"user":14835400,"nice":4500,"sys":3610000,"idle":80337200,"irq":0}},{"model":"Intel(R) Core(TM) i5-8250U CPU @ 1.60GHz","speed":831,"times":{"user":14920700,"nice":4600,"sys":3491800,"idle":80485300,"irq":0}},{"model":"Intel(R) Core(TM) i5-8250U CPU @ 1.60GHz","speed":862,"times":{"user":14907700,"nice":4400,"sys":3404400,"idle":80614100,"irq":0}},{"model":"Intel(R) Core(TM) i5-8250U CPU @ 1.60GHz","speed":814,"times":{"user":15197800,"nice":22100,"sys":4204400,"idle":78867700,"irq":0}},{"model":"Intel(R) Core(TM) i5-8250U CPU @ 1.60GHz","speed":852,"times":{"user":14574900,"nice":3600,"sys":3704800,"idle":80529500,"irq":0}},{"model":"Intel(R) Core(TM) i5-8250U CPU @ 1.60GHz","speed":835,"times":{"user":14549100,"nice":3900,"sys":3539200,"idle":79911900,"irq":0}},{"model":"Intel(R) Core(TM) i5-8250U CPU @ 1.60GHz","speed":854,"times":{"user":14620900,"nice":4000,"sys":3511100,"idle":80806900,"irq":0}},{"model":"Intel(R) Core(TM) i5-8250U CPU @ 1.60GHz","speed":841,"times":{"user":14732800,"nice":3600,"sys":3763000,"idle":80329100,"irq":0}}]
Logs
Get: {"firstname":"John","lastname":"Doeu","email":"odfjidjcxv@fdfdfd.com","password":"fdfdfeew","created_at":"2019.6.23","licence_agree":true,"hashed_password":"48f20e0c2f64cf689f26de01e5f071be9fa6abe61daa1ab4c97a41988a69d669"}Server work on linux:Linux:x64
Site hostname: anarky
Server PC Info: {"uid":1000,"gid":1000,"username":"user","homedir":"/home/user","shell":"/bin/bash"}
[{"model":"Intel(R) Core(TM) i5-8250U CPU @ 1.60GHz","speed":878,"times":{"user":14835800,"nice":4500,"sys":3610100,"idle":80340100,"irq":0}},{"model":"Intel(R) Core(TM) i5-8250U CPU @ 1.60GHz","speed":821,"times":{"user":14921000,"nice":4600,"sys":3491800,"idle":80488200,"irq":0}},{"model":"Intel(R) Core(TM) i5-8250U CPU @ 1.60GHz","speed":862,"times":{"user":14908100,"nice":4400,"sys":3404400,"idle":80617000,"irq":0}},{"model":"Intel(R) Core(TM) i5-8250U CPU @ 1.60GHz","speed":846,"times":{"user":15198300,"nice":22100,"sys":4204400,"idle":78870500,"irq":0}},{"model":"Intel(R) Core(TM) i5-8250U CPU @ 1.60GHz","speed":831,"times":{"user":14575200,"nice":3600,"sys":3704800,"idle":80532400,"irq":0}},{"model":"Intel(R) Core(TM) i5-8250U CPU @ 1.60GHz","speed":844,"times":{"user":14549400,"nice":3900,"sys":3539200,"idle":79914700,"irq":0}},{"model":"Intel(R) Core(TM) i5-8250U CPU @ 1.60GHz","speed":892,"times":{"user":14620900,"nice":4000,"sys":3511200,"idle":80809800,"irq":0}},{"model":"Intel(R) Core(TM) i5-8250U CPU @ 1.60GHz","speed":884,"times":{"user":14733200,"nice":3600,"sys":3763100,"idle":80332000,"irq":0}}]
Logs
Get: {"firstname":"John","lastname":"Doeu","email":"odfjidjcxv@fdfdfd.com","password":"fdfdfeew","created_at":"2019.6.23","licence_agree":true,"hashed_password":"48f20e0c2f64cf689f26de01e5f071be9fa6abe61daa1ab4c97a41988a69d669"}Server work on linux:Linux:x64
Site hostname: anarky
Server PC Info: {"uid":1000,"gid":1000,"username":"user","homedir":"/home/user","shell":"/bin/bash"}
[{"model":"Intel(R) Core(TM) i5-8250U CPU @ 1.60GHz","speed":999,"times":{"user":14836000,"nice":4500,"sys":3610300,"idle":80342000,"irq":0}},{"model":"Intel(R) Core(TM) i5-8250U CPU @ 1.60GHz","speed":927,"times":{"user":14921200,"nice":4600,"sys":3491800,"idle":80490200,"irq":0}},{"model":"Intel(R) Core(TM) i5-8250U CPU @ 1.60GHz","speed":968,"times":{"user":14908400,"nice":4400,"sys":3404500,"idle":80618800,"irq":0}},{"model":"Intel(R) Core(TM) i5-8250U CPU @ 1.60GHz","speed":983,"times":{"user":15198600,"nice":22100,"sys":4204500,"idle":78872200,"irq":0}},{"model":"Intel(R) Core(TM) i5-8250U CPU @ 1.60GHz","speed":878,"times":{"user":14575500,"nice":3600,"sys":3705000,"idle":80534200,"irq":0}},{"model":"Intel(R) Core(TM) i5-8250U CPU @ 1.60GHz","speed":943,"times":{"user":14549600,"nice":3900,"sys":3539300,"idle":79916500,"irq":0}},{"model":"Intel(R) Core(TM) i5-8250U CPU @ 1.60GHz","speed":893,"times":{"user":14621200,"nice":4000,"sys":3511300,"idle":80811700,"irq":0}},{"model":"Intel(R) Core(TM) i5-8250U CPU @ 1.60GHz","speed":929,"times":{"user":14733500,"nice":3600,"sys":3763200,"idle":80333800,"irq":0}}]
Logs
Get: {"firstname":"John","lastname":"Doeu","email":"odfjidjcxv@fdfdfd.com","password":"fdfdfeew","created_at":"2019.6.23","licence_agree":true,"hashed_password":"48f20e0c2f64cf689f26de01e5f071be9fa6abe61daa1ab4c97a41988a69d669"}Server work on linux:Linux:x64
Site hostname: anarky
Server PC Info: {"uid":1000,"gid":1000,"username":"user","homedir":"/home/user","shell":"/bin/bash"}
[{"model":"Intel(R) Core(TM) i5-8250U CPU @ 1.60GHz","speed":800,"times":{"user":14836200,"nice":4500,"sys":3610400,"idle":80344100,"irq":0}},{"model":"Intel(R) Core(TM) i5-8250U CPU @ 1.60GHz","speed":799,"times":{"user":14921400,"nice":4600,"sys":3492000,"idle":80492300,"irq":0}},{"model":"Intel(R) Core(TM) i5-8250U CPU @ 1.60GHz","speed":799,"times":{"user":14908700,"nice":4400,"sys":3404500,"idle":80620900,"irq":0}},{"model":"Intel(R) Core(TM) i5-8250U CPU @ 1.60GHz","speed":799,"times":{"user":15198800,"nice":22100,"sys":4204600,"idle":78874200,"irq":0}},{"model":"Intel(R) Core(TM) i5-8250U CPU @ 1.60GHz","speed":799,"times":{"user":14575700,"nice":3600,"sys":3705100,"idle":80536300,"irq":0}},{"model":"Intel(R) Core(TM) i5-8250U CPU @ 1.60GHz","speed":808,"times":{"user":14549900,"nice":3900,"sys":3539400,"idle":79918600,"irq":0}},{"model":"Intel(R) Core(TM) i5-8250U CPU @ 1.60GHz","speed":800,"times":{"user":14621500,"nice":4000,"sys":3511300,"idle":80813800,"irq":0}},{"model":"Intel(R) Core(TM) i5-8250U CPU @ 1.60GHz","speed":800,"times":{"user":14733600,"nice":3600,"sys":3763400,"idle":80336000,"irq":0}}]
Logs
Get: {"firstname":"John","lastname":"Doeu","email":"odfjidjcxv@fdfdfd.com","password":"fdfdfeew","created_at":"2019.6.23","licence_agree":true,"hashed_password":"48f20e0c2f64cf689f26de01e5f071be9fa6abe61daa1ab4c97a41988a69d669"}Server work on linux:Linux:x64
Site hostname: anarky
Server PC Info: {"uid":1000,"gid":1000,"username":"user","homedir":"/home/user","shell":"/bin/bash"}
[{"model":"Intel(R) Core(TM) i5-8250U CPU @ 1.60GHz","speed":829,"times":{"user":14836500,"nice":4500,"sys":3610400,"idle":80346100,"irq":0}},{"model":"Intel(R) Core(TM) i5-8250U CPU @ 1.60GHz","speed":850,"times":{"user":14921600,"nice":4600,"sys":3492100,"idle":80494200,"irq":0}},{"model":"Intel(R) Core(TM) i5-8250U CPU @ 1.60GHz","speed":839,"times":{"user":14909000,"nice":4400,"sys":3404500,"idle":80622900,"irq":0}},{"model":"Intel(R) Core(TM) i5-8250U CPU @ 1.60GHz","speed":830,"times":{"user":15199000,"nice":22100,"sys":4204800,"idle":78876100,"irq":0}},{"model":"Intel(R) Core(TM) i5-8250U CPU @ 1.60GHz","speed":819,"times":{"user":14576000,"nice":3600,"sys":3705200,"idle":80538300,"irq":0}},{"model":"Intel(R) Core(TM) i5-8250U CPU @ 1.60GHz","speed":826,"times":{"user":14550200,"nice":3900,"sys":3539400,"idle":79920400,"irq":0}},{"model":"Intel(R) Core(TM) i5-8250U CPU @ 1.60GHz","speed":823,"times":{"user":14621600,"nice":4000,"sys":3511500,"idle":80815700,"irq":0}},{"model":"Intel(R) Core(TM) i5-8250U CPU @ 1.60GHz","speed":816,"times":{"user":14734000,"nice":3600,"sys":3763500,"idle":80337900,"irq":0}}]
Logs
Get: {"firstname":"John","lastname":"Doeu","email":"odfjidjcxv@fdfdfd.com","password":"fdfdfeew","created_at":"2019.6.23","licence_agree":true,"hashed_password":"48f20e0c2f64cf689f26de01e5f071be9fa6abe61daa1ab4c97a41988a69d669"}Server work on linux:Linux:x64
Site hostname: anarky
Server PC Info: {"uid":1000,"gid":1000,"username":"user","homedir":"/home/user","shell":"/bin/bash"}
[{"model":"Intel(R) Core(TM) i5-8250U CPU @ 1.60GHz","speed":822,"times":{"user":14836700,"nice":4500,"sys":3610600,"idle":80347800,"irq":0}},{"model":"Intel(R) Core(TM) i5-8250U CPU @ 1.60GHz","speed":829,"times":{"user":14922000,"nice":4600,"sys":3492200,"idle":80495800,"irq":0}},{"model":"Intel(R) Core(TM) i5-8250U CPU @ 1.60GHz","speed":839,"times":{"user":14909200,"nice":4400,"sys":3404600,"idle":80624600,"irq":0}},{"model":"Intel(R) Core(TM) i5-8250U CPU @ 1.60GHz","speed":837,"times":{"user":15199200,"nice":22100,"sys":4205000,"idle":78877800,"irq":0}},{"model":"Intel(R) Core(TM) i5-8250U CPU @ 1.60GHz","speed":827,"times":{"user":14576200,"nice":3600,"sys":3705300,"idle":80540000,"irq":0}},{"model":"Intel(R) Core(TM) i5-8250U CPU @ 1.60GHz","speed":829,"times":{"user":14550400,"nice":3900,"sys":3539600,"idle":79922100,"irq":0}},{"model":"Intel(R) Core(TM) i5-8250U CPU @ 1.60GHz","speed":812,"times":{"user":14621900,"nice":4000,"sys":3511600,"idle":80817400,"irq":0}},{"model":"Intel(R) Core(TM) i5-8250U CPU @ 1.60GHz","speed":831,"times":{"user":14734200,"nice":3600,"sys":3763600,"idle":80339500,"irq":0}}]
Logs
Get: {"firstname":"John","lastname":"Doeu","email":"odfjidjcxv@fdfdfd.com","password":"fdfdfeew","created_at":"2019.6.23","licence_agree":true,"hashed_password":"48f20e0c2f64cf689f26de01e5f071be9fa6abe61daa1ab4c97a41988a69d669"}Server work on linux:Linux:x64
Site hostname: anarky
Server PC Info: {"uid":1000,"gid":1000,"username":"user","homedir":"/home/user","shell":"/bin/bash"}
[{"model":"Intel(R) Core(TM) i5-8250U CPU @ 1.60GHz","speed":799,"times":{"user":14837000,"nice":4500,"sys":3610600,"idle":80349700,"irq":0}},{"model":"Intel(R) Core(TM) i5-8250U CPU @ 1.60GHz","speed":799,"times":{"user":14922400,"nice":4600,"sys":3492200,"idle":80497600,"irq":0}},{"model":"Intel(R) Core(TM) i5-8250U CPU @ 1.60GHz","speed":799,"times":{"user":14909300,"nice":4400,"sys":3404600,"idle":80626600,"irq":0}},{"model":"Intel(R) Core(TM) i5-8250U CPU @ 1.60GHz","speed":798,"times":{"user":15199400,"nice":22100,"sys":4205200,"idle":78879600,"irq":0}},{"model":"Intel(R) Core(TM) i5-8250U CPU @ 1.60GHz","speed":799,"times":{"user":14576500,"nice":3600,"sys":3705300,"idle":80541900,"irq":0}},{"model":"Intel(R) Core(TM) i5-8250U CPU @ 1.60GHz","speed":799,"times":{"user":14550600,"nice":3900,"sys":3539600,"idle":79924100,"irq":0}},{"model":"Intel(R) Core(TM) i5-8250U CPU @ 1.60GHz","speed":799,"times":{"user":14622300,"nice":4000,"sys":3511600,"idle":80819200,"irq":0}},{"model":"Intel(R) Core(TM) i5-8250U CPU @ 1.60GHz","speed":799,"times":{"user":14734400,"nice":3600,"sys":3763700,"idle":80341400,"irq":0}}]
Logs
Get: {"firstname":"John","lastname":"Doeu","email":"odfjidjcxv@fdfdfd.com","password":"fdfdfeew","created_at":"2019.6.23","licence_agree":true,"hashed_password":"48f20e0c2f64cf689f26de01e5f071be9fa6abe61daa1ab4c97a41988a69d669"}Server work on linux:Linux:x64
Site hostname: anarky
Server PC Info: {"uid":1000,"gid":1000,"username":"user","homedir":"/home/user","shell":"/bin/bash"}
[{"model":"Intel(R) Core(TM) i5-8250U CPU @ 1.60GHz","speed":821,"times":{"user":14837200,"nice":4500,"sys":3610700,"idle":80351200,"irq":0}},{"model":"Intel(R) Core(TM) i5-8250U CPU @ 1.60GHz","speed":862,"times":{"user":14922600,"nice":4600,"sys":3492300,"idle":80499000,"irq":0}},{"model":"Intel(R) Core(TM) i5-8250U CPU @ 1.60GHz","speed":817,"times":{"user":14909500,"nice":4400,"sys":3404600,"idle":80628100,"irq":0}},{"model":"Intel(R) Core(TM) i5-8250U CPU @ 1.60GHz","speed":817,"times":{"user":15199600,"nice":22100,"sys":4205300,"idle":78881000,"irq":0}},{"model":"Intel(R) Core(TM) i5-8250U CPU @ 1.60GHz","speed":805,"times":{"user":14576800,"nice":3600,"sys":3705400,"idle":80543400,"irq":0}},{"model":"Intel(R) Core(TM) i5-8250U CPU @ 1.60GHz","speed":822,"times":{"user":14550900,"nice":3900,"sys":3539700,"idle":79925400,"irq":0}},{"model":"Intel(R) Core(TM) i5-8250U CPU @ 1.60GHz","speed":804,"times":{"user":14622500,"nice":4000,"sys":3511700,"idle":80820600,"irq":0}},{"model":"Intel(R) Core(TM) i5-8250U CPU @ 1.60GHz","speed":812,"times":{"user":14734600,"nice":3600,"sys":3763700,"idle":80342900,"irq":0}}]
Logs
Get: {"firstname":"John","lastname":"Doeu","email":"odfjidjcxv@fdfdfd.com","password":"fdfdfeew","created_at":"2019.6.23","licence_agree":true,"hashed_password":"48f20e0c2f64cf689f26de01e5f071be9fa6abe61daa1ab4c97a41988a69d669"}Server work on linux:Linux:x64
Site hostname: anarky
Server PC Info: {"uid":1000,"gid":1000,"username":"user","homedir":"/home/user","shell":"/bin/bash"}
[{"model":"Intel(R) Core(TM) i5-8250U CPU @ 1.60GHz","speed":801,"times":{"user":14837300,"nice":4500,"sys":3610800,"idle":80352600,"irq":0}},{"model":"Intel(R) Core(TM) i5-8250U CPU @ 1.60GHz","speed":800,"times":{"user":14923000,"nice":4600,"sys":3492400,"idle":80500400,"irq":0}},{"model":"Intel(R) Core(TM) i5-8250U CPU @ 1.60GHz","speed":800,"times":{"user":14909700,"nice":4400,"sys":3404700,"idle":80629600,"irq":0}},{"model":"Intel(R) Core(TM) i5-8250U CPU @ 1.60GHz","speed":799,"times":{"user":15200000,"nice":22100,"sys":4205300,"idle":78882400,"irq":0}},{"model":"Intel(R) Core(TM) i5-8250U CPU @ 1.60GHz","speed":802,"times":{"user":14577000,"nice":3600,"sys":3705500,"idle":80544800,"irq":0}},{"model":"Intel(R) Core(TM) i5-8250U CPU @ 1.60GHz","speed":800,"times":{"user":14551100,"nice":3900,"sys":3539800,"idle":79927000,"irq":0}},{"model":"Intel(R) Core(TM) i5-8250U CPU @ 1.60GHz","speed":800,"times":{"user":14622800,"nice":4000,"sys":3511800,"idle":80822100,"irq":0}},{"model":"Intel(R) Core(TM) i5-8250U CPU @ 1.60GHz","speed":800,"times":{"user":14734800,"nice":3600,"sys":3763900,"idle":80344300,"irq":0}}]
Logs
Get: {"firstname":"John","lastname":"Doeu","email":"odfjidjcxv@fdfdfd.com","password":"fdfdfeew","created_at":"2019.6.23","licence_agree":true,"hashed_password":"48f20e0c2f64cf689f26de01e5f071be9fa6abe61daa1ab4c97a41988a69d669"}Server work on linux:Linux:x64
Site hostname: anarky
Server PC Info: {"uid":1000,"gid":1000,"username":"user","homedir":"/home/user","shell":"/bin/bash"}
[{"model":"Intel(R) Core(TM) i5-8250U CPU @ 1.60GHz","speed":800,"times":{"user":14837500,"nice":4500,"sys":3610800,"idle":80354100,"irq":0}},{"model":"Intel(R) Core(TM) i5-8250U CPU @ 1.60GHz","speed":800,"times":{"user":14923200,"nice":4600,"sys":3492500,"idle":80501800,"irq":0}},{"model":"Intel(R) Core(TM) i5-8250U CPU @ 1.60GHz","speed":800,"times":{"user":14910000,"nice":4400,"sys":3404800,"idle":80631000,"irq":0}},{"model":"Intel(R) Core(TM) i5-8250U CPU @ 1.60GHz","speed":799,"times":{"user":15200200,"nice":22100,"sys":4205400,"idle":78883700,"irq":0}},{"model":"Intel(R) Core(TM) i5-8250U CPU @ 1.60GHz","speed":799,"times":{"user":14577300,"nice":3600,"sys":3705600,"idle":80546200,"irq":0}},{"model":"Intel(R) Core(TM) i5-8250U CPU @ 1.60GHz","speed":799,"times":{"user":14551400,"nice":3900,"sys":3539800,"idle":79928300,"irq":0}},{"model":"Intel(R) Core(TM) i5-8250U CPU @ 1.60GHz","speed":800,"times":{"user":14622900,"nice":4000,"sys":3512000,"idle":80823500,"irq":0}},{"model":"Intel(R) Core(TM) i5-8250U CPU @ 1.60GHz","speed":799,"times":{"user":14734900,"nice":3600,"sys":3764000,"idle":80345700,"irq":0}}]
Logs
Get: {"firstname":"John","lastname":"Doeu","email":"odfjidjcxv@fdfdfd.com","password":"fdfdfeew","created_at":"2019.6.23","licence_agree":true,"hashed_password":"48f20e0c2f64cf689f26de01e5f071be9fa6abe61daa1ab4c97a41988a69d669"}Server work on linux:Linux:x64
Site hostname: anarky
Server PC Info: {"uid":1000,"gid":1000,"username":"user","homedir":"/home/user","shell":"/bin/bash"}
[{"model":"Intel(R) Core(TM) i5-8250U CPU @ 1.60GHz","speed":800,"times":{"user":14837700,"nice":4500,"sys":3611000,"idle":80355800,"irq":0}},{"model":"Intel(R) Core(TM) i5-8250U CPU @ 1.60GHz","speed":801,"times":{"user":14923600,"nice":4600,"sys":3492600,"idle":80503500,"irq":0}},{"model":"Intel(R) Core(TM) i5-8250U CPU @ 1.60GHz","speed":800,"times":{"user":14910300,"nice":4400,"sys":3404900,"idle":80632700,"irq":0}},{"model":"Intel(R) Core(TM) i5-8250U CPU @ 1.60GHz","speed":800,"times":{"user":15200500,"nice":22100,"sys":4205500,"idle":78885400,"irq":0}},{"model":"Intel(R) Core(TM) i5-8250U CPU @ 1.60GHz","speed":799,"times":{"user":14577700,"nice":3600,"sys":3705600,"idle":80547800,"irq":0}},{"model":"Intel(R) Core(TM) i5-8250U CPU @ 1.60GHz","speed":800,"times":{"user":14551700,"nice":3900,"sys":3540000,"idle":79930000,"irq":0}},{"model":"Intel(R) Core(TM) i5-8250U CPU @ 1.60GHz","speed":799,"times":{"user":14623100,"nice":4000,"sys":3512200,"idle":80825300,"irq":0}},{"model":"Intel(R) Core(TM) i5-8250U CPU @ 1.60GHz","speed":800,"times":{"user":14735200,"nice":3600,"sys":3764000,"idle":80347600,"irq":0}}]
Logs
Get: {"firstname":"John","lastname":"Doeu","email":"odfjidjcxv@fdfdfd.com","password":"fdfdfeew","created_at":"2019.6.23","licence_agree":true,"hashed_password":"48f20e0c2f64cf689f26de01e5f071be9fa6abe61daa1ab4c97a41988a69d669"}