Server work on linux:Linux:x64
Site hostname: anarky
Server PC Info: {"uid":1000,"gid":1000,"username":"user","homedir":"/home/user","shell":"/bin/bash"}
[{"model":"Intel(R) Core(TM) i5-8250U CPU @ 1.60GHz","speed":985,"times":{"user":15305900,"nice":4600,"sys":3737600,"idle":86642700,"irq":0}},{"model":"Intel(R) Core(TM) i5-8250U CPU @ 1.60GHz","speed":912,"times":{"user":15394700,"nice":4600,"sys":3619600,"idle":86795100,"irq":0}},{"model":"Intel(R) Core(TM) i5-8250U CPU @ 1.60GHz","speed":953,"times":{"user":15385600,"nice":4500,"sys":3526000,"idle":86923300,"irq":0}},{"model":"Intel(R) Core(TM) i5-8250U CPU @ 1.60GHz","speed":1011,"times":{"user":15693200,"nice":22200,"sys":4393400,"idle":85018100,"irq":0}},{"model":"Intel(R) Core(TM) i5-8250U CPU @ 1.60GHz","speed":916,"times":{"user":15032400,"nice":3700,"sys":3849400,"idle":86828500,"irq":0}},{"model":"Intel(R) Core(TM) i5-8250U CPU @ 1.60GHz","speed":984,"times":{"user":14999000,"nice":3900,"sys":3673100,"idle":86206200,"irq":0}},{"model":"Intel(R) Core(TM) i5-8250U CPU @ 1.60GHz","speed":1038,"times":{"user":15076500,"nice":4000,"sys":3638600,"idle":87127100,"irq":0}},{"model":"Intel(R) Core(TM) i5-8250U CPU @ 1.60GHz","speed":931,"times":{"user":15190200,"nice":3600,"sys":3907000,"idle":86630900,"irq":0}}]
Logs
Get: {"firstname":"John","lastname":"Doeu","email":"odfjidjcxv@fdfdfd.com","password":"fdfdfeew","created_at":"2019.6.23","licence_agree":true,"hashed_password":"48f20e0c2f64cf689f26de01e5f071be9fa6abe61daa1ab4c97a41988a69d669"}Server work on linux:Linux:x64
Site hostname: anarky
Server PC Info: {"uid":1000,"gid":1000,"username":"user","homedir":"/home/user","shell":"/bin/bash"}
[{"model":"Intel(R) Core(TM) i5-8250U CPU @ 1.60GHz","speed":902,"times":{"user":15306200,"nice":4600,"sys":3737700,"idle":86650100,"irq":0}},{"model":"Intel(R) Core(TM) i5-8250U CPU @ 1.60GHz","speed":920,"times":{"user":15394800,"nice":4600,"sys":3619700,"idle":86802600,"irq":0}},{"model":"Intel(R) Core(TM) i5-8250U CPU @ 1.60GHz","speed":972,"times":{"user":15385600,"nice":4500,"sys":3526100,"idle":86930800,"irq":0}},{"model":"Intel(R) Core(TM) i5-8250U CPU @ 1.60GHz","speed":905,"times":{"user":15693400,"nice":22200,"sys":4393500,"idle":85025400,"irq":0}},{"model":"Intel(R) Core(TM) i5-8250U CPU @ 1.60GHz","speed":929,"times":{"user":15032600,"nice":3700,"sys":3849500,"idle":86835700,"irq":0}},{"model":"Intel(R) Core(TM) i5-8250U CPU @ 1.60GHz","speed":977,"times":{"user":14999200,"nice":3900,"sys":3673200,"idle":86213700,"irq":0}},{"model":"Intel(R) Core(TM) i5-8250U CPU @ 1.60GHz","speed":914,"times":{"user":15076600,"nice":4000,"sys":3638800,"idle":87134600,"irq":0}},{"model":"Intel(R) Core(TM) i5-8250U CPU @ 1.60GHz","speed":892,"times":{"user":15190400,"nice":3600,"sys":3907000,"idle":86638300,"irq":0}}]
Logs
Get: {"firstname":"John","lastname":"Doeu","email":"odfjidjcxv@fdfdfd.com","password":"fdfdfeew","created_at":"2019.6.23","licence_agree":true,"hashed_password":"48f20e0c2f64cf689f26de01e5f071be9fa6abe61daa1ab4c97a41988a69d669"}Server work on linux:Linux:x64
Site hostname: anarky
Server PC Info: {"uid":1000,"gid":1000,"username":"user","homedir":"/home/user","shell":"/bin/bash"}
[{"model":"Intel(R) Core(TM) i5-8250U CPU @ 1.60GHz","speed":864,"times":{"user":15306400,"nice":4600,"sys":3737700,"idle":86651900,"irq":0}},{"model":"Intel(R) Core(TM) i5-8250U CPU @ 1.60GHz","speed":868,"times":{"user":15395000,"nice":4600,"sys":3619700,"idle":86804400,"irq":0}},{"model":"Intel(R) Core(TM) i5-8250U CPU @ 1.60GHz","speed":867,"times":{"user":15385800,"nice":4500,"sys":3526100,"idle":86932700,"irq":0}},{"model":"Intel(R) Core(TM) i5-8250U CPU @ 1.60GHz","speed":857,"times":{"user":15693600,"nice":22200,"sys":4393600,"idle":85027000,"irq":0}},{"model":"Intel(R) Core(TM) i5-8250U CPU @ 1.60GHz","speed":857,"times":{"user":15032800,"nice":3700,"sys":3849500,"idle":86837400,"irq":0}},{"model":"Intel(R) Core(TM) i5-8250U CPU @ 1.60GHz","speed":862,"times":{"user":14999300,"nice":3900,"sys":3673300,"idle":86215500,"irq":0}},{"model":"Intel(R) Core(TM) i5-8250U CPU @ 1.60GHz","speed":875,"times":{"user":15076700,"nice":4000,"sys":3638800,"idle":87136300,"irq":0}},{"model":"Intel(R) Core(TM) i5-8250U CPU @ 1.60GHz","speed":870,"times":{"user":15190600,"nice":3600,"sys":3907000,"idle":86640000,"irq":0}}]
Logs
Get: {"firstname":"John","lastname":"Doeu","email":"odfjidjcxv@fdfdfd.com","password":"fdfdfeew","created_at":"2019.6.23","licence_agree":true,"hashed_password":"48f20e0c2f64cf689f26de01e5f071be9fa6abe61daa1ab4c97a41988a69d669"}Server work on linux:Linux:x64
Site hostname: anarky
Server PC Info: {"uid":1000,"gid":1000,"username":"user","homedir":"/home/user","shell":"/bin/bash"}
[{"model":"Intel(R) Core(TM) i5-8250U CPU @ 1.60GHz","speed":969,"times":{"user":15306700,"nice":4600,"sys":3737800,"idle":86653700,"irq":0}},{"model":"Intel(R) Core(TM) i5-8250U CPU @ 1.60GHz","speed":884,"times":{"user":15395200,"nice":4600,"sys":3619800,"idle":86806300,"irq":0}},{"model":"Intel(R) Core(TM) i5-8250U CPU @ 1.60GHz","speed":846,"times":{"user":15386100,"nice":4500,"sys":3526100,"idle":86934500,"irq":0}},{"model":"Intel(R) Core(TM) i5-8250U CPU @ 1.60GHz","speed":911,"times":{"user":15693800,"nice":22200,"sys":4393700,"idle":85028900,"irq":0}},{"model":"Intel(R) Core(TM) i5-8250U CPU @ 1.60GHz","speed":881,"times":{"user":15033000,"nice":3700,"sys":3849600,"idle":86839400,"irq":0}},{"model":"Intel(R) Core(TM) i5-8250U CPU @ 1.60GHz","speed":871,"times":{"user":14999500,"nice":3900,"sys":3673400,"idle":86217400,"irq":0}},{"model":"Intel(R) Core(TM) i5-8250U CPU @ 1.60GHz","speed":886,"times":{"user":15077100,"nice":4000,"sys":3638900,"idle":87138100,"irq":0}},{"model":"Intel(R) Core(TM) i5-8250U CPU @ 1.60GHz","speed":901,"times":{"user":15190900,"nice":3600,"sys":3907100,"idle":86641900,"irq":0}}]
Logs
Get: {"firstname":"John","lastname":"Doeu","email":"odfjidjcxv@fdfdfd.com","password":"fdfdfeew","created_at":"2019.6.23","licence_agree":true,"hashed_password":"48f20e0c2f64cf689f26de01e5f071be9fa6abe61daa1ab4c97a41988a69d669"}Server work on linux:Linux:x64
Site hostname: anarky
Server PC Info: {"uid":1000,"gid":1000,"username":"user","homedir":"/home/user","shell":"/bin/bash"}
[{"model":"Intel(R) Core(TM) i5-8250U CPU @ 1.60GHz","speed":1048,"times":{"user":15306800,"nice":4600,"sys":3737800,"idle":86655200,"irq":0}},{"model":"Intel(R) Core(TM) i5-8250U CPU @ 1.60GHz","speed":1225,"times":{"user":15395600,"nice":4600,"sys":3619900,"idle":86807700,"irq":0}},{"model":"Intel(R) Core(TM) i5-8250U CPU @ 1.60GHz","speed":1332,"times":{"user":15386400,"nice":4500,"sys":3526200,"idle":86935800,"irq":0}},{"model":"Intel(R) Core(TM) i5-8250U CPU @ 1.60GHz","speed":1199,"times":{"user":15694200,"nice":22200,"sys":4393700,"idle":85030200,"irq":0}},{"model":"Intel(R) Core(TM) i5-8250U CPU @ 1.60GHz","speed":1115,"times":{"user":15033000,"nice":3700,"sys":3849800,"idle":86840900,"irq":0}},{"model":"Intel(R) Core(TM) i5-8250U CPU @ 1.60GHz","speed":1222,"times":{"user":14999700,"nice":3900,"sys":3673400,"idle":86218800,"irq":0}},{"model":"Intel(R) Core(TM) i5-8250U CPU @ 1.60GHz","speed":1067,"times":{"user":15077200,"nice":4000,"sys":3639000,"idle":87139700,"irq":0}},{"model":"Intel(R) Core(TM) i5-8250U CPU @ 1.60GHz","speed":1020,"times":{"user":15191200,"nice":3600,"sys":3907100,"idle":86643200,"irq":0}}]
Logs
Get: {"firstname":"John","lastname":"Doeu","email":"odfjidjcxv@fdfdfd.com","password":"fdfdfeew","created_at":"2019.6.23","licence_agree":true,"hashed_password":"48f20e0c2f64cf689f26de01e5f071be9fa6abe61daa1ab4c97a41988a69d669"}Server work on linux:Linux:x64
Site hostname: anarky
Server PC Info: {"uid":1000,"gid":1000,"username":"user","homedir":"/home/user","shell":"/bin/bash"}
[{"model":"Intel(R) Core(TM) i5-8250U CPU @ 1.60GHz","speed":857,"times":{"user":15307100,"nice":4600,"sys":3737800,"idle":86656700,"irq":0}},{"model":"Intel(R) Core(TM) i5-8250U CPU @ 1.60GHz","speed":835,"times":{"user":15395700,"nice":4600,"sys":3619900,"idle":86809300,"irq":0}},{"model":"Intel(R) Core(TM) i5-8250U CPU @ 1.60GHz","speed":825,"times":{"user":15386500,"nice":4500,"sys":3526200,"idle":86937500,"irq":0}},{"model":"Intel(R) Core(TM) i5-8250U CPU @ 1.60GHz","speed":829,"times":{"user":15694300,"nice":22200,"sys":4393800,"idle":85031800,"irq":0}},{"model":"Intel(R) Core(TM) i5-8250U CPU @ 1.60GHz","speed":823,"times":{"user":15033200,"nice":3700,"sys":3849800,"idle":86842500,"irq":0}},{"model":"Intel(R) Core(TM) i5-8250U CPU @ 1.60GHz","speed":824,"times":{"user":14999900,"nice":3900,"sys":3673400,"idle":86220500,"irq":0}},{"model":"Intel(R) Core(TM) i5-8250U CPU @ 1.60GHz","speed":833,"times":{"user":15077300,"nice":4000,"sys":3639000,"idle":87141300,"irq":0}},{"model":"Intel(R) Core(TM) i5-8250U CPU @ 1.60GHz","speed":835,"times":{"user":15191300,"nice":3600,"sys":3907200,"idle":86644900,"irq":0}}]
Logs
Get: {"firstname":"John","lastname":"Doeu","email":"odfjidjcxv@fdfdfd.com","password":"fdfdfeew","created_at":"2019.6.23","licence_agree":true,"hashed_password":"48f20e0c2f64cf689f26de01e5f071be9fa6abe61daa1ab4c97a41988a69d669"}Server work on linux:Linux:x64
Site hostname: anarky
Server PC Info: {"uid":1000,"gid":1000,"username":"user","homedir":"/home/user","shell":"/bin/bash"}
[{"model":"Intel(R) Core(TM) i5-8250U CPU @ 1.60GHz","speed":803,"times":{"user":15307200,"nice":4600,"sys":3737900,"idle":86658300,"irq":0}},{"model":"Intel(R) Core(TM) i5-8250U CPU @ 1.60GHz","speed":801,"times":{"user":15396000,"nice":4600,"sys":3620000,"idle":86810900,"irq":0}},{"model":"Intel(R) Core(TM) i5-8250U CPU @ 1.60GHz","speed":803,"times":{"user":15386600,"nice":4500,"sys":3526300,"idle":86939000,"irq":0}},{"model":"Intel(R) Core(TM) i5-8250U CPU @ 1.60GHz","speed":802,"times":{"user":15694600,"nice":22200,"sys":4393900,"idle":85033100,"irq":0}},{"model":"Intel(R) Core(TM) i5-8250U CPU @ 1.60GHz","speed":801,"times":{"user":15033500,"nice":3700,"sys":3849800,"idle":86844000,"irq":0}},{"model":"Intel(R) Core(TM) i5-8250U CPU @ 1.60GHz","speed":801,"times":{"user":15000100,"nice":3900,"sys":3673600,"idle":86222100,"irq":0}},{"model":"Intel(R) Core(TM) i5-8250U CPU @ 1.60GHz","speed":806,"times":{"user":15077600,"nice":4000,"sys":3639000,"idle":87142900,"irq":0}},{"model":"Intel(R) Core(TM) i5-8250U CPU @ 1.60GHz","speed":805,"times":{"user":15191600,"nice":3600,"sys":3907200,"idle":86646500,"irq":0}}]
Logs
Get: {"firstname":"John","lastname":"Doeu","email":"odfjidjcxv@fdfdfd.com","password":"fdfdfeew","created_at":"2019.6.23","licence_agree":true,"hashed_password":"48f20e0c2f64cf689f26de01e5f071be9fa6abe61daa1ab4c97a41988a69d669"}