Server work on linux:Linux:x64
Site hostname: anarky
Server PC Info: {"uid":1000,"gid":1000,"username":"user","homedir":"/home/user","shell":"/bin/bash"}
[{"model":"Intel(R) Core(TM) i5-8250U CPU @ 1.60GHz","speed":800,"times":{"user":15080000,"nice":4600,"sys":3678800,"idle":83070900,"irq":0}},{"model":"Intel(R) Core(TM) i5-8250U CPU @ 1.60GHz","speed":799,"times":{"user":15167400,"nice":4600,"sys":3558800,"idle":83221400,"irq":0}},{"model":"Intel(R) Core(TM) i5-8250U CPU @ 1.60GHz","speed":800,"times":{"user":15149600,"nice":4500,"sys":3468400,"idle":83357200,"irq":0}},{"model":"Intel(R) Core(TM) i5-8250U CPU @ 1.60GHz","speed":800,"times":{"user":15459300,"nice":22200,"sys":4298400,"idle":81535200,"irq":0}},{"model":"Intel(R) Core(TM) i5-8250U CPU @ 1.60GHz","speed":800,"times":{"user":14815900,"nice":3700,"sys":3778600,"idle":83263600,"irq":0}},{"model":"Intel(R) Core(TM) i5-8250U CPU @ 1.60GHz","speed":801,"times":{"user":14784000,"nice":3900,"sys":3609000,"idle":82639600,"irq":0}},{"model":"Intel(R) Core(TM) i5-8250U CPU @ 1.60GHz","speed":800,"times":{"user":14861500,"nice":4000,"sys":3579700,"idle":83546700,"irq":0}},{"model":"Intel(R) Core(TM) i5-8250U CPU @ 1.60GHz","speed":800,"times":{"user":14961600,"nice":3600,"sys":3840800,"idle":83070300,"irq":0}}]
Logs
Get: {"firstname":"John","lastname":"Doeu","email":"odfjidjcxv@fdfdfd.com","password":"fdfdfeew","created_at":"2019.6.23","licence_agree":true,"hashed_password":"48f20e0c2f64cf689f26de01e5f071be9fa6abe61daa1ab4c97a41988a69d669"}Server work on linux:Linux:x64
Site hostname: anarky
Server PC Info: {"uid":1000,"gid":1000,"username":"user","homedir":"/home/user","shell":"/bin/bash"}
[{"model":"Intel(R) Core(TM) i5-8250U CPU @ 1.60GHz","speed":800,"times":{"user":15080200,"nice":4600,"sys":3679000,"idle":83081200,"irq":0}},{"model":"Intel(R) Core(TM) i5-8250U CPU @ 1.60GHz","speed":800,"times":{"user":15167600,"nice":4600,"sys":3559000,"idle":83231800,"irq":0}},{"model":"Intel(R) Core(TM) i5-8250U CPU @ 1.60GHz","speed":800,"times":{"user":15150300,"nice":4500,"sys":3468400,"idle":83367200,"irq":0}},{"model":"Intel(R) Core(TM) i5-8250U CPU @ 1.60GHz","speed":800,"times":{"user":15460000,"nice":22200,"sys":4298700,"idle":81545100,"irq":0}},{"model":"Intel(R) Core(TM) i5-8250U CPU @ 1.60GHz","speed":800,"times":{"user":14816200,"nice":3700,"sys":3778900,"idle":83273800,"irq":0}},{"model":"Intel(R) Core(TM) i5-8250U CPU @ 1.60GHz","speed":800,"times":{"user":14784100,"nice":3900,"sys":3609300,"idle":82650000,"irq":0}},{"model":"Intel(R) Core(TM) i5-8250U CPU @ 1.60GHz","speed":800,"times":{"user":14861600,"nice":4000,"sys":3580000,"idle":83557100,"irq":0}},{"model":"Intel(R) Core(TM) i5-8250U CPU @ 1.60GHz","speed":800,"times":{"user":14961900,"nice":3600,"sys":3841000,"idle":83080500,"irq":0}}]
Logs
Get: {"firstname":"John","lastname":"Doeu","email":"odfjidjcxv@fdfdfd.com","password":"fdfdfeew","created_at":"2019.6.23","licence_agree":true,"hashed_password":"48f20e0c2f64cf689f26de01e5f071be9fa6abe61daa1ab4c97a41988a69d669"}Server work on linux:Linux:x64
Site hostname: anarky
Server PC Info: {"uid":1000,"gid":1000,"username":"user","homedir":"/home/user","shell":"/bin/bash"}
[{"model":"Intel(R) Core(TM) i5-8250U CPU @ 1.60GHz","speed":884,"times":{"user":15080300,"nice":4600,"sys":3679000,"idle":83081700,"irq":0}},{"model":"Intel(R) Core(TM) i5-8250U CPU @ 1.60GHz","speed":940,"times":{"user":15167800,"nice":4600,"sys":3559000,"idle":83232200,"irq":0}},{"model":"Intel(R) Core(TM) i5-8250U CPU @ 1.60GHz","speed":978,"times":{"user":15150400,"nice":4500,"sys":3468400,"idle":83367700,"irq":0}},{"model":"Intel(R) Core(TM) i5-8250U CPU @ 1.60GHz","speed":904,"times":{"user":15460100,"nice":22200,"sys":4298800,"idle":81545500,"irq":0}},{"model":"Intel(R) Core(TM) i5-8250U CPU @ 1.60GHz","speed":927,"times":{"user":14816300,"nice":3700,"sys":3778900,"idle":83274400,"irq":0}},{"model":"Intel(R) Core(TM) i5-8250U CPU @ 1.60GHz","speed":934,"times":{"user":14784200,"nice":3900,"sys":3609300,"idle":82650600,"irq":0}},{"model":"Intel(R) Core(TM) i5-8250U CPU @ 1.60GHz","speed":1013,"times":{"user":14861700,"nice":4000,"sys":3580000,"idle":83557600,"irq":0}},{"model":"Intel(R) Core(TM) i5-8250U CPU @ 1.60GHz","speed":900,"times":{"user":14962000,"nice":3600,"sys":3841000,"idle":83081000,"irq":0}}]
Logs
Get: {"firstname":"John","lastname":"Doeu","email":"odfjidjcxv@fdfdfd.com","password":"fdfdfeew","created_at":"2019.6.23","licence_agree":true,"hashed_password":"48f20e0c2f64cf689f26de01e5f071be9fa6abe61daa1ab4c97a41988a69d669"}Server work on linux:Linux:x64
Site hostname: anarky
Server PC Info: {"uid":1000,"gid":1000,"username":"user","homedir":"/home/user","shell":"/bin/bash"}
[{"model":"Intel(R) Core(TM) i5-8250U CPU @ 1.60GHz","speed":863,"times":{"user":15080400,"nice":4600,"sys":3679100,"idle":83084000,"irq":0}},{"model":"Intel(R) Core(TM) i5-8250U CPU @ 1.60GHz","speed":910,"times":{"user":15168200,"nice":4600,"sys":3559100,"idle":83234400,"irq":0}},{"model":"Intel(R) Core(TM) i5-8250U CPU @ 1.60GHz","speed":996,"times":{"user":15150600,"nice":4500,"sys":3468600,"idle":83370000,"irq":0}},{"model":"Intel(R) Core(TM) i5-8250U CPU @ 1.60GHz","speed":886,"times":{"user":15460400,"nice":22200,"sys":4298800,"idle":81547800,"irq":0}},{"model":"Intel(R) Core(TM) i5-8250U CPU @ 1.60GHz","speed":943,"times":{"user":14816400,"nice":3700,"sys":3779000,"idle":83276700,"irq":0}},{"model":"Intel(R) Core(TM) i5-8250U CPU @ 1.60GHz","speed":884,"times":{"user":14784300,"nice":3900,"sys":3609400,"idle":82652900,"irq":0}},{"model":"Intel(R) Core(TM) i5-8250U CPU @ 1.60GHz","speed":891,"times":{"user":14862000,"nice":4000,"sys":3580000,"idle":83559900,"irq":0}},{"model":"Intel(R) Core(TM) i5-8250U CPU @ 1.60GHz","speed":843,"times":{"user":14962200,"nice":3600,"sys":3841100,"idle":83083300,"irq":0}}]
Logs
Get: {"firstname":"John","lastname":"Doeu","email":"odfjidjcxv@fdfdfd.com","password":"fdfdfeew","created_at":"2019.6.23","licence_agree":true,"hashed_password":"48f20e0c2f64cf689f26de01e5f071be9fa6abe61daa1ab4c97a41988a69d669"}Server work on linux:Linux:x64
Site hostname: anarky
Server PC Info: {"uid":1000,"gid":1000,"username":"user","homedir":"/home/user","shell":"/bin/bash"}
[{"model":"Intel(R) Core(TM) i5-8250U CPU @ 1.60GHz","speed":840,"times":{"user":15080700,"nice":4600,"sys":3679200,"idle":83086100,"irq":0}},{"model":"Intel(R) Core(TM) i5-8250U CPU @ 1.60GHz","speed":901,"times":{"user":15168400,"nice":4600,"sys":3559200,"idle":83236500,"irq":0}},{"model":"Intel(R) Core(TM) i5-8250U CPU @ 1.60GHz","speed":859,"times":{"user":15151000,"nice":4500,"sys":3468600,"idle":83372000,"irq":0}},{"model":"Intel(R) Core(TM) i5-8250U CPU @ 1.60GHz","speed":906,"times":{"user":15460600,"nice":22200,"sys":4298900,"idle":81549900,"irq":0}},{"model":"Intel(R) Core(TM) i5-8250U CPU @ 1.60GHz","speed":882,"times":{"user":14816600,"nice":3700,"sys":3779100,"idle":83278800,"irq":0}},{"model":"Intel(R) Core(TM) i5-8250U CPU @ 1.60GHz","speed":888,"times":{"user":14784600,"nice":3900,"sys":3609400,"idle":82654900,"irq":0}},{"model":"Intel(R) Core(TM) i5-8250U CPU @ 1.60GHz","speed":861,"times":{"user":14862200,"nice":4000,"sys":3580000,"idle":83562100,"irq":0}},{"model":"Intel(R) Core(TM) i5-8250U CPU @ 1.60GHz","speed":897,"times":{"user":14962400,"nice":3600,"sys":3841300,"idle":83085400,"irq":0}}]
Logs
Get: {"firstname":"John","lastname":"Doeu","email":"odfjidjcxv@fdfdfd.com","password":"fdfdfeew","created_at":"2019.6.23","licence_agree":true,"hashed_password":"48f20e0c2f64cf689f26de01e5f071be9fa6abe61daa1ab4c97a41988a69d669"}Server work on linux:Linux:x64
Site hostname: anarky
Server PC Info: {"uid":1000,"gid":1000,"username":"user","homedir":"/home/user","shell":"/bin/bash"}
[{"model":"Intel(R) Core(TM) i5-8250U CPU @ 1.60GHz","speed":863,"times":{"user":15080800,"nice":4600,"sys":3679400,"idle":83087900,"irq":0}},{"model":"Intel(R) Core(TM) i5-8250U CPU @ 1.60GHz","speed":870,"times":{"user":15168700,"nice":4600,"sys":3559400,"idle":83238200,"irq":0}},{"model":"Intel(R) Core(TM) i5-8250U CPU @ 1.60GHz","speed":857,"times":{"user":15151400,"nice":4500,"sys":3468700,"idle":83373700,"irq":0}},{"model":"Intel(R) Core(TM) i5-8250U CPU @ 1.60GHz","speed":859,"times":{"user":15460900,"nice":22200,"sys":4299000,"idle":81551600,"irq":0}},{"model":"Intel(R) Core(TM) i5-8250U CPU @ 1.60GHz","speed":851,"times":{"user":14816800,"nice":3700,"sys":3779200,"idle":83280600,"irq":0}},{"model":"Intel(R) Core(TM) i5-8250U CPU @ 1.60GHz","speed":879,"times":{"user":14784800,"nice":3900,"sys":3609500,"idle":82656700,"irq":0}},{"model":"Intel(R) Core(TM) i5-8250U CPU @ 1.60GHz","speed":857,"times":{"user":14862200,"nice":4000,"sys":3580100,"idle":83563900,"irq":0}},{"model":"Intel(R) Core(TM) i5-8250U CPU @ 1.60GHz","speed":859,"times":{"user":14962600,"nice":3600,"sys":3841300,"idle":83087100,"irq":0}}]
Logs
Get: {"firstname":"John","lastname":"Doeu","email":"odfjidjcxv@fdfdfd.com","password":"fdfdfeew","created_at":"2019.6.23","licence_agree":true,"hashed_password":"48f20e0c2f64cf689f26de01e5f071be9fa6abe61daa1ab4c97a41988a69d669"}Server work on linux:Linux:x64
Site hostname: anarky
Server PC Info: {"uid":1000,"gid":1000,"username":"user","homedir":"/home/user","shell":"/bin/bash"}
[{"model":"Intel(R) Core(TM) i5-8250U CPU @ 1.60GHz","speed":853,"times":{"user":15081000,"nice":4600,"sys":3679500,"idle":83089500,"irq":0}},{"model":"Intel(R) Core(TM) i5-8250U CPU @ 1.60GHz","speed":841,"times":{"user":15169000,"nice":4600,"sys":3559600,"idle":83239700,"irq":0}},{"model":"Intel(R) Core(TM) i5-8250U CPU @ 1.60GHz","speed":843,"times":{"user":15151500,"nice":4500,"sys":3468800,"idle":83375400,"irq":0}},{"model":"Intel(R) Core(TM) i5-8250U CPU @ 1.60GHz","speed":841,"times":{"user":15461200,"nice":22200,"sys":4299100,"idle":81553200,"irq":0}},{"model":"Intel(R) Core(TM) i5-8250U CPU @ 1.60GHz","speed":836,"times":{"user":14817100,"nice":3700,"sys":3779400,"idle":83282100,"irq":0}},{"model":"Intel(R) Core(TM) i5-8250U CPU @ 1.60GHz","speed":838,"times":{"user":14785100,"nice":3900,"sys":3609600,"idle":82658200,"irq":0}},{"model":"Intel(R) Core(TM) i5-8250U CPU @ 1.60GHz","speed":847,"times":{"user":14862600,"nice":4000,"sys":3580100,"idle":83565400,"irq":0}},{"model":"Intel(R) Core(TM) i5-8250U CPU @ 1.60GHz","speed":859,"times":{"user":14962700,"nice":3600,"sys":3841400,"idle":83088700,"irq":0}}]
Logs
Get: {"firstname":"John","lastname":"Doeu","email":"odfjidjcxv@fdfdfd.com","password":"fdfdfeew","created_at":"2019.6.23","licence_agree":true,"hashed_password":"48f20e0c2f64cf689f26de01e5f071be9fa6abe61daa1ab4c97a41988a69d669"}Server work on linux:Linux:x64
Site hostname: anarky
Server PC Info: {"uid":1000,"gid":1000,"username":"user","homedir":"/home/user","shell":"/bin/bash"}
[{"model":"Intel(R) Core(TM) i5-8250U CPU @ 1.60GHz","speed":900,"times":{"user":15081400,"nice":4600,"sys":3679500,"idle":83091100,"irq":0}},{"model":"Intel(R) Core(TM) i5-8250U CPU @ 1.60GHz","speed":900,"times":{"user":15169300,"nice":4600,"sys":3559600,"idle":83241400,"irq":0}},{"model":"Intel(R) Core(TM) i5-8250U CPU @ 1.60GHz","speed":912,"times":{"user":15151700,"nice":4500,"sys":3468900,"idle":83377200,"irq":0}},{"model":"Intel(R) Core(TM) i5-8250U CPU @ 1.60GHz","speed":888,"times":{"user":15461400,"nice":22200,"sys":4299100,"idle":81554900,"irq":0}},{"model":"Intel(R) Core(TM) i5-8250U CPU @ 1.60GHz","speed":868,"times":{"user":14817400,"nice":3700,"sys":3779600,"idle":83283700,"irq":0}},{"model":"Intel(R) Core(TM) i5-8250U CPU @ 1.60GHz","speed":917,"times":{"user":14785200,"nice":3900,"sys":3609800,"idle":82660000,"irq":0}},{"model":"Intel(R) Core(TM) i5-8250U CPU @ 1.60GHz","speed":925,"times":{"user":14862800,"nice":4000,"sys":3580200,"idle":83567100,"irq":0}},{"model":"Intel(R) Core(TM) i5-8250U CPU @ 1.60GHz","speed":892,"times":{"user":14962900,"nice":3600,"sys":3841400,"idle":83090400,"irq":0}}]
Logs
Get: {"firstname":"John","lastname":"Doeu","email":"odfjidjcxv@fdfdfd.com","password":"fdfdfeew","created_at":"2019.6.23","licence_agree":true,"hashed_password":"48f20e0c2f64cf689f26de01e5f071be9fa6abe61daa1ab4c97a41988a69d669"}