Server work on linux:Linux:x64
Site hostname: anarky
Server PC Info: {"uid":1000,"gid":1000,"username":"user","homedir":"/home/user","shell":"/bin/bash"}
[{"model":"Intel(R) Core(TM) i5-8250U CPU @ 1.60GHz","speed":1803,"times":{"user":14827400,"nice":4500,"sys":3606000,"idle":80185200,"irq":0}},{"model":"Intel(R) Core(TM) i5-8250U CPU @ 1.60GHz","speed":1811,"times":{"user":14910800,"nice":4600,"sys":3488500,"idle":80333600,"irq":0}},{"model":"Intel(R) Core(TM) i5-8250U CPU @ 1.60GHz","speed":1569,"times":{"user":14897900,"nice":4400,"sys":3401100,"idle":80462900,"irq":0}},{"model":"Intel(R) Core(TM) i5-8250U CPU @ 1.60GHz","speed":1859,"times":{"user":15187800,"nice":22100,"sys":4199600,"idle":78722100,"irq":0}},{"model":"Intel(R) Core(TM) i5-8250U CPU @ 1.60GHz","speed":1723,"times":{"user":14566800,"nice":3600,"sys":3699700,"idle":80379500,"irq":0}},{"model":"Intel(R) Core(TM) i5-8250U CPU @ 1.60GHz","speed":1782,"times":{"user":14541200,"nice":3900,"sys":3536700,"idle":79760000,"irq":0}},{"model":"Intel(R) Core(TM) i5-8250U CPU @ 1.60GHz","speed":1906,"times":{"user":14610600,"nice":4000,"sys":3507900,"idle":80655400,"irq":0}},{"model":"Intel(R) Core(TM) i5-8250U CPU @ 1.60GHz","speed":1613,"times":{"user":14724200,"nice":3600,"sys":3758900,"idle":80178300,"irq":0}}]
Logs
Get: {"firstname":"John","lastname":"Doeu","email":"odfjidjcxv@fdfdfd.com","password":"fdfdfeew","created_at":"2019.6.23","licence_agree":true,"hashed_password":"48f20e0c2f64cf689f26de01e5f071be9fa6abe61daa1ab4c97a41988a69d669"}Server work on linux:Linux:x64
Site hostname: anarky
Server PC Info: {"uid":1000,"gid":1000,"username":"user","homedir":"/home/user","shell":"/bin/bash"}
[{"model":"Intel(R) Core(TM) i5-8250U CPU @ 1.60GHz","speed":957,"times":{"user":14827600,"nice":4500,"sys":3606100,"idle":80191600,"irq":0}},{"model":"Intel(R) Core(TM) i5-8250U CPU @ 1.60GHz","speed":887,"times":{"user":14911000,"nice":4600,"sys":3488500,"idle":80339900,"irq":0}},{"model":"Intel(R) Core(TM) i5-8250U CPU @ 1.60GHz","speed":899,"times":{"user":14898100,"nice":4400,"sys":3401200,"idle":80469400,"irq":0}},{"model":"Intel(R) Core(TM) i5-8250U CPU @ 1.60GHz","speed":915,"times":{"user":15188100,"nice":22100,"sys":4199700,"idle":78728500,"irq":0}},{"model":"Intel(R) Core(TM) i5-8250U CPU @ 1.60GHz","speed":941,"times":{"user":14566800,"nice":3600,"sys":3699700,"idle":80386000,"irq":0}},{"model":"Intel(R) Core(TM) i5-8250U CPU @ 1.60GHz","speed":926,"times":{"user":14541300,"nice":3900,"sys":3536900,"idle":79766400,"irq":0}},{"model":"Intel(R) Core(TM) i5-8250U CPU @ 1.60GHz","speed":1040,"times":{"user":14610800,"nice":4000,"sys":3508000,"idle":80661900,"irq":0}},{"model":"Intel(R) Core(TM) i5-8250U CPU @ 1.60GHz","speed":1098,"times":{"user":14724500,"nice":3600,"sys":3758900,"idle":80184800,"irq":0}}]
Logs
Get: {"firstname":"John","lastname":"Doeu","email":"odfjidjcxv@fdfdfd.com","password":"fdfdfeew","created_at":"2019.6.23","licence_agree":true,"hashed_password":"48f20e0c2f64cf689f26de01e5f071be9fa6abe61daa1ab4c97a41988a69d669"}Server work on linux:Linux:x64
Site hostname: anarky
Server PC Info: {"uid":1000,"gid":1000,"username":"user","homedir":"/home/user","shell":"/bin/bash"}
[{"model":"Intel(R) Core(TM) i5-8250U CPU @ 1.60GHz","speed":800,"times":{"user":14828000,"nice":4500,"sys":3606300,"idle":80201400,"irq":0}},{"model":"Intel(R) Core(TM) i5-8250U CPU @ 1.60GHz","speed":800,"times":{"user":14911600,"nice":4600,"sys":3488600,"idle":80349700,"irq":0}},{"model":"Intel(R) Core(TM) i5-8250U CPU @ 1.60GHz","speed":800,"times":{"user":14898600,"nice":4400,"sys":3401300,"idle":80479200,"irq":0}},{"model":"Intel(R) Core(TM) i5-8250U CPU @ 1.60GHz","speed":800,"times":{"user":15188600,"nice":22100,"sys":4199800,"idle":78737900,"irq":0}},{"model":"Intel(R) Core(TM) i5-8250U CPU @ 1.60GHz","speed":800,"times":{"user":14567400,"nice":3600,"sys":3700000,"idle":80395600,"irq":0}},{"model":"Intel(R) Core(TM) i5-8250U CPU @ 1.60GHz","speed":800,"times":{"user":14541800,"nice":3900,"sys":3536900,"idle":79776100,"irq":0}},{"model":"Intel(R) Core(TM) i5-8250U CPU @ 1.60GHz","speed":800,"times":{"user":14610900,"nice":4000,"sys":3508200,"idle":80671800,"irq":0}},{"model":"Intel(R) Core(TM) i5-8250U CPU @ 1.60GHz","speed":799,"times":{"user":14725000,"nice":3600,"sys":3759100,"idle":80194600,"irq":0}}]
Logs
Get: {"firstname":"John","lastname":"Doeu","email":"odfjidjcxv@fdfdfd.com","password":"fdfdfeew","created_at":"2019.6.23","licence_agree":true,"hashed_password":"48f20e0c2f64cf689f26de01e5f071be9fa6abe61daa1ab4c97a41988a69d669"}Server work on linux:Linux:x64
Site hostname: anarky
Server PC Info: {"uid":1000,"gid":1000,"username":"user","homedir":"/home/user","shell":"/bin/bash"}
[{"model":"Intel(R) Core(TM) i5-8250U CPU @ 1.60GHz","speed":895,"times":{"user":14829400,"nice":4500,"sys":3607100,"idle":80245200,"irq":0}},{"model":"Intel(R) Core(TM) i5-8250U CPU @ 1.60GHz","speed":899,"times":{"user":14913500,"nice":4600,"sys":3489200,"idle":80393300,"irq":0}},{"model":"Intel(R) Core(TM) i5-8250U CPU @ 1.60GHz","speed":880,"times":{"user":14900300,"nice":4400,"sys":3402000,"idle":80522500,"irq":0}},{"model":"Intel(R) Core(TM) i5-8250U CPU @ 1.60GHz","speed":899,"times":{"user":15190700,"nice":22100,"sys":4200900,"idle":78779500,"irq":0}},{"model":"Intel(R) Core(TM) i5-8250U CPU @ 1.60GHz","speed":888,"times":{"user":14569600,"nice":3600,"sys":3700900,"idle":80438100,"irq":0}},{"model":"Intel(R) Core(TM) i5-8250U CPU @ 1.60GHz","speed":897,"times":{"user":14543500,"nice":3900,"sys":3537300,"idle":79819400,"irq":0}},{"model":"Intel(R) Core(TM) i5-8250U CPU @ 1.60GHz","speed":899,"times":{"user":14612500,"nice":4000,"sys":3508600,"idle":80715400,"irq":0}},{"model":"Intel(R) Core(TM) i5-8250U CPU @ 1.60GHz","speed":893,"times":{"user":14726800,"nice":3600,"sys":3759600,"idle":80237900,"irq":0}}]
Logs
Get: {"firstname":"John","lastname":"Doeu","email":"odfjidjcxv@fdfdfd.com","password":"fdfdfeew","created_at":"2019.6.23","licence_agree":true,"hashed_password":"48f20e0c2f64cf689f26de01e5f071be9fa6abe61daa1ab4c97a41988a69d669"}Server work on linux:Linux:x64
Site hostname: anarky
Server PC Info: {"uid":1000,"gid":1000,"username":"user","homedir":"/home/user","shell":"/bin/bash"}
[{"model":"Intel(R) Core(TM) i5-8250U CPU @ 1.60GHz","speed":955,"times":{"user":14829500,"nice":4500,"sys":3607300,"idle":80254700,"irq":0}},{"model":"Intel(R) Core(TM) i5-8250U CPU @ 1.60GHz","speed":933,"times":{"user":14913700,"nice":4600,"sys":3489400,"idle":80402900,"irq":0}},{"model":"Intel(R) Core(TM) i5-8250U CPU @ 1.60GHz","speed":964,"times":{"user":14900600,"nice":4400,"sys":3402100,"idle":80532200,"irq":0}},{"model":"Intel(R) Core(TM) i5-8250U CPU @ 1.60GHz","speed":901,"times":{"user":15191000,"nice":22100,"sys":4201200,"idle":78788600,"irq":0}},{"model":"Intel(R) Core(TM) i5-8250U CPU @ 1.60GHz","speed":959,"times":{"user":14570000,"nice":3600,"sys":3701000,"idle":80447500,"irq":0}},{"model":"Intel(R) Core(TM) i5-8250U CPU @ 1.60GHz","speed":932,"times":{"user":14543600,"nice":3900,"sys":3537400,"idle":79829000,"irq":0}},{"model":"Intel(R) Core(TM) i5-8250U CPU @ 1.60GHz","speed":977,"times":{"user":14612700,"nice":4000,"sys":3508600,"idle":80725100,"irq":0}},{"model":"Intel(R) Core(TM) i5-8250U CPU @ 1.60GHz","speed":934,"times":{"user":14727000,"nice":3600,"sys":3759600,"idle":80247600,"irq":0}}]
Logs
Get: {"firstname":"John","lastname":"Doeu","email":"odfjidjcxv@fdfdfd.com","password":"fdfdfeew","created_at":"2019.6.23","licence_agree":true,"hashed_password":"48f20e0c2f64cf689f26de01e5f071be9fa6abe61daa1ab4c97a41988a69d669"}