Server work on linux:Linux:x64
Site hostname: anarky
Server PC Info: {"uid":1000,"gid":1000,"username":"user","homedir":"/home/user","shell":"/bin/bash"}
[{"model":"Intel(R) Core(TM) i5-8250U CPU @ 1.60GHz","speed":900,"times":{"user":15134500,"nice":4600,"sys":3690600,"idle":83651200,"irq":0}},{"model":"Intel(R) Core(TM) i5-8250U CPU @ 1.60GHz","speed":900,"times":{"user":15226200,"nice":4600,"sys":3571600,"idle":83798100,"irq":0}},{"model":"Intel(R) Core(TM) i5-8250U CPU @ 1.60GHz","speed":900,"times":{"user":15214000,"nice":4500,"sys":3479800,"idle":83930500,"irq":0}},{"model":"Intel(R) Core(TM) i5-8250U CPU @ 1.60GHz","speed":900,"times":{"user":15512300,"nice":22200,"sys":4315800,"idle":82103000,"irq":0}},{"model":"Intel(R) Core(TM) i5-8250U CPU @ 1.60GHz","speed":900,"times":{"user":14866100,"nice":3700,"sys":3793200,"idle":83845100,"irq":0}},{"model":"Intel(R) Core(TM) i5-8250U CPU @ 1.60GHz","speed":900,"times":{"user":14833000,"nice":3900,"sys":3621600,"idle":83221800,"irq":0}},{"model":"Intel(R) Core(TM) i5-8250U CPU @ 1.60GHz","speed":900,"times":{"user":14912800,"nice":4000,"sys":3591000,"idle":84131300,"irq":0}},{"model":"Intel(R) Core(TM) i5-8250U CPU @ 1.60GHz","speed":900,"times":{"user":15018100,"nice":3600,"sys":3853000,"idle":83647700,"irq":0}}]
Logs
Get: {"firstname":"John","lastname":"Doeu","email":"odfjidjcxv@fdfdfd.com","password":"fdfdfeew","created_at":"2019.6.23","licence_agree":true,"hashed_password":"48f20e0c2f64cf689f26de01e5f071be9fa6abe61daa1ab4c97a41988a69d669"}Server work on linux:Linux:x64
Site hostname: anarky
Server PC Info: {"uid":1000,"gid":1000,"username":"user","homedir":"/home/user","shell":"/bin/bash"}
[{"model":"Intel(R) Core(TM) i5-8250U CPU @ 1.60GHz","speed":900,"times":{"user":15135300,"nice":4600,"sys":3690700,"idle":83665700,"irq":0}},{"model":"Intel(R) Core(TM) i5-8250U CPU @ 1.60GHz","speed":900,"times":{"user":15226800,"nice":4600,"sys":3571900,"idle":83812700,"irq":0}},{"model":"Intel(R) Core(TM) i5-8250U CPU @ 1.60GHz","speed":900,"times":{"user":15214500,"nice":4500,"sys":3480000,"idle":83945000,"irq":0}},{"model":"Intel(R) Core(TM) i5-8250U CPU @ 1.60GHz","speed":900,"times":{"user":15512400,"nice":22200,"sys":4316200,"idle":82117200,"irq":0}},{"model":"Intel(R) Core(TM) i5-8250U CPU @ 1.60GHz","speed":900,"times":{"user":14866600,"nice":3700,"sys":3793500,"idle":83859500,"irq":0}},{"model":"Intel(R) Core(TM) i5-8250U CPU @ 1.60GHz","speed":900,"times":{"user":14833300,"nice":3900,"sys":3621800,"idle":83236400,"irq":0}},{"model":"Intel(R) Core(TM) i5-8250U CPU @ 1.60GHz","speed":900,"times":{"user":14913000,"nice":4000,"sys":3591100,"idle":84146100,"irq":0}},{"model":"Intel(R) Core(TM) i5-8250U CPU @ 1.60GHz","speed":900,"times":{"user":15018400,"nice":3600,"sys":3853200,"idle":83662200,"irq":0}}]
Logs
Get: {"firstname":"John","lastname":"Doeu","email":"odfjidjcxv@fdfdfd.com","password":"fdfdfeew","created_at":"2019.6.23","licence_agree":true,"hashed_password":"48f20e0c2f64cf689f26de01e5f071be9fa6abe61daa1ab4c97a41988a69d669"}Server work on linux:Linux:x64
Site hostname: anarky
Server PC Info: {"uid":1000,"gid":1000,"username":"user","homedir":"/home/user","shell":"/bin/bash"}
[{"model":"Intel(R) Core(TM) i5-8250U CPU @ 1.60GHz","speed":800,"times":{"user":15136300,"nice":4600,"sys":3691500,"idle":83693100,"irq":0}},{"model":"Intel(R) Core(TM) i5-8250U CPU @ 1.60GHz","speed":800,"times":{"user":15227900,"nice":4600,"sys":3572600,"idle":83840200,"irq":0}},{"model":"Intel(R) Core(TM) i5-8250U CPU @ 1.60GHz","speed":800,"times":{"user":15216200,"nice":4500,"sys":3480300,"idle":83972200,"irq":0}},{"model":"Intel(R) Core(TM) i5-8250U CPU @ 1.60GHz","speed":800,"times":{"user":15513900,"nice":22200,"sys":4317000,"idle":82143400,"irq":0}},{"model":"Intel(R) Core(TM) i5-8250U CPU @ 1.60GHz","speed":800,"times":{"user":14868700,"nice":3700,"sys":3794200,"idle":83886400,"irq":0}},{"model":"Intel(R) Core(TM) i5-8250U CPU @ 1.60GHz","speed":800,"times":{"user":14834800,"nice":3900,"sys":3622100,"idle":83263700,"irq":0}},{"model":"Intel(R) Core(TM) i5-8250U CPU @ 1.60GHz","speed":800,"times":{"user":14916000,"nice":4000,"sys":3591400,"idle":84172100,"irq":0}},{"model":"Intel(R) Core(TM) i5-8250U CPU @ 1.60GHz","speed":800,"times":{"user":15019800,"nice":3600,"sys":3853900,"idle":83689600,"irq":0}}]
Logs
Get: {"firstname":"John","lastname":"Doeu","email":"odfjidjcxv@fdfdfd.com","password":"fdfdfeew","created_at":"2019.6.23","licence_agree":true,"hashed_password":"48f20e0c2f64cf689f26de01e5f071be9fa6abe61daa1ab4c97a41988a69d669"}Server work on linux:Linux:x64
Site hostname: anarky
Server PC Info: {"uid":1000,"gid":1000,"username":"user","homedir":"/home/user","shell":"/bin/bash"}
[{"model":"Intel(R) Core(TM) i5-8250U CPU @ 1.60GHz","speed":800,"times":{"user":15147900,"nice":4600,"sys":3695800,"idle":83914400,"irq":0}},{"model":"Intel(R) Core(TM) i5-8250U CPU @ 1.60GHz","speed":800,"times":{"user":15240800,"nice":4600,"sys":3576600,"idle":84061200,"irq":0}},{"model":"Intel(R) Core(TM) i5-8250U CPU @ 1.60GHz","speed":800,"times":{"user":15227500,"nice":4500,"sys":3484200,"idle":84194000,"irq":0}},{"model":"Intel(R) Core(TM) i5-8250U CPU @ 1.60GHz","speed":800,"times":{"user":15528900,"nice":22200,"sys":4323000,"idle":82356300,"irq":0}},{"model":"Intel(R) Core(TM) i5-8250U CPU @ 1.60GHz","speed":799,"times":{"user":14880800,"nice":3700,"sys":3798800,"idle":84106000,"irq":0}},{"model":"Intel(R) Core(TM) i5-8250U CPU @ 1.60GHz","speed":800,"times":{"user":14847400,"nice":3900,"sys":3627200,"idle":83483700,"irq":0}},{"model":"Intel(R) Core(TM) i5-8250U CPU @ 1.60GHz","speed":800,"times":{"user":14927700,"nice":4000,"sys":3595900,"idle":84392900,"irq":0}},{"model":"Intel(R) Core(TM) i5-8250U CPU @ 1.60GHz","speed":800,"times":{"user":15033000,"nice":3600,"sys":3858500,"idle":83909100,"irq":0}}]
Logs
Get: {"firstname":"John","lastname":"Doeu","email":"odfjidjcxv@fdfdfd.com","password":"fdfdfeew","created_at":"2019.6.23","licence_agree":true,"hashed_password":"48f20e0c2f64cf689f26de01e5f071be9fa6abe61daa1ab4c97a41988a69d669"}Server work on linux:Linux:x64
Site hostname: anarky
Server PC Info: {"uid":1000,"gid":1000,"username":"user","homedir":"/home/user","shell":"/bin/bash"}
[{"model":"Intel(R) Core(TM) i5-8250U CPU @ 1.60GHz","speed":812,"times":{"user":15148100,"nice":4600,"sys":3695900,"idle":83918600,"irq":0}},{"model":"Intel(R) Core(TM) i5-8250U CPU @ 1.60GHz","speed":809,"times":{"user":15241000,"nice":4600,"sys":3576700,"idle":84065400,"irq":0}},{"model":"Intel(R) Core(TM) i5-8250U CPU @ 1.60GHz","speed":802,"times":{"user":15227700,"nice":4500,"sys":3484400,"idle":84198200,"irq":0}},{"model":"Intel(R) Core(TM) i5-8250U CPU @ 1.60GHz","speed":807,"times":{"user":15529000,"nice":22200,"sys":4323200,"idle":82360400,"irq":0}},{"model":"Intel(R) Core(TM) i5-8250U CPU @ 1.60GHz","speed":809,"times":{"user":14880800,"nice":3700,"sys":3798800,"idle":84110300,"irq":0}},{"model":"Intel(R) Core(TM) i5-8250U CPU @ 1.60GHz","speed":814,"times":{"user":14847500,"nice":3900,"sys":3627300,"idle":83487900,"irq":0}},{"model":"Intel(R) Core(TM) i5-8250U CPU @ 1.60GHz","speed":805,"times":{"user":14927800,"nice":4000,"sys":3595900,"idle":84397200,"irq":0}},{"model":"Intel(R) Core(TM) i5-8250U CPU @ 1.60GHz","speed":802,"times":{"user":15033200,"nice":3600,"sys":3858600,"idle":83913200,"irq":0}}]
Logs
Get: {"firstname":"John","lastname":"Doeu","email":"odfjidjcxv@fdfdfd.com","password":"fdfdfeew","created_at":"2019.6.23","licence_agree":true,"hashed_password":"48f20e0c2f64cf689f26de01e5f071be9fa6abe61daa1ab4c97a41988a69d669"}Server work on linux:Linux:x64
Site hostname: anarky
Server PC Info: {"uid":1000,"gid":1000,"username":"user","homedir":"/home/user","shell":"/bin/bash"}
[{"model":"Intel(R) Core(TM) i5-8250U CPU @ 1.60GHz","speed":800,"times":{"user":15148400,"nice":4600,"sys":3696000,"idle":83920300,"irq":0}},{"model":"Intel(R) Core(TM) i5-8250U CPU @ 1.60GHz","speed":800,"times":{"user":15241100,"nice":4600,"sys":3576800,"idle":84067200,"irq":0}},{"model":"Intel(R) Core(TM) i5-8250U CPU @ 1.60GHz","speed":800,"times":{"user":15228000,"nice":4500,"sys":3484400,"idle":84200000,"irq":0}},{"model":"Intel(R) Core(TM) i5-8250U CPU @ 1.60GHz","speed":800,"times":{"user":15529200,"nice":22200,"sys":4323200,"idle":82362100,"irq":0}},{"model":"Intel(R) Core(TM) i5-8250U CPU @ 1.60GHz","speed":800,"times":{"user":14880900,"nice":3700,"sys":3799000,"idle":84112000,"irq":0}},{"model":"Intel(R) Core(TM) i5-8250U CPU @ 1.60GHz","speed":802,"times":{"user":14847600,"nice":3900,"sys":3627400,"idle":83489700,"irq":0}},{"model":"Intel(R) Core(TM) i5-8250U CPU @ 1.60GHz","speed":800,"times":{"user":14927800,"nice":4000,"sys":3596000,"idle":84399000,"irq":0}},{"model":"Intel(R) Core(TM) i5-8250U CPU @ 1.60GHz","speed":800,"times":{"user":15033400,"nice":3600,"sys":3858600,"idle":83915000,"irq":0}}]
Logs
Get: {"firstname":"John","lastname":"Doeu","email":"odfjidjcxv@fdfdfd.com","password":"fdfdfeew","created_at":"2019.6.23","licence_agree":true,"hashed_password":"48f20e0c2f64cf689f26de01e5f071be9fa6abe61daa1ab4c97a41988a69d669"}Server work on linux:Linux:x64
Site hostname: anarky
Server PC Info: {"uid":1000,"gid":1000,"username":"user","homedir":"/home/user","shell":"/bin/bash"}
[{"model":"Intel(R) Core(TM) i5-8250U CPU @ 1.60GHz","speed":799,"times":{"user":15148600,"nice":4600,"sys":3696000,"idle":83921800,"irq":0}},{"model":"Intel(R) Core(TM) i5-8250U CPU @ 1.60GHz","speed":799,"times":{"user":15241400,"nice":4600,"sys":3576800,"idle":84068700,"irq":0}},{"model":"Intel(R) Core(TM) i5-8250U CPU @ 1.60GHz","speed":800,"times":{"user":15228000,"nice":4500,"sys":3484400,"idle":84201600,"irq":0}},{"model":"Intel(R) Core(TM) i5-8250U CPU @ 1.60GHz","speed":798,"times":{"user":15529300,"nice":22200,"sys":4323300,"idle":82363600,"irq":0}},{"model":"Intel(R) Core(TM) i5-8250U CPU @ 1.60GHz","speed":799,"times":{"user":14881000,"nice":3700,"sys":3799000,"idle":84113600,"irq":0}},{"model":"Intel(R) Core(TM) i5-8250U CPU @ 1.60GHz","speed":799,"times":{"user":14847800,"nice":3900,"sys":3627400,"idle":83491200,"irq":0}},{"model":"Intel(R) Core(TM) i5-8250U CPU @ 1.60GHz","speed":800,"times":{"user":14928000,"nice":4000,"sys":3596000,"idle":84400500,"irq":0}},{"model":"Intel(R) Core(TM) i5-8250U CPU @ 1.60GHz","speed":799,"times":{"user":15033400,"nice":3600,"sys":3858600,"idle":83916600,"irq":0}}]
Logs
Get: {"firstname":"John","lastname":"Doeu","email":"odfjidjcxv@fdfdfd.com","password":"fdfdfeew","created_at":"2019.6.23","licence_agree":true,"hashed_password":"48f20e0c2f64cf689f26de01e5f071be9fa6abe61daa1ab4c97a41988a69d669"}Server work on linux:Linux:x64
Site hostname: anarky
Server PC Info: {"uid":1000,"gid":1000,"username":"user","homedir":"/home/user","shell":"/bin/bash"}
[{"model":"Intel(R) Core(TM) i5-8250U CPU @ 1.60GHz","speed":800,"times":{"user":15148700,"nice":4600,"sys":3696000,"idle":83923400,"irq":0}},{"model":"Intel(R) Core(TM) i5-8250U CPU @ 1.60GHz","speed":799,"times":{"user":15241400,"nice":4600,"sys":3576800,"idle":84070400,"irq":0}},{"model":"Intel(R) Core(TM) i5-8250U CPU @ 1.60GHz","speed":799,"times":{"user":15228100,"nice":4500,"sys":3484500,"idle":84203200,"irq":0}},{"model":"Intel(R) Core(TM) i5-8250U CPU @ 1.60GHz","speed":798,"times":{"user":15529500,"nice":22200,"sys":4323400,"idle":82365200,"irq":0}},{"model":"Intel(R) Core(TM) i5-8250U CPU @ 1.60GHz","speed":799,"times":{"user":14881100,"nice":3700,"sys":3799000,"idle":84115200,"irq":0}},{"model":"Intel(R) Core(TM) i5-8250U CPU @ 1.60GHz","speed":798,"times":{"user":14847900,"nice":3900,"sys":3627600,"idle":83492800,"irq":0}},{"model":"Intel(R) Core(TM) i5-8250U CPU @ 1.60GHz","speed":799,"times":{"user":14928200,"nice":4000,"sys":3596100,"idle":84402200,"irq":0}},{"model":"Intel(R) Core(TM) i5-8250U CPU @ 1.60GHz","speed":799,"times":{"user":15033700,"nice":3600,"sys":3858600,"idle":83918100,"irq":0}}]
Logs
Get: {"firstname":"John","lastname":"Doeu","email":"odfjidjcxv@fdfdfd.com","password":"fdfdfeew","created_at":"2019.6.23","licence_agree":true,"hashed_password":"48f20e0c2f64cf689f26de01e5f071be9fa6abe61daa1ab4c97a41988a69d669"}