Server work on linux:Linux:x64
Site hostname: anarky
Server PC Info: {"uid":1000,"gid":1000,"username":"user","homedir":"/home/user","shell":"/bin/bash"}
[{"model":"Intel(R) Core(TM) i5-8250U CPU @ 1.60GHz","speed":800,"times":{"user":509400,"nice":1300,"sys":138800,"idle":9548900,"irq":0}},{"model":"Intel(R) Core(TM) i5-8250U CPU @ 1.60GHz","speed":800,"times":{"user":554300,"nice":600,"sys":146400,"idle":9509700,"irq":0}},{"model":"Intel(R) Core(TM) i5-8250U CPU @ 1.60GHz","speed":799,"times":{"user":554200,"nice":500,"sys":148300,"idle":9521000,"irq":0}},{"model":"Intel(R) Core(TM) i5-8250U CPU @ 1.60GHz","speed":800,"times":{"user":569100,"nice":25500,"sys":139200,"idle":9395000,"irq":0}},{"model":"Intel(R) Core(TM) i5-8250U CPU @ 1.60GHz","speed":800,"times":{"user":498800,"nice":300,"sys":179800,"idle":9498600,"irq":0}},{"model":"Intel(R) Core(TM) i5-8250U CPU @ 1.60GHz","speed":800,"times":{"user":509700,"nice":500,"sys":148800,"idle":9532000,"irq":0}},{"model":"Intel(R) Core(TM) i5-8250U CPU @ 1.60GHz","speed":799,"times":{"user":530000,"nice":400,"sys":143800,"idle":9540300,"irq":0}},{"model":"Intel(R) Core(TM) i5-8250U CPU @ 1.60GHz","speed":800,"times":{"user":531600,"nice":200,"sys":140800,"idle":9522900,"irq":0}}]
Logs
{"_id":"be036131d2cd047290683cfa85f6885638597c84085fe9eb8d32d428e6346c58","task":"kicked on vibrating clock.","created_at":"2019.6.23"}Server work on linux:Linux:x64
Site hostname: anarky
Server PC Info: {"uid":1000,"gid":1000,"username":"user","homedir":"/home/user","shell":"/bin/bash"}
[{"model":"Intel(R) Core(TM) i5-8250U CPU @ 1.60GHz","speed":883,"times":{"user":511100,"nice":1300,"sys":139300,"idle":9586700,"irq":0}},{"model":"Intel(R) Core(TM) i5-8250U CPU @ 1.60GHz","speed":882,"times":{"user":555400,"nice":600,"sys":147000,"idle":9547900,"irq":0}},{"model":"Intel(R) Core(TM) i5-8250U CPU @ 1.60GHz","speed":885,"times":{"user":555200,"nice":500,"sys":148900,"idle":9559300,"irq":0}},{"model":"Intel(R) Core(TM) i5-8250U CPU @ 1.60GHz","speed":872,"times":{"user":570400,"nice":25500,"sys":139500,"idle":9432300,"irq":0}},{"model":"Intel(R) Core(TM) i5-8250U CPU @ 1.60GHz","speed":887,"times":{"user":500100,"nice":300,"sys":181000,"idle":9536300,"irq":0}},{"model":"Intel(R) Core(TM) i5-8250U CPU @ 1.60GHz","speed":884,"times":{"user":511200,"nice":500,"sys":149600,"idle":9569900,"irq":0}},{"model":"Intel(R) Core(TM) i5-8250U CPU @ 1.60GHz","speed":894,"times":{"user":531800,"nice":400,"sys":144300,"idle":9577600,"irq":0}},{"model":"Intel(R) Core(TM) i5-8250U CPU @ 1.60GHz","speed":878,"times":{"user":533200,"nice":200,"sys":141300,"idle":9560800,"irq":0}}]
Logs
{"_id":"ba1a07575c1b18becda86488a1a03af258bffcf8b968c350edb35fb1a456e1c6","task":"died towards rough old lady.","created_at":"2019.6.23"}Server work on linux:Linux:x64
Site hostname: anarky
Server PC Info: {"uid":1000,"gid":1000,"username":"user","homedir":"/home/user","shell":"/bin/bash"}
[{"model":"Intel(R) Core(TM) i5-8250U CPU @ 1.60GHz","speed":816,"times":{"user":511600,"nice":1300,"sys":139400,"idle":9587900,"irq":0}},{"model":"Intel(R) Core(TM) i5-8250U CPU @ 1.60GHz","speed":805,"times":{"user":556400,"nice":600,"sys":147100,"idle":9548900,"irq":0}},{"model":"Intel(R) Core(TM) i5-8250U CPU @ 1.60GHz","speed":814,"times":{"user":555800,"nice":500,"sys":149100,"idle":9560500,"irq":0}},{"model":"Intel(R) Core(TM) i5-8250U CPU @ 1.60GHz","speed":810,"times":{"user":571100,"nice":25500,"sys":139600,"idle":9433300,"irq":0}},{"model":"Intel(R) Core(TM) i5-8250U CPU @ 1.60GHz","speed":807,"times":{"user":500600,"nice":300,"sys":181100,"idle":9537500,"irq":0}},{"model":"Intel(R) Core(TM) i5-8250U CPU @ 1.60GHz","speed":808,"times":{"user":511800,"nice":500,"sys":149700,"idle":9570900,"irq":0}},{"model":"Intel(R) Core(TM) i5-8250U CPU @ 1.60GHz","speed":811,"times":{"user":532400,"nice":400,"sys":144400,"idle":9578800,"irq":0}},{"model":"Intel(R) Core(TM) i5-8250U CPU @ 1.60GHz","speed":810,"times":{"user":533900,"nice":200,"sys":141400,"idle":9561900,"irq":0}}]
Logs
{"_id":"76b3e31d9d2f029142bf616f06c2a6811e9a9c4de22268ed00663fb9f8c116a0","task":"dodged above vibrating hamster.","created_at":"2019.6.23"}Server work on linux:Linux:x64
Site hostname: anarky
Server PC Info: {"uid":1000,"gid":1000,"username":"user","homedir":"/home/user","shell":"/bin/bash"}
[{"model":"Intel(R) Core(TM) i5-8250U CPU @ 1.60GHz","speed":835,"times":{"user":520300,"nice":1300,"sys":142300,"idle":9736700,"irq":0}},{"model":"Intel(R) Core(TM) i5-8250U CPU @ 1.60GHz","speed":839,"times":{"user":569300,"nice":600,"sys":150500,"idle":9692500,"irq":0}},{"model":"Intel(R) Core(TM) i5-8250U CPU @ 1.60GHz","speed":823,"times":{"user":564000,"nice":500,"sys":152100,"idle":9709300,"irq":0}},{"model":"Intel(R) Core(TM) i5-8250U CPU @ 1.60GHz","speed":823,"times":{"user":581800,"nice":25500,"sys":142200,"idle":9577300,"irq":0}},{"model":"Intel(R) Core(TM) i5-8250U CPU @ 1.60GHz","speed":821,"times":{"user":507500,"nice":300,"sys":184800,"idle":9686400,"irq":0}},{"model":"Intel(R) Core(TM) i5-8250U CPU @ 1.60GHz","speed":843,"times":{"user":518000,"nice":500,"sys":153000,"idle":9720700,"irq":0}},{"model":"Intel(R) Core(TM) i5-8250U CPU @ 1.60GHz","speed":840,"times":{"user":541700,"nice":400,"sys":147200,"idle":9726900,"irq":0}},{"model":"Intel(R) Core(TM) i5-8250U CPU @ 1.60GHz","speed":838,"times":{"user":542800,"nice":200,"sys":144300,"idle":9710200,"irq":0}}]
Logs
{"_id":"0e8fdcabfd6d4218098b68173c63028945078399cc190d0847ba7adda6a35fec","task":"ran through slimy clock.","created_at":"2019.6.23"}Server work on linux:Linux:x64
Site hostname: anarky
Server PC Info: {"uid":1000,"gid":1000,"username":"user","homedir":"/home/user","shell":"/bin/bash"}
[{"model":"Intel(R) Core(TM) i5-8250U CPU @ 1.60GHz","speed":807,"times":{"user":520900,"nice":1300,"sys":142300,"idle":9739400,"irq":0}},{"model":"Intel(R) Core(TM) i5-8250U CPU @ 1.60GHz","speed":818,"times":{"user":569700,"nice":600,"sys":150600,"idle":9695500,"irq":0}},{"model":"Intel(R) Core(TM) i5-8250U CPU @ 1.60GHz","speed":813,"times":{"user":564400,"nice":500,"sys":152200,"idle":9712200,"irq":0}},{"model":"Intel(R) Core(TM) i5-8250U CPU @ 1.60GHz","speed":810,"times":{"user":582400,"nice":25500,"sys":142400,"idle":9579800,"irq":0}},{"model":"Intel(R) Core(TM) i5-8250U CPU @ 1.60GHz","speed":816,"times":{"user":507900,"nice":300,"sys":185000,"idle":9689200,"irq":0}},{"model":"Intel(R) Core(TM) i5-8250U CPU @ 1.60GHz","speed":805,"times":{"user":518700,"nice":500,"sys":153200,"idle":9723300,"irq":0}},{"model":"Intel(R) Core(TM) i5-8250U CPU @ 1.60GHz","speed":811,"times":{"user":542000,"nice":400,"sys":147400,"idle":9729900,"irq":0}},{"model":"Intel(R) Core(TM) i5-8250U CPU @ 1.60GHz","speed":804,"times":{"user":543300,"nice":200,"sys":144500,"idle":9712900,"irq":0}}]
Logs
{"_id":"1bb62661b1c22f426b6efe8e9b4c9c63d04e83b912041938ef0754333e3d8aa8","task":"sliced upon vibrating bird.","created_at":"2019.6.23"}Server work on linux:Linux:x64
Site hostname: anarky
Server PC Info: {"uid":1000,"gid":1000,"username":"user","homedir":"/home/user","shell":"/bin/bash"}
[{"model":"Intel(R) Core(TM) i5-8250U CPU @ 1.60GHz","speed":800,"times":{"user":522000,"nice":1300,"sys":142300,"idle":9740200,"irq":0}},{"model":"Intel(R) Core(TM) i5-8250U CPU @ 1.60GHz","speed":800,"times":{"user":570200,"nice":600,"sys":150800,"idle":9696800,"irq":0}},{"model":"Intel(R) Core(TM) i5-8250U CPU @ 1.60GHz","speed":800,"times":{"user":565100,"nice":500,"sys":152300,"idle":9713300,"irq":0}},{"model":"Intel(R) Core(TM) i5-8250U CPU @ 1.60GHz","speed":800,"times":{"user":582800,"nice":25500,"sys":142500,"idle":9581200,"irq":0}},{"model":"Intel(R) Core(TM) i5-8250U CPU @ 1.60GHz","speed":800,"times":{"user":508600,"nice":300,"sys":185300,"idle":9690200,"irq":0}},{"model":"Intel(R) Core(TM) i5-8250U CPU @ 1.60GHz","speed":799,"times":{"user":519400,"nice":500,"sys":153400,"idle":9724400,"irq":0}},{"model":"Intel(R) Core(TM) i5-8250U CPU @ 1.60GHz","speed":800,"times":{"user":542500,"nice":400,"sys":147600,"idle":9731100,"irq":0}},{"model":"Intel(R) Core(TM) i5-8250U CPU @ 1.60GHz","speed":800,"times":{"user":544000,"nice":200,"sys":144800,"idle":9714000,"irq":0}}]
Logs
{"_id":"798168d93049120ebbaadb071af359f65dda87c1ac77ac62a9a6b9f5873575e5","task":"ran down vibrating old lady.","created_at":"2019.6.23"}Server work on linux:Linux:x64
Site hostname: anarky
Server PC Info: {"uid":1000,"gid":1000,"username":"user","homedir":"/home/user","shell":"/bin/bash"}
[{"model":"Intel(R) Core(TM) i5-8250U CPU @ 1.60GHz","speed":800,"times":{"user":522600,"nice":1300,"sys":142400,"idle":9741000,"irq":0}},{"model":"Intel(R) Core(TM) i5-8250U CPU @ 1.60GHz","speed":800,"times":{"user":570800,"nice":600,"sys":150900,"idle":9697600,"irq":0}},{"model":"Intel(R) Core(TM) i5-8250U CPU @ 1.60GHz","speed":799,"times":{"user":566000,"nice":500,"sys":152400,"idle":9714000,"irq":0}},{"model":"Intel(R) Core(TM) i5-8250U CPU @ 1.60GHz","speed":799,"times":{"user":583200,"nice":25500,"sys":142800,"idle":9582000,"irq":0}},{"model":"Intel(R) Core(TM) i5-8250U CPU @ 1.60GHz","speed":800,"times":{"user":509200,"nice":300,"sys":185500,"idle":9691000,"irq":0}},{"model":"Intel(R) Core(TM) i5-8250U CPU @ 1.60GHz","speed":799,"times":{"user":520000,"nice":500,"sys":153400,"idle":9725200,"irq":0}},{"model":"Intel(R) Core(TM) i5-8250U CPU @ 1.60GHz","speed":799,"times":{"user":543200,"nice":400,"sys":147700,"idle":9731900,"irq":0}},{"model":"Intel(R) Core(TM) i5-8250U CPU @ 1.60GHz","speed":799,"times":{"user":544800,"nice":200,"sys":144800,"idle":9714700,"irq":0}}]
Logs
{"_id":"f503472459f3a2a04fc28e6eeef0c17c99fc3ca566738548a49c2a94c230b38a","task":"killed into lovely professor.","created_at":"2019.6.23"}Server work on linux:Linux:x64
Site hostname: anarky
Server PC Info: {"uid":1000,"gid":1000,"username":"user","homedir":"/home/user","shell":"/bin/bash"}
[{"model":"Intel(R) Core(TM) i5-8250U CPU @ 1.60GHz","speed":900,"times":{"user":523400,"nice":1300,"sys":142700,"idle":9760300,"irq":0}},{"model":"Intel(R) Core(TM) i5-8250U CPU @ 1.60GHz","speed":900,"times":{"user":571800,"nice":600,"sys":151000,"idle":9716900,"irq":0}},{"model":"Intel(R) Core(TM) i5-8250U CPU @ 1.60GHz","speed":900,"times":{"user":566600,"nice":500,"sys":152600,"idle":9733500,"irq":0}},{"model":"Intel(R) Core(TM) i5-8250U CPU @ 1.60GHz","speed":899,"times":{"user":584000,"nice":25500,"sys":143000,"idle":9601300,"irq":0}},{"model":"Intel(R) Core(TM) i5-8250U CPU @ 1.60GHz","speed":900,"times":{"user":510000,"nice":300,"sys":185600,"idle":9710300,"irq":0}},{"model":"Intel(R) Core(TM) i5-8250U CPU @ 1.60GHz","speed":900,"times":{"user":520600,"nice":500,"sys":153500,"idle":9744800,"irq":0}},{"model":"Intel(R) Core(TM) i5-8250U CPU @ 1.60GHz","speed":900,"times":{"user":543800,"nice":400,"sys":148200,"idle":9751100,"irq":0}},{"model":"Intel(R) Core(TM) i5-8250U CPU @ 1.60GHz","speed":899,"times":{"user":545300,"nice":200,"sys":145300,"idle":9734100,"irq":0}}]
Logs
{"_id":"9b17e7f061a5e68b528017d88952c01ebeecee61e615b5b1e3a842f53331c8fb","task":"breathed down hot dog.","created_at":"2019.6.23"}Server work on linux:Linux:x64
Site hostname: anarky
Server PC Info: {"uid":1000,"gid":1000,"username":"user","homedir":"/home/user","shell":"/bin/bash"}
[{"model":"Intel(R) Core(TM) i5-8250U CPU @ 1.60GHz","speed":815,"times":{"user":524300,"nice":1300,"sys":142900,"idle":9770300,"irq":0}},{"model":"Intel(R) Core(TM) i5-8250U CPU @ 1.60GHz","speed":820,"times":{"user":572600,"nice":600,"sys":151200,"idle":9727100,"irq":0}},{"model":"Intel(R) Core(TM) i5-8250U CPU @ 1.60GHz","speed":821,"times":{"user":567400,"nice":500,"sys":152700,"idle":9743800,"irq":0}},{"model":"Intel(R) Core(TM) i5-8250U CPU @ 1.60GHz","speed":810,"times":{"user":584400,"nice":25500,"sys":143300,"idle":9611700,"irq":0}},{"model":"Intel(R) Core(TM) i5-8250U CPU @ 1.60GHz","speed":813,"times":{"user":510400,"nice":300,"sys":185800,"idle":9720700,"irq":0}},{"model":"Intel(R) Core(TM) i5-8250U CPU @ 1.60GHz","speed":809,"times":{"user":521300,"nice":500,"sys":153700,"idle":9755200,"irq":0}},{"model":"Intel(R) Core(TM) i5-8250U CPU @ 1.60GHz","speed":804,"times":{"user":544500,"nice":400,"sys":148400,"idle":9761300,"irq":0}},{"model":"Intel(R) Core(TM) i5-8250U CPU @ 1.60GHz","speed":806,"times":{"user":546300,"nice":200,"sys":145500,"idle":9744100,"irq":0}}]
Logs
{"_id":"6d5772b4e49abb7f09b36956a461841d7e6bd42527c3d3b26766d9095ea76747","task":"flew upon lovely old lady.","created_at":"2019.6.23"}