Server work on linux:Linux:x64
Site hostname: anarky
Server PC Info: {"uid":1000,"gid":1000,"username":"user","homedir":"/home/user","shell":"/bin/bash"}
[{"model":"Intel(R) Core(TM) i5-8250U CPU @ 1.60GHz","speed":900,"times":{"user":15189600,"nice":4600,"sys":3706100,"idle":84550800,"irq":0}},{"model":"Intel(R) Core(TM) i5-8250U CPU @ 1.60GHz","speed":900,"times":{"user":15277200,"nice":4600,"sys":3588200,"idle":84704300,"irq":0}},{"model":"Intel(R) Core(TM) i5-8250U CPU @ 1.60GHz","speed":900,"times":{"user":15265600,"nice":4500,"sys":3494400,"idle":84834600,"irq":0}},{"model":"Intel(R) Core(TM) i5-8250U CPU @ 1.60GHz","speed":900,"times":{"user":15570500,"nice":22200,"sys":4340200,"idle":82981800,"irq":0}},{"model":"Intel(R) Core(TM) i5-8250U CPU @ 1.60GHz","speed":900,"times":{"user":14917000,"nice":3700,"sys":3810200,"idle":84747900,"irq":0}},{"model":"Intel(R) Core(TM) i5-8250U CPU @ 1.60GHz","speed":900,"times":{"user":14883300,"nice":3900,"sys":3639200,"idle":84124100,"irq":0}},{"model":"Intel(R) Core(TM) i5-8250U CPU @ 1.60GHz","speed":900,"times":{"user":14964300,"nice":4000,"sys":3606200,"idle":85033600,"irq":0}},{"model":"Intel(R) Core(TM) i5-8250U CPU @ 1.60GHz","speed":899,"times":{"user":15072400,"nice":3600,"sys":3871000,"idle":84548200,"irq":0}}]
Logs
Get: {"firstname":"John","lastname":"Doeu","email":"odfjidjcxv@fdfdfd.com","password":"fdfdfeew","created_at":"2019.6.23","licence_agree":true,"hashed_password":"48f20e0c2f64cf689f26de01e5f071be9fa6abe61daa1ab4c97a41988a69d669"}Server work on linux:Linux:x64
Site hostname: anarky
Server PC Info: {"uid":1000,"gid":1000,"username":"user","homedir":"/home/user","shell":"/bin/bash"}
[{"model":"Intel(R) Core(TM) i5-8250U CPU @ 1.60GHz","speed":857,"times":{"user":15189800,"nice":4600,"sys":3706200,"idle":84557000,"irq":0}},{"model":"Intel(R) Core(TM) i5-8250U CPU @ 1.60GHz","speed":883,"times":{"user":15277300,"nice":4600,"sys":3588300,"idle":84710600,"irq":0}},{"model":"Intel(R) Core(TM) i5-8250U CPU @ 1.60GHz","speed":888,"times":{"user":15265900,"nice":4500,"sys":3494500,"idle":84840800,"irq":0}},{"model":"Intel(R) Core(TM) i5-8250U CPU @ 1.60GHz","speed":878,"times":{"user":15570800,"nice":22200,"sys":4340400,"idle":82987900,"irq":0}},{"model":"Intel(R) Core(TM) i5-8250U CPU @ 1.60GHz","speed":849,"times":{"user":14917100,"nice":3700,"sys":3810500,"idle":84754100,"irq":0}},{"model":"Intel(R) Core(TM) i5-8250U CPU @ 1.60GHz","speed":929,"times":{"user":14883400,"nice":3900,"sys":3639200,"idle":84130400,"irq":0}},{"model":"Intel(R) Core(TM) i5-8250U CPU @ 1.60GHz","speed":911,"times":{"user":14964600,"nice":4000,"sys":3606300,"idle":85039900,"irq":0}},{"model":"Intel(R) Core(TM) i5-8250U CPU @ 1.60GHz","speed":860,"times":{"user":15072600,"nice":3600,"sys":3871000,"idle":84554400,"irq":0}}]
Logs
Get: {"firstname":"John","lastname":"Doeu","email":"odfjidjcxv@fdfdfd.com","password":"fdfdfeew","created_at":"2019.6.23","licence_agree":true,"hashed_password":"48f20e0c2f64cf689f26de01e5f071be9fa6abe61daa1ab4c97a41988a69d669"}Server work on linux:Linux:x64
Site hostname: anarky
Server PC Info: {"uid":1000,"gid":1000,"username":"user","homedir":"/home/user","shell":"/bin/bash"}
[{"model":"Intel(R) Core(TM) i5-8250U CPU @ 1.60GHz","speed":861,"times":{"user":15189900,"nice":4600,"sys":3706200,"idle":84558800,"irq":0}},{"model":"Intel(R) Core(TM) i5-8250U CPU @ 1.60GHz","speed":857,"times":{"user":15277400,"nice":4600,"sys":3588300,"idle":84712500,"irq":0}},{"model":"Intel(R) Core(TM) i5-8250U CPU @ 1.60GHz","speed":858,"times":{"user":15266200,"nice":4500,"sys":3494500,"idle":84842500,"irq":0}},{"model":"Intel(R) Core(TM) i5-8250U CPU @ 1.60GHz","speed":868,"times":{"user":15571000,"nice":22200,"sys":4340500,"idle":82989600,"irq":0}},{"model":"Intel(R) Core(TM) i5-8250U CPU @ 1.60GHz","speed":857,"times":{"user":14917300,"nice":3700,"sys":3810500,"idle":84755900,"irq":0}},{"model":"Intel(R) Core(TM) i5-8250U CPU @ 1.60GHz","speed":867,"times":{"user":14883600,"nice":3900,"sys":3639300,"idle":84132200,"irq":0}},{"model":"Intel(R) Core(TM) i5-8250U CPU @ 1.60GHz","speed":855,"times":{"user":14964600,"nice":4000,"sys":3606300,"idle":85041800,"irq":0}},{"model":"Intel(R) Core(TM) i5-8250U CPU @ 1.60GHz","speed":869,"times":{"user":15073000,"nice":3600,"sys":3871100,"idle":84556100,"irq":0}}]
Logs
Get: {"firstname":"John","lastname":"Doeu","email":"odfjidjcxv@fdfdfd.com","password":"fdfdfeew","created_at":"2019.6.23","licence_agree":true,"hashed_password":"48f20e0c2f64cf689f26de01e5f071be9fa6abe61daa1ab4c97a41988a69d669"}Server work on linux:Linux:x64
Site hostname: anarky
Server PC Info: {"uid":1000,"gid":1000,"username":"user","homedir":"/home/user","shell":"/bin/bash"}
[{"model":"Intel(R) Core(TM) i5-8250U CPU @ 1.60GHz","speed":856,"times":{"user":15190400,"nice":4600,"sys":3706300,"idle":84568300,"irq":0}},{"model":"Intel(R) Core(TM) i5-8250U CPU @ 1.60GHz","speed":858,"times":{"user":15277800,"nice":4600,"sys":3588500,"idle":84721900,"irq":0}},{"model":"Intel(R) Core(TM) i5-8250U CPU @ 1.60GHz","speed":857,"times":{"user":15266600,"nice":4500,"sys":3494700,"idle":84851900,"irq":0}},{"model":"Intel(R) Core(TM) i5-8250U CPU @ 1.60GHz","speed":847,"times":{"user":15571400,"nice":22200,"sys":4340600,"idle":82998700,"irq":0}},{"model":"Intel(R) Core(TM) i5-8250U CPU @ 1.60GHz","speed":850,"times":{"user":14917900,"nice":3700,"sys":3810800,"idle":84765100,"irq":0}},{"model":"Intel(R) Core(TM) i5-8250U CPU @ 1.60GHz","speed":853,"times":{"user":14884200,"nice":3900,"sys":3639500,"idle":84141500,"irq":0}},{"model":"Intel(R) Core(TM) i5-8250U CPU @ 1.60GHz","speed":860,"times":{"user":14965000,"nice":4000,"sys":3606400,"idle":85051000,"irq":0}},{"model":"Intel(R) Core(TM) i5-8250U CPU @ 1.60GHz","speed":853,"times":{"user":15073600,"nice":3600,"sys":3871400,"idle":84565300,"irq":0}}]
Logs
Get: {"firstname":"John","lastname":"Doeu","email":"odfjidjcxv@fdfdfd.com","password":"fdfdfeew","created_at":"2019.6.23","licence_agree":true,"hashed_password":"48f20e0c2f64cf689f26de01e5f071be9fa6abe61daa1ab4c97a41988a69d669"}Server work on linux:Linux:x64
Site hostname: anarky
Server PC Info: {"uid":1000,"gid":1000,"username":"user","homedir":"/home/user","shell":"/bin/bash"}
[{"model":"Intel(R) Core(TM) i5-8250U CPU @ 1.60GHz","speed":835,"times":{"user":15190500,"nice":4600,"sys":3706400,"idle":84570100,"irq":0}},{"model":"Intel(R) Core(TM) i5-8250U CPU @ 1.60GHz","speed":842,"times":{"user":15278000,"nice":4600,"sys":3588600,"idle":84723600,"irq":0}},{"model":"Intel(R) Core(TM) i5-8250U CPU @ 1.60GHz","speed":843,"times":{"user":15266900,"nice":4500,"sys":3494800,"idle":84853400,"irq":0}},{"model":"Intel(R) Core(TM) i5-8250U CPU @ 1.60GHz","speed":837,"times":{"user":15571500,"nice":22200,"sys":4340600,"idle":83000300,"irq":0}},{"model":"Intel(R) Core(TM) i5-8250U CPU @ 1.60GHz","speed":820,"times":{"user":14918000,"nice":3700,"sys":3810900,"idle":84766800,"irq":0}},{"model":"Intel(R) Core(TM) i5-8250U CPU @ 1.60GHz","speed":841,"times":{"user":14884500,"nice":3900,"sys":3639600,"idle":84143100,"irq":0}},{"model":"Intel(R) Core(TM) i5-8250U CPU @ 1.60GHz","speed":832,"times":{"user":14965000,"nice":4000,"sys":3606500,"idle":85052700,"irq":0}},{"model":"Intel(R) Core(TM) i5-8250U CPU @ 1.60GHz","speed":849,"times":{"user":15073800,"nice":3600,"sys":3871400,"idle":84567000,"irq":0}}]
Logs
Get: {"firstname":"John","lastname":"Doeu","email":"odfjidjcxv@fdfdfd.com","password":"fdfdfeew","created_at":"2019.6.23","licence_agree":true,"hashed_password":"48f20e0c2f64cf689f26de01e5f071be9fa6abe61daa1ab4c97a41988a69d669"}Server work on linux:Linux:x64
Site hostname: anarky
Server PC Info: {"uid":1000,"gid":1000,"username":"user","homedir":"/home/user","shell":"/bin/bash"}
[{"model":"Intel(R) Core(TM) i5-8250U CPU @ 1.60GHz","speed":864,"times":{"user":15190600,"nice":4600,"sys":3706400,"idle":84571800,"irq":0}},{"model":"Intel(R) Core(TM) i5-8250U CPU @ 1.60GHz","speed":858,"times":{"user":15278200,"nice":4600,"sys":3588700,"idle":84725300,"irq":0}},{"model":"Intel(R) Core(TM) i5-8250U CPU @ 1.60GHz","speed":850,"times":{"user":15267000,"nice":4500,"sys":3494800,"idle":84855100,"irq":0}},{"model":"Intel(R) Core(TM) i5-8250U CPU @ 1.60GHz","speed":852,"times":{"user":15571600,"nice":22200,"sys":4340700,"idle":83002000,"irq":0}},{"model":"Intel(R) Core(TM) i5-8250U CPU @ 1.60GHz","speed":869,"times":{"user":14918100,"nice":3700,"sys":3811000,"idle":84768500,"irq":0}},{"model":"Intel(R) Core(TM) i5-8250U CPU @ 1.60GHz","speed":862,"times":{"user":14884800,"nice":3900,"sys":3639700,"idle":84144800,"irq":0}},{"model":"Intel(R) Core(TM) i5-8250U CPU @ 1.60GHz","speed":876,"times":{"user":14965300,"nice":4000,"sys":3606500,"idle":85054300,"irq":0}},{"model":"Intel(R) Core(TM) i5-8250U CPU @ 1.60GHz","speed":855,"times":{"user":15074000,"nice":3600,"sys":3871500,"idle":84568700,"irq":0}}]
Logs
Get: {"firstname":"John","lastname":"Doeu","email":"odfjidjcxv@fdfdfd.com","password":"fdfdfeew","created_at":"2019.6.23","licence_agree":true,"hashed_password":"48f20e0c2f64cf689f26de01e5f071be9fa6abe61daa1ab4c97a41988a69d669"}