Server work on linux:Linux:x64
Site hostname: anarky
Server PC Info: {"uid":1000,"gid":1000,"username":"user","homedir":"/home/user","shell":"/bin/bash"}
[{"model":"Intel(R) Core(TM) i5-8250U CPU @ 1.60GHz","speed":795,"times":{"user":2833600,"nice":10800,"sys":783900,"idle":43006000,"irq":0}},{"model":"Intel(R) Core(TM) i5-8250U CPU @ 1.60GHz","speed":799,"times":{"user":2877100,"nice":6200,"sys":694300,"idle":26824100,"irq":0}},{"model":"Intel(R) Core(TM) i5-8250U CPU @ 1.60GHz","speed":798,"times":{"user":2854200,"nice":7000,"sys":700100,"idle":26874100,"irq":0}},{"model":"Intel(R) Core(TM) i5-8250U CPU @ 1.60GHz","speed":799,"times":{"user":2931800,"nice":2500,"sys":686500,"idle":26843000,"irq":0}},{"model":"Intel(R) Core(TM) i5-8250U CPU @ 1.60GHz","speed":800,"times":{"user":2894000,"nice":2200,"sys":672900,"idle":26863900,"irq":0}},{"model":"Intel(R) Core(TM) i5-8250U CPU @ 1.60GHz","speed":799,"times":{"user":2753100,"nice":2300,"sys":724000,"idle":26833100,"irq":0}},{"model":"Intel(R) Core(TM) i5-8250U CPU @ 1.60GHz","speed":799,"times":{"user":2868500,"nice":2200,"sys":691600,"idle":26888000,"irq":0}},{"model":"Intel(R) Core(TM) i5-8250U CPU @ 1.60GHz","speed":799,"times":{"user":2852100,"nice":2400,"sys":705400,"idle":26867300,"irq":0}}]
Logs
{"_id":"c21fbbc2e6bda01436d22e492ddd02fb139561fbaf9ea9d7fe6fa0d413ebfb40","task":"rolled below lovely clock.","created_at":"2019.6.23"}Server work on linux:Linux:x64
Site hostname: anarky
Server PC Info: {"uid":1000,"gid":1000,"username":"user","homedir":"/home/user","shell":"/bin/bash"}
[{"model":"Intel(R) Core(TM) i5-8250U CPU @ 1.60GHz","speed":794,"times":{"user":2833900,"nice":10800,"sys":784100,"idle":43008200,"irq":0}},{"model":"Intel(R) Core(TM) i5-8250U CPU @ 1.60GHz","speed":799,"times":{"user":2877400,"nice":6200,"sys":694400,"idle":26826400,"irq":0}},{"model":"Intel(R) Core(TM) i5-8250U CPU @ 1.60GHz","speed":799,"times":{"user":2854500,"nice":7000,"sys":700200,"idle":26876400,"irq":0}},{"model":"Intel(R) Core(TM) i5-8250U CPU @ 1.60GHz","speed":799,"times":{"user":2932100,"nice":2500,"sys":686600,"idle":26845300,"irq":0}},{"model":"Intel(R) Core(TM) i5-8250U CPU @ 1.60GHz","speed":798,"times":{"user":2894500,"nice":2200,"sys":673000,"idle":26866200,"irq":0}},{"model":"Intel(R) Core(TM) i5-8250U CPU @ 1.60GHz","speed":799,"times":{"user":2753600,"nice":2300,"sys":724000,"idle":26835300,"irq":0}},{"model":"Intel(R) Core(TM) i5-8250U CPU @ 1.60GHz","speed":799,"times":{"user":2868900,"nice":2200,"sys":691600,"idle":26890300,"irq":0}},{"model":"Intel(R) Core(TM) i5-8250U CPU @ 1.60GHz","speed":799,"times":{"user":2852700,"nice":2400,"sys":705600,"idle":26869400,"irq":0}}]
Logs
{"_id":"80cf1463a778ac4572b087716063531d2a299fcf4dcedfe65eb486b25d6c4eb7","task":"kicked above slimy professor.","created_at":"2019.6.23"}Server work on linux:Linux:x64
Site hostname: anarky
Server PC Info: {"uid":1000,"gid":1000,"username":"user","homedir":"/home/user","shell":"/bin/bash"}
[{"model":"Intel(R) Core(TM) i5-8250U CPU @ 1.60GHz","speed":798,"times":{"user":2834200,"nice":10800,"sys":784200,"idle":43009200,"irq":0}},{"model":"Intel(R) Core(TM) i5-8250U CPU @ 1.60GHz","speed":799,"times":{"user":2877800,"nice":6200,"sys":694500,"idle":26827500,"irq":0}},{"model":"Intel(R) Core(TM) i5-8250U CPU @ 1.60GHz","speed":799,"times":{"user":2854800,"nice":7000,"sys":700600,"idle":26877400,"irq":0}},{"model":"Intel(R) Core(TM) i5-8250U CPU @ 1.60GHz","speed":799,"times":{"user":2932600,"nice":2500,"sys":686800,"idle":26846100,"irq":0}},{"model":"Intel(R) Core(TM) i5-8250U CPU @ 1.60GHz","speed":799,"times":{"user":2894700,"nice":2200,"sys":673100,"idle":26867300,"irq":0}},{"model":"Intel(R) Core(TM) i5-8250U CPU @ 1.60GHz","speed":799,"times":{"user":2754200,"nice":2300,"sys":724000,"idle":26836300,"irq":0}},{"model":"Intel(R) Core(TM) i5-8250U CPU @ 1.60GHz","speed":799,"times":{"user":2869300,"nice":2200,"sys":691700,"idle":26891300,"irq":0}},{"model":"Intel(R) Core(TM) i5-8250U CPU @ 1.60GHz","speed":799,"times":{"user":2853000,"nice":2400,"sys":705600,"idle":26870500,"irq":0}}]
Logs
{"_id":"91c8c902f3bf5d2ca596a4fb2dfd8b101e8df048130364015d1fca182c95d181","task":"dodged on hot bird.","created_at":"2019.6.23"}Server work on linux:Linux:x64
Site hostname: anarky
Server PC Info: {"uid":1000,"gid":1000,"username":"user","homedir":"/home/user","shell":"/bin/bash"}
[{"model":"Intel(R) Core(TM) i5-8250U CPU @ 1.60GHz","speed":857,"times":{"user":2835000,"nice":10800,"sys":784400,"idle":43011000,"irq":0}},{"model":"Intel(R) Core(TM) i5-8250U CPU @ 1.60GHz","speed":854,"times":{"user":2878500,"nice":6200,"sys":694700,"idle":26829300,"irq":0}},{"model":"Intel(R) Core(TM) i5-8250U CPU @ 1.60GHz","speed":862,"times":{"user":2856500,"nice":7000,"sys":700700,"idle":26878300,"irq":0}},{"model":"Intel(R) Core(TM) i5-8250U CPU @ 1.60GHz","speed":856,"times":{"user":2933700,"nice":2500,"sys":686900,"idle":26847700,"irq":0}},{"model":"Intel(R) Core(TM) i5-8250U CPU @ 1.60GHz","speed":853,"times":{"user":2895400,"nice":2200,"sys":673200,"idle":26869100,"irq":0}},{"model":"Intel(R) Core(TM) i5-8250U CPU @ 1.60GHz","speed":857,"times":{"user":2755000,"nice":2300,"sys":724200,"idle":26838200,"irq":0}},{"model":"Intel(R) Core(TM) i5-8250U CPU @ 1.60GHz","speed":860,"times":{"user":2870000,"nice":2200,"sys":691800,"idle":26893200,"irq":0}},{"model":"Intel(R) Core(TM) i5-8250U CPU @ 1.60GHz","speed":850,"times":{"user":2854000,"nice":2400,"sys":705800,"idle":26872200,"irq":0}}]
Logs
{"_id":"9ceeb26e0a535bf74a7a12e9dbf15e080ba19f1e7fbda85d2aed9270ff858334","task":"kicked below vibrating clock.","created_at":"2019.6.23"}Server work on linux:Linux:x64
Site hostname: anarky
Server PC Info: {"uid":1000,"gid":1000,"username":"user","homedir":"/home/user","shell":"/bin/bash"}
[{"model":"Intel(R) Core(TM) i5-8250U CPU @ 1.60GHz","speed":868,"times":{"user":2836300,"nice":10800,"sys":784500,"idle":43012700,"irq":0}},{"model":"Intel(R) Core(TM) i5-8250U CPU @ 1.60GHz","speed":889,"times":{"user":2879600,"nice":6200,"sys":694900,"idle":26831400,"irq":0}},{"model":"Intel(R) Core(TM) i5-8250U CPU @ 1.60GHz","speed":883,"times":{"user":2857400,"nice":7000,"sys":700800,"idle":26880600,"irq":0}},{"model":"Intel(R) Core(TM) i5-8250U CPU @ 1.60GHz","speed":884,"times":{"user":2934300,"nice":2500,"sys":687100,"idle":26849900,"irq":0}},{"model":"Intel(R) Core(TM) i5-8250U CPU @ 1.60GHz","speed":879,"times":{"user":2896600,"nice":2200,"sys":673400,"idle":26871000,"irq":0}},{"model":"Intel(R) Core(TM) i5-8250U CPU @ 1.60GHz","speed":885,"times":{"user":2755800,"nice":2300,"sys":724300,"idle":26840200,"irq":0}},{"model":"Intel(R) Core(TM) i5-8250U CPU @ 1.60GHz","speed":885,"times":{"user":2870800,"nice":2200,"sys":691900,"idle":26895300,"irq":0}},{"model":"Intel(R) Core(TM) i5-8250U CPU @ 1.60GHz","speed":880,"times":{"user":2855000,"nice":2400,"sys":706000,"idle":26874300,"irq":0}}]
Logs
{"_id":"63a64f603f680428a9d2d7b188bf1cc9b2866f489175a83ae43af8c309986786","task":"killed across lazy old lady.","created_at":"2019.6.23"}Server work on linux:Linux:x64
Site hostname: anarky
Server PC Info: {"uid":1000,"gid":1000,"username":"user","homedir":"/home/user","shell":"/bin/bash"}
[{"model":"Intel(R) Core(TM) i5-8250U CPU @ 1.60GHz","speed":799,"times":{"user":2836500,"nice":10800,"sys":784700,"idle":43013500,"irq":0}},{"model":"Intel(R) Core(TM) i5-8250U CPU @ 1.60GHz","speed":799,"times":{"user":2880100,"nice":6200,"sys":695000,"idle":26832200,"irq":0}},{"model":"Intel(R) Core(TM) i5-8250U CPU @ 1.60GHz","speed":799,"times":{"user":2858000,"nice":7000,"sys":700900,"idle":26881300,"irq":0}},{"model":"Intel(R) Core(TM) i5-8250U CPU @ 1.60GHz","speed":799,"times":{"user":2934800,"nice":2500,"sys":687200,"idle":26850700,"irq":0}},{"model":"Intel(R) Core(TM) i5-8250U CPU @ 1.60GHz","speed":799,"times":{"user":2897400,"nice":2200,"sys":673500,"idle":26871600,"irq":0}},{"model":"Intel(R) Core(TM) i5-8250U CPU @ 1.60GHz","speed":799,"times":{"user":2756300,"nice":2300,"sys":724400,"idle":26841000,"irq":0}},{"model":"Intel(R) Core(TM) i5-8250U CPU @ 1.60GHz","speed":799,"times":{"user":2871300,"nice":2200,"sys":692000,"idle":26896200,"irq":0}},{"model":"Intel(R) Core(TM) i5-8250U CPU @ 1.60GHz","speed":799,"times":{"user":2855600,"nice":2400,"sys":706000,"idle":26875200,"irq":0}}]
Logs
{"_id":"11dc7f33de9cd880df8d3401103a0e0f855f1a89ec576128cc77177cc23c5001","task":"ran on beautiful clock.","created_at":"2019.6.23"}Server work on linux:Linux:x64
Site hostname: anarky
Server PC Info: {"uid":1000,"gid":1000,"username":"user","homedir":"/home/user","shell":"/bin/bash"}
[{"model":"Intel(R) Core(TM) i5-8250U CPU @ 1.60GHz","speed":786,"times":{"user":2837200,"nice":10800,"sys":784800,"idle":43015500,"irq":0}},{"model":"Intel(R) Core(TM) i5-8250U CPU @ 1.60GHz","speed":780,"times":{"user":2880700,"nice":6200,"sys":695200,"idle":26834300,"irq":0}},{"model":"Intel(R) Core(TM) i5-8250U CPU @ 1.60GHz","speed":779,"times":{"user":2858600,"nice":7000,"sys":701100,"idle":26883400,"irq":0}},{"model":"Intel(R) Core(TM) i5-8250U CPU @ 1.60GHz","speed":784,"times":{"user":2935700,"nice":2500,"sys":687400,"idle":26852700,"irq":0}},{"model":"Intel(R) Core(TM) i5-8250U CPU @ 1.60GHz","speed":781,"times":{"user":2898100,"nice":2200,"sys":673700,"idle":26873600,"irq":0}},{"model":"Intel(R) Core(TM) i5-8250U CPU @ 1.60GHz","speed":784,"times":{"user":2757000,"nice":2300,"sys":724600,"idle":26842900,"irq":0}},{"model":"Intel(R) Core(TM) i5-8250U CPU @ 1.60GHz","speed":781,"times":{"user":2872000,"nice":2200,"sys":692200,"idle":26898200,"irq":0}},{"model":"Intel(R) Core(TM) i5-8250U CPU @ 1.60GHz","speed":784,"times":{"user":2856100,"nice":2400,"sys":706200,"idle":26877300,"irq":0}}]
Logs
{"_id":"7e8451252f0d6396472e977bc0e02ee19919f7de280e893a618c871baf6c04cd","task":"breathed on dumb bird.","created_at":"2019.6.23"}