Server work on linux:Linux:x64
Site hostname: anarky
Server PC Info: {"uid":1000,"gid":1000,"username":"user","homedir":"/home/user","shell":"/bin/bash"}
[{"model":"Intel(R) Core(TM) i5-8250U CPU @ 1.60GHz","speed":799,"times":{"user":16212900,"nice":4700,"sys":3980200,"idle":98439100,"irq":0}},{"model":"Intel(R) Core(TM) i5-8250U CPU @ 1.60GHz","speed":800,"times":{"user":16308000,"nice":4600,"sys":3866200,"idle":98591800,"irq":0}},{"model":"Intel(R) Core(TM) i5-8250U CPU @ 1.60GHz","speed":800,"times":{"user":16343900,"nice":4600,"sys":3762200,"idle":98687600,"irq":0}},{"model":"Intel(R) Core(TM) i5-8250U CPU @ 1.60GHz","speed":799,"times":{"user":16687200,"nice":22200,"sys":4746000,"idle":96508800,"irq":0}},{"model":"Intel(R) Core(TM) i5-8250U CPU @ 1.60GHz","speed":799,"times":{"user":15933700,"nice":3800,"sys":4133900,"idle":98577100,"irq":0}},{"model":"Intel(R) Core(TM) i5-8250U CPU @ 1.60GHz","speed":799,"times":{"user":15880800,"nice":4000,"sys":3930900,"idle":97970900,"irq":0}},{"model":"Intel(R) Core(TM) i5-8250U CPU @ 1.60GHz","speed":800,"times":{"user":16005600,"nice":4100,"sys":3883200,"idle":98908000,"irq":0}},{"model":"Intel(R) Core(TM) i5-8250U CPU @ 1.60GHz","speed":799,"times":{"user":16134700,"nice":3800,"sys":4179000,"idle":98364000,"irq":0}}]
Logs
{"_id":"6d41dd683897114538f9afe68141aa62e308a0def22115f74795fbafdbb45ba5","task":"slept into lazy clock.","created_at":"2019.6.26"}Server work on linux:Linux:x64
Site hostname: anarky
Server PC Info: {"uid":1000,"gid":1000,"username":"user","homedir":"/home/user","shell":"/bin/bash"}
[{"model":"Intel(R) Core(TM) i5-8250U CPU @ 1.60GHz","speed":826,"times":{"user":16214700,"nice":4700,"sys":3980600,"idle":98442700,"irq":0}},{"model":"Intel(R) Core(TM) i5-8250U CPU @ 1.60GHz","speed":817,"times":{"user":16309800,"nice":4600,"sys":3866800,"idle":98595100,"irq":0}},{"model":"Intel(R) Core(TM) i5-8250U CPU @ 1.60GHz","speed":849,"times":{"user":16345800,"nice":4600,"sys":3762700,"idle":98691200,"irq":0}},{"model":"Intel(R) Core(TM) i5-8250U CPU @ 1.60GHz","speed":826,"times":{"user":16689100,"nice":22200,"sys":4746700,"idle":96512000,"irq":0}},{"model":"Intel(R) Core(TM) i5-8250U CPU @ 1.60GHz","speed":844,"times":{"user":15935200,"nice":3800,"sys":4134400,"idle":98580700,"irq":0}},{"model":"Intel(R) Core(TM) i5-8250U CPU @ 1.60GHz","speed":838,"times":{"user":15882700,"nice":4000,"sys":3931500,"idle":97974200,"irq":0}},{"model":"Intel(R) Core(TM) i5-8250U CPU @ 1.60GHz","speed":923,"times":{"user":16007700,"nice":4100,"sys":3883700,"idle":98911500,"irq":0}},{"model":"Intel(R) Core(TM) i5-8250U CPU @ 1.60GHz","speed":833,"times":{"user":16136200,"nice":3800,"sys":4179500,"idle":98367600,"irq":0}}]
Logs
{"_id":"c466025846df85dcefd96ea968b992a0e4484faa6bbed6829594f1ea93b9d661","task":"killed into professional boy.","created_at":"2019.6.26"}Server work on linux:Linux:x64
Site hostname: anarky
Server PC Info: {"uid":1000,"gid":1000,"username":"user","homedir":"/home/user","shell":"/bin/bash"}
[{"model":"Intel(R) Core(TM) i5-8250U CPU @ 1.60GHz","speed":1892,"times":{"user":16218400,"nice":4700,"sys":3981400,"idle":98479000,"irq":0}},{"model":"Intel(R) Core(TM) i5-8250U CPU @ 1.60GHz","speed":1876,"times":{"user":16314400,"nice":4600,"sys":3868100,"idle":98630500,"irq":0}},{"model":"Intel(R) Core(TM) i5-8250U CPU @ 1.60GHz","speed":2182,"times":{"user":16350400,"nice":4600,"sys":3763500,"idle":98726900,"irq":0}},{"model":"Intel(R) Core(TM) i5-8250U CPU @ 1.60GHz","speed":1564,"times":{"user":16692600,"nice":22200,"sys":4748600,"idle":96547500,"irq":0}},{"model":"Intel(R) Core(TM) i5-8250U CPU @ 1.60GHz","speed":1636,"times":{"user":15940400,"nice":3800,"sys":4135700,"idle":98615300,"irq":0}},{"model":"Intel(R) Core(TM) i5-8250U CPU @ 1.60GHz","speed":1735,"times":{"user":15886000,"nice":4000,"sys":3932600,"idle":98010200,"irq":0}},{"model":"Intel(R) Core(TM) i5-8250U CPU @ 1.60GHz","speed":1789,"times":{"user":16012700,"nice":4100,"sys":3884800,"idle":98946300,"irq":0}},{"model":"Intel(R) Core(TM) i5-8250U CPU @ 1.60GHz","speed":1652,"times":{"user":16139800,"nice":3800,"sys":4180400,"idle":98404000,"irq":0}}]
Logs
Del: 8a1403b45c09dca130e336445db75f6cf2d8d51734e19a0438841da0aa37ecd4Server work on linux:Linux:x64
Site hostname: anarky
Server PC Info: {"uid":1000,"gid":1000,"username":"user","homedir":"/home/user","shell":"/bin/bash"}
[{"model":"Intel(R) Core(TM) i5-8250U CPU @ 1.60GHz","speed":1467,"times":{"user":16218800,"nice":4700,"sys":3981500,"idle":98480400,"irq":0}},{"model":"Intel(R) Core(TM) i5-8250U CPU @ 1.60GHz","speed":1326,"times":{"user":16314700,"nice":4600,"sys":3868200,"idle":98632100,"irq":0}},{"model":"Intel(R) Core(TM) i5-8250U CPU @ 1.60GHz","speed":1316,"times":{"user":16350800,"nice":4600,"sys":3763500,"idle":98728400,"irq":0}},{"model":"Intel(R) Core(TM) i5-8250U CPU @ 1.60GHz","speed":1309,"times":{"user":16693200,"nice":22200,"sys":4748700,"idle":96548900,"irq":0}},{"model":"Intel(R) Core(TM) i5-8250U CPU @ 1.60GHz","speed":1274,"times":{"user":15940700,"nice":3800,"sys":4135800,"idle":98616800,"irq":0}},{"model":"Intel(R) Core(TM) i5-8250U CPU @ 1.60GHz","speed":1390,"times":{"user":15886300,"nice":4000,"sys":3932600,"idle":98011700,"irq":0}},{"model":"Intel(R) Core(TM) i5-8250U CPU @ 1.60GHz","speed":1242,"times":{"user":16013200,"nice":4100,"sys":3884900,"idle":98947700,"irq":0}},{"model":"Intel(R) Core(TM) i5-8250U CPU @ 1.60GHz","speed":1407,"times":{"user":16140100,"nice":3800,"sys":4180500,"idle":98405500,"irq":0}}]
Logs
Del: 90fbe6ce2027b8b83606d154bb8b3798799ce8568769a46dd6f12043c4f69498