Server work on linux:Linux:x64
Site hostname: anarky
Server PC Info: {"uid":1000,"gid":1000,"username":"user","homedir":"/home/user","shell":"/bin/bash"}
[{"model":"Intel(R) Core(TM) i5-8250U CPU @ 1.60GHz","speed":1451,"times":{"user":16210600,"nice":4700,"sys":3979500,"idle":98431600,"irq":0}},{"model":"Intel(R) Core(TM) i5-8250U CPU @ 1.60GHz","speed":1538,"times":{"user":16306000,"nice":4600,"sys":3865500,"idle":98584300,"irq":0}},{"model":"Intel(R) Core(TM) i5-8250U CPU @ 1.60GHz","speed":1388,"times":{"user":16341900,"nice":4600,"sys":3761800,"idle":98680100,"irq":0}},{"model":"Intel(R) Core(TM) i5-8250U CPU @ 1.60GHz","speed":1362,"times":{"user":16684800,"nice":22200,"sys":4745300,"idle":96501700,"irq":0}},{"model":"Intel(R) Core(TM) i5-8250U CPU @ 1.60GHz","speed":1684,"times":{"user":15931500,"nice":3800,"sys":4133200,"idle":98570100,"irq":0}},{"model":"Intel(R) Core(TM) i5-8250U CPU @ 1.60GHz","speed":1535,"times":{"user":15878200,"nice":4000,"sys":3930500,"idle":97963300,"irq":0}},{"model":"Intel(R) Core(TM) i5-8250U CPU @ 1.60GHz","speed":1404,"times":{"user":16003300,"nice":4100,"sys":3882700,"idle":98900300,"irq":0}},{"model":"Intel(R) Core(TM) i5-8250U CPU @ 1.60GHz","speed":1496,"times":{"user":16132800,"nice":3800,"sys":4178400,"idle":98356200,"irq":0}}]
Logs
{"_id":"84313cf0abd173697b3985dcfeff3f000fb326f76a26907bfc90485b98f47f14","task":"slept through soft clock.","created_at":"2019.6.26"}Server work on linux:Linux:x64
Site hostname: anarky
Server PC Info: {"uid":1000,"gid":1000,"username":"user","homedir":"/home/user","shell":"/bin/bash"}
[{"model":"Intel(R) Core(TM) i5-8250U CPU @ 1.60GHz","speed":1082,"times":{"user":16211000,"nice":4700,"sys":3979700,"idle":98434300,"irq":0}},{"model":"Intel(R) Core(TM) i5-8250U CPU @ 1.60GHz","speed":1075,"times":{"user":16306400,"nice":4600,"sys":3865600,"idle":98586900,"irq":0}},{"model":"Intel(R) Core(TM) i5-8250U CPU @ 1.60GHz","speed":1127,"times":{"user":16342200,"nice":4600,"sys":3761800,"idle":98682700,"irq":0}},{"model":"Intel(R) Core(TM) i5-8250U CPU @ 1.60GHz","speed":1132,"times":{"user":16685100,"nice":22200,"sys":4745500,"idle":96504300,"irq":0}},{"model":"Intel(R) Core(TM) i5-8250U CPU @ 1.60GHz","speed":1098,"times":{"user":15931900,"nice":3800,"sys":4133300,"idle":98572700,"irq":0}},{"model":"Intel(R) Core(TM) i5-8250U CPU @ 1.60GHz","speed":1104,"times":{"user":15878600,"nice":4000,"sys":3930600,"idle":97966100,"irq":0}},{"model":"Intel(R) Core(TM) i5-8250U CPU @ 1.60GHz","speed":1305,"times":{"user":16003600,"nice":4100,"sys":3882800,"idle":98903000,"irq":0}},{"model":"Intel(R) Core(TM) i5-8250U CPU @ 1.60GHz","speed":1190,"times":{"user":16133000,"nice":3800,"sys":4178500,"idle":98358900,"irq":0}}]
Logs
{"_id":"f10fdec851279930c55acd1e6e4cb58205b3c0cc493d2a63c1ae1e298a341d9c","task":"flew across slimy boy.","created_at":"2019.6.26"}Server work on linux:Linux:x64
Site hostname: anarky
Server PC Info: {"uid":1000,"gid":1000,"username":"user","homedir":"/home/user","shell":"/bin/bash"}
[{"model":"Intel(R) Core(TM) i5-8250U CPU @ 1.60GHz","speed":801,"times":{"user":16211600,"nice":4700,"sys":3980000,"idle":98436000,"irq":0}},{"model":"Intel(R) Core(TM) i5-8250U CPU @ 1.60GHz","speed":801,"times":{"user":16306900,"nice":4600,"sys":3865800,"idle":98588700,"irq":0}},{"model":"Intel(R) Core(TM) i5-8250U CPU @ 1.60GHz","speed":801,"times":{"user":16342800,"nice":4600,"sys":3762000,"idle":98684500,"irq":0}},{"model":"Intel(R) Core(TM) i5-8250U CPU @ 1.60GHz","speed":802,"times":{"user":16685800,"nice":22200,"sys":4745700,"idle":96506100,"irq":0}},{"model":"Intel(R) Core(TM) i5-8250U CPU @ 1.60GHz","speed":802,"times":{"user":15932400,"nice":3800,"sys":4133500,"idle":98574500,"irq":0}},{"model":"Intel(R) Core(TM) i5-8250U CPU @ 1.60GHz","speed":803,"times":{"user":15879400,"nice":4000,"sys":3930700,"idle":97967900,"irq":0}},{"model":"Intel(R) Core(TM) i5-8250U CPU @ 1.60GHz","speed":802,"times":{"user":16004200,"nice":4100,"sys":3882900,"idle":98905000,"irq":0}},{"model":"Intel(R) Core(TM) i5-8250U CPU @ 1.60GHz","speed":803,"times":{"user":16133500,"nice":3800,"sys":4178600,"idle":98360900,"irq":0}}]
Logs
{"_id":"b6bdeb092915c0897aacaab27e91f98b3db8f38baf20db5e87fa5101b8c99878","task":"breathed above soft bird.","created_at":"2019.6.26"}Server work on linux:Linux:x64
Site hostname: anarky
Server PC Info: {"uid":1000,"gid":1000,"username":"user","homedir":"/home/user","shell":"/bin/bash"}
[{"model":"Intel(R) Core(TM) i5-8250U CPU @ 1.60GHz","speed":800,"times":{"user":16214100,"nice":4700,"sys":3980500,"idle":98441600,"irq":0}},{"model":"Intel(R) Core(TM) i5-8250U CPU @ 1.60GHz","speed":799,"times":{"user":16309000,"nice":4600,"sys":3866600,"idle":98594300,"irq":0}},{"model":"Intel(R) Core(TM) i5-8250U CPU @ 1.60GHz","speed":799,"times":{"user":16345300,"nice":4600,"sys":3762500,"idle":98690000,"irq":0}},{"model":"Intel(R) Core(TM) i5-8250U CPU @ 1.60GHz","speed":799,"times":{"user":16688400,"nice":22200,"sys":4746500,"idle":96511000,"irq":0}},{"model":"Intel(R) Core(TM) i5-8250U CPU @ 1.60GHz","speed":799,"times":{"user":15934800,"nice":3800,"sys":4134100,"idle":98579500,"irq":0}},{"model":"Intel(R) Core(TM) i5-8250U CPU @ 1.60GHz","speed":799,"times":{"user":15881900,"nice":4000,"sys":3931400,"idle":97973200,"irq":0}},{"model":"Intel(R) Core(TM) i5-8250U CPU @ 1.60GHz","speed":799,"times":{"user":16006800,"nice":4100,"sys":3883600,"idle":98910500,"irq":0}},{"model":"Intel(R) Core(TM) i5-8250U CPU @ 1.60GHz","speed":799,"times":{"user":16135600,"nice":3800,"sys":4179300,"idle":98366600,"irq":0}}]
Logs
{"_id":"bbc5495e40bedb018484ad40a4d74aefa171f65fcc59b0e7a0a6c087ac2d5fec","task":"sliced up soft old lady.","created_at":"2019.6.26"}Server work on linux:Linux:x64
Site hostname: anarky
Server PC Info: {"uid":1000,"gid":1000,"username":"user","homedir":"/home/user","shell":"/bin/bash"}
[{"model":"Intel(R) Core(TM) i5-8250U CPU @ 1.60GHz","speed":800,"times":{"user":16217600,"nice":4700,"sys":3981300,"idle":98473100,"irq":0}},{"model":"Intel(R) Core(TM) i5-8250U CPU @ 1.60GHz","speed":800,"times":{"user":16313800,"nice":4600,"sys":3867900,"idle":98624600,"irq":0}},{"model":"Intel(R) Core(TM) i5-8250U CPU @ 1.60GHz","speed":800,"times":{"user":16349600,"nice":4600,"sys":3763300,"idle":98720900,"irq":0}},{"model":"Intel(R) Core(TM) i5-8250U CPU @ 1.60GHz","speed":800,"times":{"user":16692100,"nice":22200,"sys":4748100,"idle":96541800,"irq":0}},{"model":"Intel(R) Core(TM) i5-8250U CPU @ 1.60GHz","speed":800,"times":{"user":15939600,"nice":3800,"sys":4135400,"idle":98609500,"irq":0}},{"model":"Intel(R) Core(TM) i5-8250U CPU @ 1.60GHz","speed":800,"times":{"user":15885200,"nice":4000,"sys":3932300,"idle":98004500,"irq":0}},{"model":"Intel(R) Core(TM) i5-8250U CPU @ 1.60GHz","speed":800,"times":{"user":16011700,"nice":4100,"sys":3884500,"idle":98941000,"irq":0}},{"model":"Intel(R) Core(TM) i5-8250U CPU @ 1.60GHz","speed":799,"times":{"user":16139200,"nice":3800,"sys":4180000,"idle":98398000,"irq":0}}]
Logs
Del: 5087c5008dab7c4e222fc00cb122e61d90a4c135b2b0846c4a84b9414eeeb1e3Server work on linux:Linux:x64
Site hostname: anarky
Server PC Info: {"uid":1000,"gid":1000,"username":"user","homedir":"/home/user","shell":"/bin/bash"}
[{"model":"Intel(R) Core(TM) i5-8250U CPU @ 1.60GHz","speed":1138,"times":{"user":16218200,"nice":4700,"sys":3981300,"idle":98477600,"irq":0}},{"model":"Intel(R) Core(TM) i5-8250U CPU @ 1.60GHz","speed":1022,"times":{"user":16314200,"nice":4600,"sys":3868100,"idle":98629000,"irq":0}},{"model":"Intel(R) Core(TM) i5-8250U CPU @ 1.60GHz","speed":1162,"times":{"user":16350100,"nice":4600,"sys":3763400,"idle":98725400,"irq":0}},{"model":"Intel(R) Core(TM) i5-8250U CPU @ 1.60GHz","speed":997,"times":{"user":16692400,"nice":22200,"sys":4748400,"idle":96546200,"irq":0}},{"model":"Intel(R) Core(TM) i5-8250U CPU @ 1.60GHz","speed":1037,"times":{"user":15940000,"nice":3800,"sys":4135700,"idle":98614000,"irq":0}},{"model":"Intel(R) Core(TM) i5-8250U CPU @ 1.60GHz","speed":1013,"times":{"user":15885800,"nice":4000,"sys":3932500,"idle":98008800,"irq":0}},{"model":"Intel(R) Core(TM) i5-8250U CPU @ 1.60GHz","speed":1060,"times":{"user":16012600,"nice":4100,"sys":3884700,"idle":98944900,"irq":0}},{"model":"Intel(R) Core(TM) i5-8250U CPU @ 1.60GHz","speed":968,"times":{"user":16139700,"nice":3800,"sys":4180300,"idle":98402500,"irq":0}}]
Logs
Del: 84313cf0abd173697b3985dcfeff3f000fb326f76a26907bfc90485b98f47f14Server work on linux:Linux:x64
Site hostname: anarky
Server PC Info: {"uid":1000,"gid":1000,"username":"user","homedir":"/home/user","shell":"/bin/bash"}
[{"model":"Intel(R) Core(TM) i5-8250U CPU @ 1.60GHz","speed":882,"times":{"user":16222800,"nice":4700,"sys":3982600,"idle":98495700,"irq":0}},{"model":"Intel(R) Core(TM) i5-8250U CPU @ 1.60GHz","speed":973,"times":{"user":16317800,"nice":4600,"sys":3869300,"idle":98648000,"irq":0}},{"model":"Intel(R) Core(TM) i5-8250U CPU @ 1.60GHz","speed":981,"times":{"user":16354700,"nice":4600,"sys":3764500,"idle":98743800,"irq":0}},{"model":"Intel(R) Core(TM) i5-8250U CPU @ 1.60GHz","speed":972,"times":{"user":16697100,"nice":22200,"sys":4749800,"idle":96563700,"irq":0}},{"model":"Intel(R) Core(TM) i5-8250U CPU @ 1.60GHz","speed":881,"times":{"user":15944800,"nice":3800,"sys":4137200,"idle":98632100,"irq":0}},{"model":"Intel(R) Core(TM) i5-8250U CPU @ 1.60GHz","speed":914,"times":{"user":15889800,"nice":4000,"sys":3933700,"idle":98027200,"irq":0}},{"model":"Intel(R) Core(TM) i5-8250U CPU @ 1.60GHz","speed":937,"times":{"user":16016800,"nice":4100,"sys":3885700,"idle":98963500,"irq":0}},{"model":"Intel(R) Core(TM) i5-8250U CPU @ 1.60GHz","speed":888,"times":{"user":16143700,"nice":3800,"sys":4181100,"idle":98421000,"irq":0}}]
Logs
{"_id":"9543a4e041b7eb9f489784e8c437e9e5ea7515c2df79ed684c258828b48ca87f","task":"breathed into rough plastic.","created_at":"2019.6.26"}