Server work on linux:Linux:x64
Site hostname: anarky
Server PC Info: {"uid":1000,"gid":1000,"username":"user","homedir":"/home/user","shell":"/bin/bash"}
[{"model":"Intel(R) Core(TM) i5-8250U CPU @ 1.60GHz","speed":802,"times":{"user":16212400,"nice":4700,"sys":3980000,"idle":98437600,"irq":0}},{"model":"Intel(R) Core(TM) i5-8250U CPU @ 1.60GHz","speed":801,"times":{"user":16307500,"nice":4600,"sys":3866000,"idle":98590300,"irq":0}},{"model":"Intel(R) Core(TM) i5-8250U CPU @ 1.60GHz","speed":800,"times":{"user":16343500,"nice":4600,"sys":3762100,"idle":98686100,"irq":0}},{"model":"Intel(R) Core(TM) i5-8250U CPU @ 1.60GHz","speed":804,"times":{"user":16686400,"nice":22200,"sys":4745800,"idle":96507600,"irq":0}},{"model":"Intel(R) Core(TM) i5-8250U CPU @ 1.60GHz","speed":800,"times":{"user":15933200,"nice":3800,"sys":4133700,"idle":98575800,"irq":0}},{"model":"Intel(R) Core(TM) i5-8250U CPU @ 1.60GHz","speed":802,"times":{"user":15880000,"nice":4000,"sys":3930900,"idle":97969500,"irq":0}},{"model":"Intel(R) Core(TM) i5-8250U CPU @ 1.60GHz","speed":801,"times":{"user":16004800,"nice":4100,"sys":3883100,"idle":98906700,"irq":0}},{"model":"Intel(R) Core(TM) i5-8250U CPU @ 1.60GHz","speed":800,"times":{"user":16134300,"nice":3800,"sys":4178700,"idle":98362500,"irq":0}}]
Logs
{"_id":"c1afd4dac0923e8888bd479df148383189494dfaeb9b0d0906e61c9ed2ed7fb3","task":"sliced up slimy dog.","created_at":"2019.6.26"}Server work on linux:Linux:x64
Site hostname: anarky
Server PC Info: {"uid":1000,"gid":1000,"username":"user","homedir":"/home/user","shell":"/bin/bash"}
[{"model":"Intel(R) Core(TM) i5-8250U CPU @ 1.60GHz","speed":799,"times":{"user":16216300,"nice":4700,"sys":3980800,"idle":98453700,"irq":0}},{"model":"Intel(R) Core(TM) i5-8250U CPU @ 1.60GHz","speed":800,"times":{"user":16312000,"nice":4600,"sys":3867300,"idle":98605600,"irq":0}},{"model":"Intel(R) Core(TM) i5-8250U CPU @ 1.60GHz","speed":800,"times":{"user":16347400,"nice":4600,"sys":3763000,"idle":98702100,"irq":0}},{"model":"Intel(R) Core(TM) i5-8250U CPU @ 1.60GHz","speed":800,"times":{"user":16690000,"nice":22200,"sys":4747200,"idle":96523200,"irq":0}},{"model":"Intel(R) Core(TM) i5-8250U CPU @ 1.60GHz","speed":799,"times":{"user":15937000,"nice":3800,"sys":4134900,"idle":98591100,"irq":0}},{"model":"Intel(R) Core(TM) i5-8250U CPU @ 1.60GHz","speed":800,"times":{"user":15883800,"nice":4000,"sys":3931800,"idle":97985400,"irq":0}},{"model":"Intel(R) Core(TM) i5-8250U CPU @ 1.60GHz","speed":800,"times":{"user":16009600,"nice":4100,"sys":3884000,"idle":98922300,"irq":0}},{"model":"Intel(R) Core(TM) i5-8250U CPU @ 1.60GHz","speed":800,"times":{"user":16137200,"nice":3800,"sys":4179700,"idle":98379000,"irq":0}}]
Logs
Del: 30faa7db87afe15338c6146c1c35b82b5cc4e32d8f2b064a24b6dd5373dbef49Server work on linux:Linux:x64
Site hostname: anarky
Server PC Info: {"uid":1000,"gid":1000,"username":"user","homedir":"/home/user","shell":"/bin/bash"}
[{"model":"Intel(R) Core(TM) i5-8250U CPU @ 1.60GHz","speed":800,"times":{"user":16221200,"nice":4700,"sys":3981900,"idle":98485900,"irq":0}},{"model":"Intel(R) Core(TM) i5-8250U CPU @ 1.60GHz","speed":799,"times":{"user":16316400,"nice":4600,"sys":3868800,"idle":98637900,"irq":0}},{"model":"Intel(R) Core(TM) i5-8250U CPU @ 1.60GHz","speed":800,"times":{"user":16352900,"nice":4600,"sys":3763900,"idle":98734000,"irq":0}},{"model":"Intel(R) Core(TM) i5-8250U CPU @ 1.60GHz","speed":799,"times":{"user":16695500,"nice":22200,"sys":4749200,"idle":96554300,"irq":0}},{"model":"Intel(R) Core(TM) i5-8250U CPU @ 1.60GHz","speed":800,"times":{"user":15943200,"nice":3800,"sys":4136500,"idle":98622200,"irq":0}},{"model":"Intel(R) Core(TM) i5-8250U CPU @ 1.60GHz","speed":800,"times":{"user":15888000,"nice":4000,"sys":3933300,"idle":98017400,"irq":0}},{"model":"Intel(R) Core(TM) i5-8250U CPU @ 1.60GHz","speed":799,"times":{"user":16015000,"nice":4100,"sys":3885400,"idle":98953600,"irq":0}},{"model":"Intel(R) Core(TM) i5-8250U CPU @ 1.60GHz","speed":800,"times":{"user":16142100,"nice":3800,"sys":4180700,"idle":98411200,"irq":0}}]
Logs
Del: bbc5495e40bedb018484ad40a4d74aefa171f65fcc59b0e7a0a6c087ac2d5fecServer work on linux:Linux:x64
Site hostname: anarky
Server PC Info: {"uid":1000,"gid":1000,"username":"user","homedir":"/home/user","shell":"/bin/bash"}
[{"model":"Intel(R) Core(TM) i5-8250U CPU @ 1.60GHz","speed":1222,"times":{"user":16225800,"nice":4700,"sys":3983500,"idle":98529900,"irq":0}},{"model":"Intel(R) Core(TM) i5-8250U CPU @ 1.60GHz","speed":1198,"times":{"user":16321600,"nice":4600,"sys":3869800,"idle":98681600,"irq":0}},{"model":"Intel(R) Core(TM) i5-8250U CPU @ 1.60GHz","speed":1247,"times":{"user":16358500,"nice":4600,"sys":3765100,"idle":98778100,"irq":0}},{"model":"Intel(R) Core(TM) i5-8250U CPU @ 1.60GHz","speed":1162,"times":{"user":16700700,"nice":22200,"sys":4751000,"idle":96597000,"irq":0}},{"model":"Intel(R) Core(TM) i5-8250U CPU @ 1.60GHz","speed":1315,"times":{"user":15949000,"nice":3800,"sys":4138500,"idle":98664700,"irq":0}},{"model":"Intel(R) Core(TM) i5-8250U CPU @ 1.60GHz","speed":1066,"times":{"user":15893200,"nice":4000,"sys":3934300,"idle":98061100,"irq":0}},{"model":"Intel(R) Core(TM) i5-8250U CPU @ 1.60GHz","speed":1235,"times":{"user":16020200,"nice":4100,"sys":3886900,"idle":98996800,"irq":0}},{"model":"Intel(R) Core(TM) i5-8250U CPU @ 1.60GHz","speed":1158,"times":{"user":16146900,"nice":3800,"sys":4181900,"idle":98454900,"irq":0}}]
Logs
Del: 6d41dd683897114538f9afe68141aa62e308a0def22115f74795fbafdbb45ba5