Server work on linux:Linux:x64
Site hostname: anarky
Server PC Info: {"uid":1000,"gid":1000,"username":"user","homedir":"/home/user","shell":"/bin/bash"}
[{"model":"Intel(R) Core(TM) i5-8250U CPU @ 1.60GHz","speed":800,"times":{"user":3019200,"nice":900,"sys":677700,"idle":42673900,"irq":0}},{"model":"Intel(R) Core(TM) i5-8250U CPU @ 1.60GHz","speed":799,"times":{"user":3115600,"nice":17200,"sys":737900,"idle":42523500,"irq":0}},{"model":"Intel(R) Core(TM) i5-8250U CPU @ 1.60GHz","speed":800,"times":{"user":3081100,"nice":2700,"sys":679200,"idle":42647900,"irq":0}},{"model":"Intel(R) Core(TM) i5-8250U CPU @ 1.60GHz","speed":800,"times":{"user":3141000,"nice":2200,"sys":676300,"idle":42351600,"irq":0}},{"model":"Intel(R) Core(TM) i5-8250U CPU @ 1.60GHz","speed":800,"times":{"user":3001100,"nice":1900,"sys":797400,"idle":42534000,"irq":0}},{"model":"Intel(R) Core(TM) i5-8250U CPU @ 1.60GHz","speed":800,"times":{"user":2979000,"nice":2500,"sys":724800,"idle":42592300,"irq":0}},{"model":"Intel(R) Core(TM) i5-8250U CPU @ 1.60GHz","speed":800,"times":{"user":2961400,"nice":2100,"sys":668700,"idle":42770400,"irq":0}},{"model":"Intel(R) Core(TM) i5-8250U CPU @ 1.60GHz","speed":800,"times":{"user":2992000,"nice":1000,"sys":714100,"idle":42673300,"irq":0}}]
Logs
{"_id":"22ac23d84ee46c36310f2fe95aca5483196c1a7c96bc82d228a77aadbf3c1e7c","task":"dodged below slimy clock.","created_at":"2019.6.23"}Server work on linux:Linux:x64
Site hostname: anarky
Server PC Info: {"uid":1000,"gid":1000,"username":"user","homedir":"/home/user","shell":"/bin/bash"}
[{"model":"Intel(R) Core(TM) i5-8250U CPU @ 1.60GHz","speed":799,"times":{"user":3020300,"nice":900,"sys":677800,"idle":42682700,"irq":0}},{"model":"Intel(R) Core(TM) i5-8250U CPU @ 1.60GHz","speed":799,"times":{"user":3116400,"nice":17200,"sys":738000,"idle":42532200,"irq":0}},{"model":"Intel(R) Core(TM) i5-8250U CPU @ 1.60GHz","speed":799,"times":{"user":3081800,"nice":2700,"sys":679400,"idle":42656700,"irq":0}},{"model":"Intel(R) Core(TM) i5-8250U CPU @ 1.60GHz","speed":798,"times":{"user":3141300,"nice":2200,"sys":676400,"idle":42360600,"irq":0}},{"model":"Intel(R) Core(TM) i5-8250U CPU @ 1.60GHz","speed":799,"times":{"user":3001800,"nice":1900,"sys":797700,"idle":42542800,"irq":0}},{"model":"Intel(R) Core(TM) i5-8250U CPU @ 1.60GHz","speed":799,"times":{"user":2979600,"nice":2500,"sys":725000,"idle":42601200,"irq":0}},{"model":"Intel(R) Core(TM) i5-8250U CPU @ 1.60GHz","speed":799,"times":{"user":2962300,"nice":2100,"sys":669000,"idle":42779200,"irq":0}},{"model":"Intel(R) Core(TM) i5-8250U CPU @ 1.60GHz","speed":799,"times":{"user":2992500,"nice":1000,"sys":714300,"idle":42682300,"irq":0}}]
Logs
{"_id":"473beeee0400e32f04b21afe192302348095de0c68c8a6454b5d951a46d08dab","task":"breathed into soft plastic.","created_at":"2019.6.23"}Server work on linux:Linux:x64
Site hostname: anarky
Server PC Info: {"uid":1000,"gid":1000,"username":"user","homedir":"/home/user","shell":"/bin/bash"}
[{"model":"Intel(R) Core(TM) i5-8250U CPU @ 1.60GHz","speed":799,"times":{"user":3021100,"nice":900,"sys":677800,"idle":42689200,"irq":0}},{"model":"Intel(R) Core(TM) i5-8250U CPU @ 1.60GHz","speed":799,"times":{"user":3117400,"nice":17200,"sys":738100,"idle":42538400,"irq":0}},{"model":"Intel(R) Core(TM) i5-8250U CPU @ 1.60GHz","speed":799,"times":{"user":3082400,"nice":2700,"sys":679700,"idle":42663300,"irq":0}},{"model":"Intel(R) Core(TM) i5-8250U CPU @ 1.60GHz","speed":798,"times":{"user":3141900,"nice":2200,"sys":676700,"idle":42367200,"irq":0}},{"model":"Intel(R) Core(TM) i5-8250U CPU @ 1.60GHz","speed":799,"times":{"user":3002600,"nice":1900,"sys":798100,"idle":42549200,"irq":0}},{"model":"Intel(R) Core(TM) i5-8250U CPU @ 1.60GHz","speed":799,"times":{"user":2980200,"nice":2500,"sys":725200,"idle":42607900,"irq":0}},{"model":"Intel(R) Core(TM) i5-8250U CPU @ 1.60GHz","speed":799,"times":{"user":2962800,"nice":2100,"sys":669300,"idle":42785800,"irq":0}},{"model":"Intel(R) Core(TM) i5-8250U CPU @ 1.60GHz","speed":798,"times":{"user":2993000,"nice":1000,"sys":714400,"idle":42688900,"irq":0}}]
Logs
{"_id":"5b80b84b38a7b238a076701e1c62ee58ccb0a2c09448b623542749f4238fb8bb","task":"kicked on dumb hamster.","created_at":"2019.6.23"}Server work on linux:Linux:x64
Site hostname: anarky
Server PC Info: {"uid":1000,"gid":1000,"username":"user","homedir":"/home/user","shell":"/bin/bash"}
[{"model":"Intel(R) Core(TM) i5-8250U CPU @ 1.60GHz","speed":787,"times":{"user":3021900,"nice":900,"sys":677900,"idle":42695300,"irq":0}},{"model":"Intel(R) Core(TM) i5-8250U CPU @ 1.60GHz","speed":787,"times":{"user":3118200,"nice":17200,"sys":738300,"idle":42544600,"irq":0}},{"model":"Intel(R) Core(TM) i5-8250U CPU @ 1.60GHz","speed":785,"times":{"user":3083200,"nice":2700,"sys":679800,"idle":42669300,"irq":0}},{"model":"Intel(R) Core(TM) i5-8250U CPU @ 1.60GHz","speed":783,"times":{"user":3142400,"nice":2200,"sys":677100,"idle":42373200,"irq":0}},{"model":"Intel(R) Core(TM) i5-8250U CPU @ 1.60GHz","speed":786,"times":{"user":3003600,"nice":1900,"sys":798200,"idle":42555000,"irq":0}},{"model":"Intel(R) Core(TM) i5-8250U CPU @ 1.60GHz","speed":779,"times":{"user":2981000,"nice":2500,"sys":725500,"idle":42614000,"irq":0}},{"model":"Intel(R) Core(TM) i5-8250U CPU @ 1.60GHz","speed":780,"times":{"user":2963600,"nice":2100,"sys":669400,"idle":42791900,"irq":0}},{"model":"Intel(R) Core(TM) i5-8250U CPU @ 1.60GHz","speed":784,"times":{"user":2993800,"nice":1000,"sys":714600,"idle":42694900,"irq":0}}]
Logs
{"_id":"4141e065cd880109488d5a035992a4ca5dbf9fcc54b1df92bd2e05942ce1e6cf","task":"rolled upon rough professor.","created_at":"2019.6.23"}Server work on linux:Linux:x64
Site hostname: anarky
Server PC Info: {"uid":1000,"gid":1000,"username":"user","homedir":"/home/user","shell":"/bin/bash"}
[{"model":"Intel(R) Core(TM) i5-8250U CPU @ 1.60GHz","speed":800,"times":{"user":3022600,"nice":900,"sys":678100,"idle":42697900,"irq":0}},{"model":"Intel(R) Core(TM) i5-8250U CPU @ 1.60GHz","speed":800,"times":{"user":3118900,"nice":17200,"sys":738400,"idle":42547200,"irq":0}},{"model":"Intel(R) Core(TM) i5-8250U CPU @ 1.60GHz","speed":800,"times":{"user":3083700,"nice":2700,"sys":680000,"idle":42672000,"irq":0}},{"model":"Intel(R) Core(TM) i5-8250U CPU @ 1.60GHz","speed":799,"times":{"user":3143100,"nice":2200,"sys":677500,"idle":42375500,"irq":0}},{"model":"Intel(R) Core(TM) i5-8250U CPU @ 1.60GHz","speed":799,"times":{"user":3004000,"nice":1900,"sys":798600,"idle":42557600,"irq":0}},{"model":"Intel(R) Core(TM) i5-8250U CPU @ 1.60GHz","speed":800,"times":{"user":2981700,"nice":2500,"sys":725600,"idle":42616600,"irq":0}},{"model":"Intel(R) Core(TM) i5-8250U CPU @ 1.60GHz","speed":800,"times":{"user":2964500,"nice":2100,"sys":669500,"idle":42794400,"irq":0}},{"model":"Intel(R) Core(TM) i5-8250U CPU @ 1.60GHz","speed":799,"times":{"user":2994600,"nice":1000,"sys":714800,"idle":42697400,"irq":0}}]
Logs
{"_id":"bfc94a6dbb0e25479b3f05e3ecfff8ee8aef1c3ae4bd1165ad9807b62106f1a7","task":"breathed across lovely old lady.","created_at":"2019.6.23"}Server work on linux:Linux:x64
Site hostname: anarky
Server PC Info: {"uid":1000,"gid":1000,"username":"user","homedir":"/home/user","shell":"/bin/bash"}
[{"model":"Intel(R) Core(TM) i5-8250U CPU @ 1.60GHz","speed":863,"times":{"user":3023500,"nice":900,"sys":678200,"idle":42701100,"irq":0}},{"model":"Intel(R) Core(TM) i5-8250U CPU @ 1.60GHz","speed":889,"times":{"user":3119700,"nice":17200,"sys":738700,"idle":42550300,"irq":0}},{"model":"Intel(R) Core(TM) i5-8250U CPU @ 1.60GHz","speed":867,"times":{"user":3084600,"nice":2700,"sys":680100,"idle":42675100,"irq":0}},{"model":"Intel(R) Core(TM) i5-8250U CPU @ 1.60GHz","speed":911,"times":{"user":3144000,"nice":2200,"sys":677700,"idle":42378700,"irq":0}},{"model":"Intel(R) Core(TM) i5-8250U CPU @ 1.60GHz","speed":865,"times":{"user":3005000,"nice":1900,"sys":798700,"idle":42560700,"irq":0}},{"model":"Intel(R) Core(TM) i5-8250U CPU @ 1.60GHz","speed":863,"times":{"user":2982500,"nice":2500,"sys":725900,"idle":42619800,"irq":0}},{"model":"Intel(R) Core(TM) i5-8250U CPU @ 1.60GHz","speed":1321,"times":{"user":2967200,"nice":2100,"sys":669600,"idle":42795700,"irq":0}},{"model":"Intel(R) Core(TM) i5-8250U CPU @ 1.60GHz","speed":861,"times":{"user":2995300,"nice":1000,"sys":715200,"idle":42700600,"irq":0}}]
Logs
{"_id":"1fe3c07e47d712210a8d250fd877fa8b9567b181d7f5c9ac51d183eec84d9c53","task":"sliced on slimy boy.","created_at":"2019.6.23"}Server work on linux:Linux:x64
Site hostname: anarky
Server PC Info: {"uid":1000,"gid":1000,"username":"user","homedir":"/home/user","shell":"/bin/bash"}
[{"model":"Intel(R) Core(TM) i5-8250U CPU @ 1.60GHz","speed":800,"times":{"user":3024400,"nice":900,"sys":678200,"idle":42704100,"irq":0}},{"model":"Intel(R) Core(TM) i5-8250U CPU @ 1.60GHz","speed":800,"times":{"user":3120500,"nice":17200,"sys":739000,"idle":42553100,"irq":0}},{"model":"Intel(R) Core(TM) i5-8250U CPU @ 1.60GHz","speed":799,"times":{"user":3085500,"nice":2700,"sys":680200,"idle":42678000,"irq":0}},{"model":"Intel(R) Core(TM) i5-8250U CPU @ 1.60GHz","speed":799,"times":{"user":3144700,"nice":2200,"sys":677800,"idle":42381400,"irq":0}},{"model":"Intel(R) Core(TM) i5-8250U CPU @ 1.60GHz","speed":799,"times":{"user":3005800,"nice":1900,"sys":798800,"idle":42563500,"irq":0}},{"model":"Intel(R) Core(TM) i5-8250U CPU @ 1.60GHz","speed":799,"times":{"user":2983100,"nice":2500,"sys":726100,"idle":42622800,"irq":0}},{"model":"Intel(R) Core(TM) i5-8250U CPU @ 1.60GHz","speed":799,"times":{"user":2967700,"nice":2100,"sys":669900,"idle":42798700,"irq":0}},{"model":"Intel(R) Core(TM) i5-8250U CPU @ 1.60GHz","speed":799,"times":{"user":2996100,"nice":1000,"sys":715400,"idle":42703500,"irq":0}}]
Logs
{"_id":"a6e0f43afcacfa3270d82704b8ca0ddf85c5571aba3f946ee048f8dae4844777","task":"breathed down hot teacher.","created_at":"2019.6.23"}Server work on linux:Linux:x64
Site hostname: anarky
Server PC Info: {"uid":1000,"gid":1000,"username":"user","homedir":"/home/user","shell":"/bin/bash"}
[{"model":"Intel(R) Core(TM) i5-8250U CPU @ 1.60GHz","speed":798,"times":{"user":3025000,"nice":900,"sys":678400,"idle":42706000,"irq":0}},{"model":"Intel(R) Core(TM) i5-8250U CPU @ 1.60GHz","speed":799,"times":{"user":3121400,"nice":17200,"sys":739100,"idle":42555100,"irq":0}},{"model":"Intel(R) Core(TM) i5-8250U CPU @ 1.60GHz","speed":799,"times":{"user":3086000,"nice":2700,"sys":680500,"idle":42679900,"irq":0}},{"model":"Intel(R) Core(TM) i5-8250U CPU @ 1.60GHz","speed":798,"times":{"user":3145500,"nice":2200,"sys":678000,"idle":42383200,"irq":0}},{"model":"Intel(R) Core(TM) i5-8250U CPU @ 1.60GHz","speed":799,"times":{"user":3006200,"nice":1900,"sys":799000,"idle":42565600,"irq":0}},{"model":"Intel(R) Core(TM) i5-8250U CPU @ 1.60GHz","speed":799,"times":{"user":2983800,"nice":2500,"sys":726400,"idle":42624800,"irq":0}},{"model":"Intel(R) Core(TM) i5-8250U CPU @ 1.60GHz","speed":799,"times":{"user":2968500,"nice":2100,"sys":670000,"idle":42800500,"irq":0}},{"model":"Intel(R) Core(TM) i5-8250U CPU @ 1.60GHz","speed":799,"times":{"user":2996800,"nice":1000,"sys":715600,"idle":42705400,"irq":0}}]
Logs
{"_id":"e088f36fb2d618fe53f9a211b04be11b98ce1428b38211138cb779830f769f82","task":"dodged below lovely hamster.","created_at":"2019.6.23"}Server work on linux:Linux:x64
Site hostname: anarky
Server PC Info: {"uid":1000,"gid":1000,"username":"user","homedir":"/home/user","shell":"/bin/bash"}
[{"model":"Intel(R) Core(TM) i5-8250U CPU @ 1.60GHz","speed":792,"times":{"user":3025800,"nice":900,"sys":678500,"idle":42708000,"irq":0}},{"model":"Intel(R) Core(TM) i5-8250U CPU @ 1.60GHz","speed":793,"times":{"user":3121700,"nice":17200,"sys":739200,"idle":42557300,"irq":0}},{"model":"Intel(R) Core(TM) i5-8250U CPU @ 1.60GHz","speed":794,"times":{"user":3086800,"nice":2700,"sys":680700,"idle":42681900,"irq":0}},{"model":"Intel(R) Core(TM) i5-8250U CPU @ 1.60GHz","speed":788,"times":{"user":3146400,"nice":2200,"sys":678100,"idle":42384900,"irq":0}},{"model":"Intel(R) Core(TM) i5-8250U CPU @ 1.60GHz","speed":791,"times":{"user":3006800,"nice":1900,"sys":799400,"idle":42567600,"irq":0}},{"model":"Intel(R) Core(TM) i5-8250U CPU @ 1.60GHz","speed":794,"times":{"user":2984500,"nice":2500,"sys":726400,"idle":42626800,"irq":0}},{"model":"Intel(R) Core(TM) i5-8250U CPU @ 1.60GHz","speed":793,"times":{"user":2969100,"nice":2100,"sys":670200,"idle":42802400,"irq":0}},{"model":"Intel(R) Core(TM) i5-8250U CPU @ 1.60GHz","speed":788,"times":{"user":2997600,"nice":1000,"sys":715800,"idle":42707100,"irq":0}}]
Logs
{"_id":"4dda1bd19fb9b36316146e541158fb6473dd6851446bfd6f9eaeeb4278d4525d","task":"died down soft boy.","created_at":"2019.6.23"}Server work on linux:Linux:x64
Site hostname: anarky
Server PC Info: {"uid":1000,"gid":1000,"username":"user","homedir":"/home/user","shell":"/bin/bash"}
[{"model":"Intel(R) Core(TM) i5-8250U CPU @ 1.60GHz","speed":796,"times":{"user":3026600,"nice":900,"sys":678600,"idle":42712500,"irq":0}},{"model":"Intel(R) Core(TM) i5-8250U CPU @ 1.60GHz","speed":797,"times":{"user":3122400,"nice":17200,"sys":739400,"idle":42561900,"irq":0}},{"model":"Intel(R) Core(TM) i5-8250U CPU @ 1.60GHz","speed":798,"times":{"user":3087500,"nice":2700,"sys":680900,"idle":42686400,"irq":0}},{"model":"Intel(R) Core(TM) i5-8250U CPU @ 1.60GHz","speed":797,"times":{"user":3146900,"nice":2200,"sys":678300,"idle":42389400,"irq":0}},{"model":"Intel(R) Core(TM) i5-8250U CPU @ 1.60GHz","speed":796,"times":{"user":3007400,"nice":1900,"sys":799600,"idle":42572000,"irq":0}},{"model":"Intel(R) Core(TM) i5-8250U CPU @ 1.60GHz","speed":798,"times":{"user":2985100,"nice":2500,"sys":726500,"idle":42631400,"irq":0}},{"model":"Intel(R) Core(TM) i5-8250U CPU @ 1.60GHz","speed":798,"times":{"user":2969800,"nice":2100,"sys":670400,"idle":42806900,"irq":0}},{"model":"Intel(R) Core(TM) i5-8250U CPU @ 1.60GHz","speed":798,"times":{"user":2998000,"nice":1000,"sys":716000,"idle":42711600,"irq":0}}]
Logs
{"_id":"15a2c00a82e5e72542f63332100089ecb7f7ba63d77b3005bf1ef1fa69915037","task":"rolled below beautiful teacher.","created_at":"2019.6.23"}Server work on linux:Linux:x64
Site hostname: anarky
Server PC Info: {"uid":1000,"gid":1000,"username":"user","homedir":"/home/user","shell":"/bin/bash"}
[{"model":"Intel(R) Core(TM) i5-8250U CPU @ 1.60GHz","speed":794,"times":{"user":3027600,"nice":900,"sys":678700,"idle":42719900,"irq":0}},{"model":"Intel(R) Core(TM) i5-8250U CPU @ 1.60GHz","speed":793,"times":{"user":3123200,"nice":17200,"sys":739600,"idle":42569600,"irq":0}},{"model":"Intel(R) Core(TM) i5-8250U CPU @ 1.60GHz","speed":797,"times":{"user":3088400,"nice":2700,"sys":681100,"idle":42694100,"irq":0}},{"model":"Intel(R) Core(TM) i5-8250U CPU @ 1.60GHz","speed":798,"times":{"user":3147500,"nice":2200,"sys":678600,"idle":42397100,"irq":0}},{"model":"Intel(R) Core(TM) i5-8250U CPU @ 1.60GHz","speed":794,"times":{"user":3008300,"nice":1900,"sys":799700,"idle":42579500,"irq":0}},{"model":"Intel(R) Core(TM) i5-8250U CPU @ 1.60GHz","speed":796,"times":{"user":2985700,"nice":2500,"sys":726800,"idle":42639000,"irq":0}},{"model":"Intel(R) Core(TM) i5-8250U CPU @ 1.60GHz","speed":797,"times":{"user":2970600,"nice":2100,"sys":670600,"idle":42814400,"irq":0}},{"model":"Intel(R) Core(TM) i5-8250U CPU @ 1.60GHz","speed":798,"times":{"user":2998900,"nice":1000,"sys":716100,"idle":42719100,"irq":0}}]
Logs
{"_id":"637084673aed63cb4a739fbb393f36c04cc396db3cbdbf03060bc2ebf79fc5cd","task":"flew upon soft plastic.","created_at":"2019.6.23"}Server work on linux:Linux:x64
Site hostname: anarky
Server PC Info: {"uid":1000,"gid":1000,"username":"user","homedir":"/home/user","shell":"/bin/bash"}
[{"model":"Intel(R) Core(TM) i5-8250U CPU @ 1.60GHz","speed":800,"times":{"user":3032800,"nice":900,"sys":681200,"idle":42807800,"irq":0}},{"model":"Intel(R) Core(TM) i5-8250U CPU @ 1.60GHz","speed":800,"times":{"user":3130700,"nice":17200,"sys":741900,"idle":42656200,"irq":0}},{"model":"Intel(R) Core(TM) i5-8250U CPU @ 1.60GHz","speed":800,"times":{"user":3094400,"nice":2700,"sys":683500,"idle":42781500,"irq":0}},{"model":"Intel(R) Core(TM) i5-8250U CPU @ 1.60GHz","speed":800,"times":{"user":3155900,"nice":2200,"sys":680800,"idle":42482300,"irq":0}},{"model":"Intel(R) Core(TM) i5-8250U CPU @ 1.60GHz","speed":800,"times":{"user":3013600,"nice":1900,"sys":802300,"idle":42667200,"irq":0}},{"model":"Intel(R) Core(TM) i5-8250U CPU @ 1.60GHz","speed":800,"times":{"user":2992800,"nice":2500,"sys":729200,"idle":42724700,"irq":0}},{"model":"Intel(R) Core(TM) i5-8250U CPU @ 1.60GHz","speed":800,"times":{"user":2975800,"nice":2100,"sys":672700,"idle":42902300,"irq":0}},{"model":"Intel(R) Core(TM) i5-8250U CPU @ 1.60GHz","speed":800,"times":{"user":3004400,"nice":1100,"sys":718200,"idle":42807400,"irq":0}}]
Logs
{"_id":"043abe73e97b041194fa19643e2d11bf0dd4fa7da110356e281315c79bfd395a","task":"dodged through lazy teacher.","created_at":"2019.6.23"}Server work on linux:Linux:x64
Site hostname: anarky
Server PC Info: {"uid":1000,"gid":1000,"username":"user","homedir":"/home/user","shell":"/bin/bash"}
[{"model":"Intel(R) Core(TM) i5-8250U CPU @ 1.60GHz","speed":799,"times":{"user":3033600,"nice":900,"sys":681300,"idle":42810300,"irq":0}},{"model":"Intel(R) Core(TM) i5-8250U CPU @ 1.60GHz","speed":800,"times":{"user":3131100,"nice":17200,"sys":742100,"idle":42658900,"irq":0}},{"model":"Intel(R) Core(TM) i5-8250U CPU @ 1.60GHz","speed":800,"times":{"user":3094900,"nice":2700,"sys":683700,"idle":42784200,"irq":0}},{"model":"Intel(R) Core(TM) i5-8250U CPU @ 1.60GHz","speed":800,"times":{"user":3156600,"nice":2200,"sys":680900,"idle":42484800,"irq":0}},{"model":"Intel(R) Core(TM) i5-8250U CPU @ 1.60GHz","speed":799,"times":{"user":3014000,"nice":1900,"sys":802400,"idle":42669900,"irq":0}},{"model":"Intel(R) Core(TM) i5-8250U CPU @ 1.60GHz","speed":799,"times":{"user":2993600,"nice":2500,"sys":729300,"idle":42727100,"irq":0}},{"model":"Intel(R) Core(TM) i5-8250U CPU @ 1.60GHz","speed":800,"times":{"user":2976300,"nice":2100,"sys":673000,"idle":42904900,"irq":0}},{"model":"Intel(R) Core(TM) i5-8250U CPU @ 1.60GHz","speed":799,"times":{"user":3005400,"nice":1100,"sys":718200,"idle":42809700,"irq":0}}]
Logs
{"_id":"57769a42ee322ebe35b6a83274a0736afa001f3eeff490533eef0041b8c534fc","task":"kicked above slimy old lady.","created_at":"2019.6.23"}Server work on linux:Linux:x64
Site hostname: anarky
Server PC Info: {"uid":1000,"gid":1000,"username":"user","homedir":"/home/user","shell":"/bin/bash"}
[{"model":"Intel(R) Core(TM) i5-8250U CPU @ 1.60GHz","speed":800,"times":{"user":3034400,"nice":900,"sys":681300,"idle":42811200,"irq":0}},{"model":"Intel(R) Core(TM) i5-8250U CPU @ 1.60GHz","speed":800,"times":{"user":3131800,"nice":17200,"sys":742300,"idle":42659800,"irq":0}},{"model":"Intel(R) Core(TM) i5-8250U CPU @ 1.60GHz","speed":800,"times":{"user":3095500,"nice":2700,"sys":683900,"idle":42785100,"irq":0}},{"model":"Intel(R) Core(TM) i5-8250U CPU @ 1.60GHz","speed":799,"times":{"user":3157400,"nice":2200,"sys":681100,"idle":42485600,"irq":0}},{"model":"Intel(R) Core(TM) i5-8250U CPU @ 1.60GHz","speed":799,"times":{"user":3014900,"nice":1900,"sys":802600,"idle":42670700,"irq":0}},{"model":"Intel(R) Core(TM) i5-8250U CPU @ 1.60GHz","speed":799,"times":{"user":2994200,"nice":2500,"sys":729500,"idle":42728100,"irq":0}},{"model":"Intel(R) Core(TM) i5-8250U CPU @ 1.60GHz","speed":800,"times":{"user":2976900,"nice":2100,"sys":673200,"idle":42905900,"irq":0}},{"model":"Intel(R) Core(TM) i5-8250U CPU @ 1.60GHz","speed":800,"times":{"user":3006100,"nice":1100,"sys":718200,"idle":42810700,"irq":0}}]
Logs
{"_id":"19b3eae9effe20dfccf5ea2beb87c0749cf3454813a142ac5e7a6545a7a43951","task":"kicked below soft clock.","created_at":"2019.6.23"}Server work on linux:Linux:x64
Site hostname: anarky
Server PC Info: {"uid":1000,"gid":1000,"username":"user","homedir":"/home/user","shell":"/bin/bash"}
[{"model":"Intel(R) Core(TM) i5-8250U CPU @ 1.60GHz","speed":800,"times":{"user":3035000,"nice":900,"sys":681500,"idle":42812200,"irq":0}},{"model":"Intel(R) Core(TM) i5-8250U CPU @ 1.60GHz","speed":800,"times":{"user":3132400,"nice":17200,"sys":742400,"idle":42660600,"irq":0}},{"model":"Intel(R) Core(TM) i5-8250U CPU @ 1.60GHz","speed":799,"times":{"user":3096300,"nice":2700,"sys":684000,"idle":42786000,"irq":0}},{"model":"Intel(R) Core(TM) i5-8250U CPU @ 1.60GHz","speed":799,"times":{"user":3158100,"nice":2200,"sys":681200,"idle":42486500,"irq":0}},{"model":"Intel(R) Core(TM) i5-8250U CPU @ 1.60GHz","speed":800,"times":{"user":3015400,"nice":1900,"sys":802600,"idle":42671700,"irq":0}},{"model":"Intel(R) Core(TM) i5-8250U CPU @ 1.60GHz","speed":800,"times":{"user":2994900,"nice":2500,"sys":729600,"idle":42728900,"irq":0}},{"model":"Intel(R) Core(TM) i5-8250U CPU @ 1.60GHz","speed":799,"times":{"user":2977400,"nice":2100,"sys":673400,"idle":42906900,"irq":0}},{"model":"Intel(R) Core(TM) i5-8250U CPU @ 1.60GHz","speed":799,"times":{"user":3006800,"nice":1100,"sys":718400,"idle":42811600,"irq":0}}]
Logs
{"_id":"c818e6139d3dc9d2a495c684127dfe15913b4942aa8e41d156ab75d03a17a111","task":"died up rough dog.","created_at":"2019.6.23"}Server work on linux:Linux:x64
Site hostname: anarky
Server PC Info: {"uid":1000,"gid":1000,"username":"user","homedir":"/home/user","shell":"/bin/bash"}
[{"model":"Intel(R) Core(TM) i5-8250U CPU @ 1.60GHz","speed":800,"times":{"user":3035600,"nice":900,"sys":681500,"idle":42813000,"irq":0}},{"model":"Intel(R) Core(TM) i5-8250U CPU @ 1.60GHz","speed":800,"times":{"user":3133000,"nice":17200,"sys":742600,"idle":42661600,"irq":0}},{"model":"Intel(R) Core(TM) i5-8250U CPU @ 1.60GHz","speed":800,"times":{"user":3096800,"nice":2700,"sys":684100,"idle":42786900,"irq":0}},{"model":"Intel(R) Core(TM) i5-8250U CPU @ 1.60GHz","speed":800,"times":{"user":3158700,"nice":2200,"sys":681300,"idle":42487300,"irq":0}},{"model":"Intel(R) Core(TM) i5-8250U CPU @ 1.60GHz","speed":800,"times":{"user":3015800,"nice":1900,"sys":802900,"idle":42672600,"irq":0}},{"model":"Intel(R) Core(TM) i5-8250U CPU @ 1.60GHz","speed":800,"times":{"user":2995600,"nice":2500,"sys":729900,"idle":42729500,"irq":0}},{"model":"Intel(R) Core(TM) i5-8250U CPU @ 1.60GHz","speed":800,"times":{"user":2977800,"nice":2100,"sys":673500,"idle":42907900,"irq":0}},{"model":"Intel(R) Core(TM) i5-8250U CPU @ 1.60GHz","speed":800,"times":{"user":3007700,"nice":1100,"sys":718500,"idle":42812400,"irq":0}}]
Logs
{"_id":"b646c7055bb82aeb0bf36cb1b581016745813996e5ee6c860d5758ee8108e60b","task":"killed on vibrating professor.","created_at":"2019.6.23"}Server work on linux:Linux:x64
Site hostname: anarky
Server PC Info: {"uid":1000,"gid":1000,"username":"user","homedir":"/home/user","shell":"/bin/bash"}
[{"model":"Intel(R) Core(TM) i5-8250U CPU @ 1.60GHz","speed":799,"times":{"user":3036300,"nice":900,"sys":681600,"idle":42813800,"irq":0}},{"model":"Intel(R) Core(TM) i5-8250U CPU @ 1.60GHz","speed":800,"times":{"user":3133500,"nice":17200,"sys":742800,"idle":42662300,"irq":0}},{"model":"Intel(R) Core(TM) i5-8250U CPU @ 1.60GHz","speed":800,"times":{"user":3097700,"nice":2700,"sys":684100,"idle":42787500,"irq":0}},{"model":"Intel(R) Core(TM) i5-8250U CPU @ 1.60GHz","speed":800,"times":{"user":3159700,"nice":2200,"sys":681400,"idle":42487700,"irq":0}},{"model":"Intel(R) Core(TM) i5-8250U CPU @ 1.60GHz","speed":799,"times":{"user":3016500,"nice":1900,"sys":803200,"idle":42673200,"irq":0}},{"model":"Intel(R) Core(TM) i5-8250U CPU @ 1.60GHz","speed":799,"times":{"user":2996100,"nice":2500,"sys":730000,"idle":42730200,"irq":0}},{"model":"Intel(R) Core(TM) i5-8250U CPU @ 1.60GHz","speed":800,"times":{"user":2978500,"nice":2100,"sys":673600,"idle":42908600,"irq":0}},{"model":"Intel(R) Core(TM) i5-8250U CPU @ 1.60GHz","speed":800,"times":{"user":3008700,"nice":1100,"sys":718600,"idle":42812800,"irq":0}}]
Logs
{"_id":"ae39f5feded9fb53b7de90d04b9beba576166929301049eb86cd444fce982d57","task":"dodged upon dumb bird.","created_at":"2019.6.23"}Server work on linux:Linux:x64
Site hostname: anarky
Server PC Info: {"uid":1000,"gid":1000,"username":"user","homedir":"/home/user","shell":"/bin/bash"}
[{"model":"Intel(R) Core(TM) i5-8250U CPU @ 1.60GHz","speed":827,"times":{"user":3037400,"nice":900,"sys":681800,"idle":42825500,"irq":0}},{"model":"Intel(R) Core(TM) i5-8250U CPU @ 1.60GHz","speed":848,"times":{"user":3134000,"nice":17200,"sys":743100,"idle":42674200,"irq":0}},{"model":"Intel(R) Core(TM) i5-8250U CPU @ 1.60GHz","speed":850,"times":{"user":3098500,"nice":2700,"sys":684300,"idle":42799400,"irq":0}},{"model":"Intel(R) Core(TM) i5-8250U CPU @ 1.60GHz","speed":855,"times":{"user":3160400,"nice":2200,"sys":681600,"idle":42499500,"irq":0}},{"model":"Intel(R) Core(TM) i5-8250U CPU @ 1.60GHz","speed":846,"times":{"user":3017200,"nice":1900,"sys":803500,"idle":42685100,"irq":0}},{"model":"Intel(R) Core(TM) i5-8250U CPU @ 1.60GHz","speed":843,"times":{"user":2996600,"nice":2500,"sys":730300,"idle":42742000,"irq":0}},{"model":"Intel(R) Core(TM) i5-8250U CPU @ 1.60GHz","speed":839,"times":{"user":2979000,"nice":2100,"sys":673800,"idle":42920600,"irq":0}},{"model":"Intel(R) Core(TM) i5-8250U CPU @ 1.60GHz","speed":824,"times":{"user":3009500,"nice":1100,"sys":718800,"idle":42824600,"irq":0}}]
Logs
{"_id":"d75116c4cc68b9d6e4918225a4bef0192ca2dbb96901496fe60f26ec5c38b67f","task":"killed upon soft duck.","created_at":"2019.6.23"}