Server work on linux:Linux:x64
Site hostname: anarky
Server PC Info: {"uid":1000,"gid":1000,"username":"user","homedir":"/home/user","shell":"/bin/bash"}
[{"model":"Intel(R) Core(TM) i5-8250U CPU @ 1.60GHz","speed":798,"times":{"user":2606800,"nice":10600,"sys":712300,"idle":39861400,"irq":0}},{"model":"Intel(R) Core(TM) i5-8250U CPU @ 1.60GHz","speed":798,"times":{"user":2635600,"nice":6200,"sys":629000,"idle":23636100,"irq":0}},{"model":"Intel(R) Core(TM) i5-8250U CPU @ 1.60GHz","speed":800,"times":{"user":2629500,"nice":6700,"sys":637900,"idle":23671400,"irq":0}},{"model":"Intel(R) Core(TM) i5-8250U CPU @ 1.60GHz","speed":800,"times":{"user":2700300,"nice":2200,"sys":628300,"idle":23642100,"irq":0}},{"model":"Intel(R) Core(TM) i5-8250U CPU @ 1.60GHz","speed":792,"times":{"user":2666700,"nice":1800,"sys":612300,"idle":23665400,"irq":0}},{"model":"Intel(R) Core(TM) i5-8250U CPU @ 1.60GHz","speed":796,"times":{"user":2533600,"nice":2200,"sys":664000,"idle":23633900,"irq":0}},{"model":"Intel(R) Core(TM) i5-8250U CPU @ 1.60GHz","speed":800,"times":{"user":2641300,"nice":2100,"sys":628600,"idle":23684100,"irq":0}},{"model":"Intel(R) Core(TM) i5-8250U CPU @ 1.60GHz","speed":798,"times":{"user":2632800,"nice":2300,"sys":644200,"idle":23654100,"irq":0}}]
Logs
{"_id":"1bcb4bfabd20c1d49c08aa9600a09b78ebc2e9664767817583c856434331c529","task":"sliced down vibrating bird.","created_at":"2019.6.23"}Server work on linux:Linux:x64
Site hostname: anarky
Server PC Info: {"uid":1000,"gid":1000,"username":"user","homedir":"/home/user","shell":"/bin/bash"}
[{"model":"Intel(R) Core(TM) i5-8250U CPU @ 1.60GHz","speed":798,"times":{"user":2607200,"nice":10600,"sys":712400,"idle":39862300,"irq":0}},{"model":"Intel(R) Core(TM) i5-8250U CPU @ 1.60GHz","speed":799,"times":{"user":2635900,"nice":6200,"sys":629100,"idle":23637000,"irq":0}},{"model":"Intel(R) Core(TM) i5-8250U CPU @ 1.60GHz","speed":799,"times":{"user":2629700,"nice":6700,"sys":638000,"idle":23672400,"irq":0}},{"model":"Intel(R) Core(TM) i5-8250U CPU @ 1.60GHz","speed":800,"times":{"user":2700600,"nice":2200,"sys":628500,"idle":23643000,"irq":0}},{"model":"Intel(R) Core(TM) i5-8250U CPU @ 1.60GHz","speed":799,"times":{"user":2666900,"nice":1800,"sys":612400,"idle":23666400,"irq":0}},{"model":"Intel(R) Core(TM) i5-8250U CPU @ 1.60GHz","speed":799,"times":{"user":2534200,"nice":2200,"sys":664000,"idle":23634600,"irq":0}},{"model":"Intel(R) Core(TM) i5-8250U CPU @ 1.60GHz","speed":799,"times":{"user":2641600,"nice":2100,"sys":628700,"idle":23685000,"irq":0}},{"model":"Intel(R) Core(TM) i5-8250U CPU @ 1.60GHz","speed":799,"times":{"user":2633100,"nice":2300,"sys":644200,"idle":23655100,"irq":0}}]
Logs
{"_id":"071f6c5c5d6f10f87257813b9fddfdef96c9421d8b629ed16c04bd73d490c163","task":"slept down professional clock.","created_at":"2019.6.23"}Server work on linux:Linux:x64
Site hostname: anarky
Server PC Info: {"uid":1000,"gid":1000,"username":"user","homedir":"/home/user","shell":"/bin/bash"}
[{"model":"Intel(R) Core(TM) i5-8250U CPU @ 1.60GHz","speed":803,"times":{"user":2607700,"nice":10600,"sys":712500,"idle":39863300,"irq":0}},{"model":"Intel(R) Core(TM) i5-8250U CPU @ 1.60GHz","speed":806,"times":{"user":2636300,"nice":6200,"sys":629200,"idle":23638200,"irq":0}},{"model":"Intel(R) Core(TM) i5-8250U CPU @ 1.60GHz","speed":811,"times":{"user":2630000,"nice":6700,"sys":638100,"idle":23673600,"irq":0}},{"model":"Intel(R) Core(TM) i5-8250U CPU @ 1.60GHz","speed":805,"times":{"user":2700900,"nice":2200,"sys":628600,"idle":23644300,"irq":0}},{"model":"Intel(R) Core(TM) i5-8250U CPU @ 1.60GHz","speed":805,"times":{"user":2667400,"nice":1800,"sys":612400,"idle":23667700,"irq":0}},{"model":"Intel(R) Core(TM) i5-8250U CPU @ 1.60GHz","speed":804,"times":{"user":2534600,"nice":2200,"sys":664000,"idle":23635700,"irq":0}},{"model":"Intel(R) Core(TM) i5-8250U CPU @ 1.60GHz","speed":804,"times":{"user":2641900,"nice":2100,"sys":628900,"idle":23686300,"irq":0}},{"model":"Intel(R) Core(TM) i5-8250U CPU @ 1.60GHz","speed":804,"times":{"user":2633300,"nice":2300,"sys":644400,"idle":23656400,"irq":0}}]
Logs
{"_id":"3c7906e05906b611beb08933e558178b82dc31593795a5ddb46cff65fb26e0ab","task":"flew upon professional clock.","created_at":"2019.6.23"}Server work on linux:Linux:x64
Site hostname: anarky
Server PC Info: {"uid":1000,"gid":1000,"username":"user","homedir":"/home/user","shell":"/bin/bash"}
[{"model":"Intel(R) Core(TM) i5-8250U CPU @ 1.60GHz","speed":801,"times":{"user":2608300,"nice":10600,"sys":712600,"idle":39864200,"irq":0}},{"model":"Intel(R) Core(TM) i5-8250U CPU @ 1.60GHz","speed":801,"times":{"user":2636700,"nice":6200,"sys":629400,"idle":23639400,"irq":0}},{"model":"Intel(R) Core(TM) i5-8250U CPU @ 1.60GHz","speed":800,"times":{"user":2630400,"nice":6700,"sys":638200,"idle":23674900,"irq":0}},{"model":"Intel(R) Core(TM) i5-8250U CPU @ 1.60GHz","speed":801,"times":{"user":2701200,"nice":2200,"sys":628600,"idle":23645600,"irq":0}},{"model":"Intel(R) Core(TM) i5-8250U CPU @ 1.60GHz","speed":802,"times":{"user":2667800,"nice":1800,"sys":612600,"idle":23668900,"irq":0}},{"model":"Intel(R) Core(TM) i5-8250U CPU @ 1.60GHz","speed":802,"times":{"user":2535000,"nice":2200,"sys":664100,"idle":23636900,"irq":0}},{"model":"Intel(R) Core(TM) i5-8250U CPU @ 1.60GHz","speed":800,"times":{"user":2642100,"nice":2100,"sys":629000,"idle":23687700,"irq":0}},{"model":"Intel(R) Core(TM) i5-8250U CPU @ 1.60GHz","speed":800,"times":{"user":2633700,"nice":2300,"sys":644400,"idle":23657600,"irq":0}}]
Logs
{"_id":"cde4ee339ac84f922b2216b40a9cf6834a35334d3ca9fd2298bc86a6a5cd00b5","task":"killed below lazy professor.","created_at":"2019.6.23"}Server work on linux:Linux:x64
Site hostname: anarky
Server PC Info: {"uid":1000,"gid":1000,"username":"user","homedir":"/home/user","shell":"/bin/bash"}
[{"model":"Intel(R) Core(TM) i5-8250U CPU @ 1.60GHz","speed":800,"times":{"user":2609000,"nice":10600,"sys":712800,"idle":39865000,"irq":0}},{"model":"Intel(R) Core(TM) i5-8250U CPU @ 1.60GHz","speed":800,"times":{"user":2637300,"nice":6200,"sys":629500,"idle":23640400,"irq":0}},{"model":"Intel(R) Core(TM) i5-8250U CPU @ 1.60GHz","speed":800,"times":{"user":2630800,"nice":6700,"sys":638400,"idle":23676000,"irq":0}},{"model":"Intel(R) Core(TM) i5-8250U CPU @ 1.60GHz","speed":800,"times":{"user":2701600,"nice":2200,"sys":628800,"idle":23646600,"irq":0}},{"model":"Intel(R) Core(TM) i5-8250U CPU @ 1.60GHz","speed":800,"times":{"user":2668300,"nice":1800,"sys":612800,"idle":23669800,"irq":0}},{"model":"Intel(R) Core(TM) i5-8250U CPU @ 1.60GHz","speed":800,"times":{"user":2535300,"nice":2200,"sys":664400,"idle":23637900,"irq":0}},{"model":"Intel(R) Core(TM) i5-8250U CPU @ 1.60GHz","speed":800,"times":{"user":2642400,"nice":2100,"sys":629100,"idle":23688700,"irq":0}},{"model":"Intel(R) Core(TM) i5-8250U CPU @ 1.60GHz","speed":800,"times":{"user":2634600,"nice":2300,"sys":644600,"idle":23658100,"irq":0}}]
Logs
{"_id":"2cd1e713a1709e79ebcbfd5a07433bf8da9f5e606ef3c240c6a1e5fae41e4ddd","task":"ran below slimy old lady.","created_at":"2019.6.23"}Server work on linux:Linux:x64
Site hostname: anarky
Server PC Info: {"uid":1000,"gid":1000,"username":"user","homedir":"/home/user","shell":"/bin/bash"}
[{"model":"Intel(R) Core(TM) i5-8250U CPU @ 1.60GHz","speed":799,"times":{"user":2609500,"nice":10600,"sys":712900,"idle":39865900,"irq":0}},{"model":"Intel(R) Core(TM) i5-8250U CPU @ 1.60GHz","speed":799,"times":{"user":2638200,"nice":6200,"sys":629500,"idle":23641300,"irq":0}},{"model":"Intel(R) Core(TM) i5-8250U CPU @ 1.60GHz","speed":799,"times":{"user":2631600,"nice":6700,"sys":638600,"idle":23676800,"irq":0}},{"model":"Intel(R) Core(TM) i5-8250U CPU @ 1.60GHz","speed":799,"times":{"user":2702400,"nice":2200,"sys":629000,"idle":23647500,"irq":0}},{"model":"Intel(R) Core(TM) i5-8250U CPU @ 1.60GHz","speed":799,"times":{"user":2668800,"nice":1800,"sys":612900,"idle":23670800,"irq":0}},{"model":"Intel(R) Core(TM) i5-8250U CPU @ 1.60GHz","speed":799,"times":{"user":2536200,"nice":2200,"sys":664600,"idle":23638600,"irq":0}},{"model":"Intel(R) Core(TM) i5-8250U CPU @ 1.60GHz","speed":799,"times":{"user":2643000,"nice":2100,"sys":629300,"idle":23689700,"irq":0}},{"model":"Intel(R) Core(TM) i5-8250U CPU @ 1.60GHz","speed":799,"times":{"user":2635600,"nice":2300,"sys":644700,"idle":23658700,"irq":0}}]
Logs
{"_id":"6201a082316c29a738f229345698fe1af72103dcb957d7f2fc1c0248c9757da0","task":"kicked below slimy hamster.","created_at":"2019.6.23"}Server work on linux:Linux:x64
Site hostname: anarky
Server PC Info: {"uid":1000,"gid":1000,"username":"user","homedir":"/home/user","shell":"/bin/bash"}
[{"model":"Intel(R) Core(TM) i5-8250U CPU @ 1.60GHz","speed":798,"times":{"user":2610000,"nice":10600,"sys":713000,"idle":39866900,"irq":0}},{"model":"Intel(R) Core(TM) i5-8250U CPU @ 1.60GHz","speed":800,"times":{"user":2638900,"nice":6200,"sys":629600,"idle":23642100,"irq":0}},{"model":"Intel(R) Core(TM) i5-8250U CPU @ 1.60GHz","speed":801,"times":{"user":2632200,"nice":6700,"sys":638600,"idle":23677800,"irq":0}},{"model":"Intel(R) Core(TM) i5-8250U CPU @ 1.60GHz","speed":801,"times":{"user":2702700,"nice":2200,"sys":629100,"idle":23648500,"irq":0}},{"model":"Intel(R) Core(TM) i5-8250U CPU @ 1.60GHz","speed":799,"times":{"user":2669300,"nice":1800,"sys":613000,"idle":23671600,"irq":0}},{"model":"Intel(R) Core(TM) i5-8250U CPU @ 1.60GHz","speed":800,"times":{"user":2536400,"nice":2200,"sys":664700,"idle":23639600,"irq":0}},{"model":"Intel(R) Core(TM) i5-8250U CPU @ 1.60GHz","speed":800,"times":{"user":2643300,"nice":2100,"sys":629600,"idle":23690600,"irq":0}},{"model":"Intel(R) Core(TM) i5-8250U CPU @ 1.60GHz","speed":800,"times":{"user":2636100,"nice":2300,"sys":644800,"idle":23659700,"irq":0}}]
Logs
{"_id":"828490a35ab62035390baef0150955de391e9eefed1c118cc59313c5606a0c11","task":"ran above soft dog.","created_at":"2019.6.23"}Server work on linux:Linux:x64
Site hostname: anarky
Server PC Info: {"uid":1000,"gid":1000,"username":"user","homedir":"/home/user","shell":"/bin/bash"}
[{"model":"Intel(R) Core(TM) i5-8250U CPU @ 1.60GHz","speed":801,"times":{"user":2610500,"nice":10600,"sys":713200,"idle":39867900,"irq":0}},{"model":"Intel(R) Core(TM) i5-8250U CPU @ 1.60GHz","speed":808,"times":{"user":2639200,"nice":6200,"sys":629700,"idle":23643400,"irq":0}},{"model":"Intel(R) Core(TM) i5-8250U CPU @ 1.60GHz","speed":812,"times":{"user":2632400,"nice":6700,"sys":638700,"idle":23679100,"irq":0}},{"model":"Intel(R) Core(TM) i5-8250U CPU @ 1.60GHz","speed":805,"times":{"user":2703100,"nice":2200,"sys":629100,"idle":23649800,"irq":0}},{"model":"Intel(R) Core(TM) i5-8250U CPU @ 1.60GHz","speed":804,"times":{"user":2669700,"nice":1800,"sys":613100,"idle":23672800,"irq":0}},{"model":"Intel(R) Core(TM) i5-8250U CPU @ 1.60GHz","speed":801,"times":{"user":2537100,"nice":2200,"sys":664800,"idle":23640800,"irq":0}},{"model":"Intel(R) Core(TM) i5-8250U CPU @ 1.60GHz","speed":804,"times":{"user":2643600,"nice":2100,"sys":629700,"idle":23691900,"irq":0}},{"model":"Intel(R) Core(TM) i5-8250U CPU @ 1.60GHz","speed":808,"times":{"user":2636400,"nice":2300,"sys":645000,"idle":23660900,"irq":0}}]
Logs
{"_id":"7402c0d145acb4acba67f3fb31d5cfa5c3cffb9a79f78a5934e3862e5635c6fe","task":"flew up hot dog.","created_at":"2019.6.23"}Server work on linux:Linux:x64
Site hostname: anarky
Server PC Info: {"uid":1000,"gid":1000,"username":"user","homedir":"/home/user","shell":"/bin/bash"}
[{"model":"Intel(R) Core(TM) i5-8250U CPU @ 1.60GHz","speed":799,"times":{"user":2611300,"nice":10600,"sys":713300,"idle":39868800,"irq":0}},{"model":"Intel(R) Core(TM) i5-8250U CPU @ 1.60GHz","speed":800,"times":{"user":2639700,"nice":6200,"sys":629900,"idle":23644400,"irq":0}},{"model":"Intel(R) Core(TM) i5-8250U CPU @ 1.60GHz","speed":800,"times":{"user":2633000,"nice":6700,"sys":638800,"idle":23680100,"irq":0}},{"model":"Intel(R) Core(TM) i5-8250U CPU @ 1.60GHz","speed":801,"times":{"user":2703600,"nice":2200,"sys":629200,"idle":23650700,"irq":0}},{"model":"Intel(R) Core(TM) i5-8250U CPU @ 1.60GHz","speed":799,"times":{"user":2670400,"nice":1800,"sys":613200,"idle":23673700,"irq":0}},{"model":"Intel(R) Core(TM) i5-8250U CPU @ 1.60GHz","speed":800,"times":{"user":2537600,"nice":2200,"sys":664800,"idle":23641800,"irq":0}},{"model":"Intel(R) Core(TM) i5-8250U CPU @ 1.60GHz","speed":800,"times":{"user":2644200,"nice":2100,"sys":629900,"idle":23692700,"irq":0}},{"model":"Intel(R) Core(TM) i5-8250U CPU @ 1.60GHz","speed":800,"times":{"user":2636800,"nice":2300,"sys":645100,"idle":23662100,"irq":0}}]
Logs
{"_id":"9415480df0383cd6211adcde341fc4635dd935f2f0838cc9559c944e649e2c0a","task":"slept down beautiful professor.","created_at":"2019.6.23"}Server work on linux:Linux:x64
Site hostname: anarky
Server PC Info: {"uid":1000,"gid":1000,"username":"user","homedir":"/home/user","shell":"/bin/bash"}
[{"model":"Intel(R) Core(TM) i5-8250U CPU @ 1.60GHz","speed":799,"times":{"user":2611900,"nice":10600,"sys":713600,"idle":39869600,"irq":0}},{"model":"Intel(R) Core(TM) i5-8250U CPU @ 1.60GHz","speed":799,"times":{"user":2640500,"nice":6200,"sys":630000,"idle":23645200,"irq":0}},{"model":"Intel(R) Core(TM) i5-8250U CPU @ 1.60GHz","speed":799,"times":{"user":2633600,"nice":6700,"sys":638900,"idle":23681100,"irq":0}},{"model":"Intel(R) Core(TM) i5-8250U CPU @ 1.60GHz","speed":799,"times":{"user":2704300,"nice":2200,"sys":629400,"idle":23651600,"irq":0}},{"model":"Intel(R) Core(TM) i5-8250U CPU @ 1.60GHz","speed":799,"times":{"user":2670700,"nice":1800,"sys":613400,"idle":23674700,"irq":0}},{"model":"Intel(R) Core(TM) i5-8250U CPU @ 1.60GHz","speed":799,"times":{"user":2538100,"nice":2200,"sys":664900,"idle":23642800,"irq":0}},{"model":"Intel(R) Core(TM) i5-8250U CPU @ 1.60GHz","speed":799,"times":{"user":2644700,"nice":2100,"sys":630000,"idle":23693800,"irq":0}},{"model":"Intel(R) Core(TM) i5-8250U CPU @ 1.60GHz","speed":799,"times":{"user":2637400,"nice":2300,"sys":645300,"idle":23663000,"irq":0}}]
Logs
{"_id":"754ef54c89b12b5e0ee73d7b63f3c830290fccd70b3fc73b494b70adb14736c7","task":"dodged up professional bird.","created_at":"2019.6.23"}Server work on linux:Linux:x64
Site hostname: anarky
Server PC Info: {"uid":1000,"gid":1000,"username":"user","homedir":"/home/user","shell":"/bin/bash"}
[{"model":"Intel(R) Core(TM) i5-8250U CPU @ 1.60GHz","speed":799,"times":{"user":2612600,"nice":10600,"sys":713600,"idle":39870300,"irq":0}},{"model":"Intel(R) Core(TM) i5-8250U CPU @ 1.60GHz","speed":799,"times":{"user":2641400,"nice":6200,"sys":630100,"idle":23646000,"irq":0}},{"model":"Intel(R) Core(TM) i5-8250U CPU @ 1.60GHz","speed":800,"times":{"user":2634300,"nice":6700,"sys":639200,"idle":23681900,"irq":0}},{"model":"Intel(R) Core(TM) i5-8250U CPU @ 1.60GHz","speed":800,"times":{"user":2704800,"nice":2200,"sys":629800,"idle":23652400,"irq":0}},{"model":"Intel(R) Core(TM) i5-8250U CPU @ 1.60GHz","speed":799,"times":{"user":2671500,"nice":1800,"sys":613400,"idle":23675400,"irq":0}},{"model":"Intel(R) Core(TM) i5-8250U CPU @ 1.60GHz","speed":799,"times":{"user":2538800,"nice":2200,"sys":665100,"idle":23643600,"irq":0}},{"model":"Intel(R) Core(TM) i5-8250U CPU @ 1.60GHz","speed":799,"times":{"user":2645500,"nice":2100,"sys":630200,"idle":23694500,"irq":0}},{"model":"Intel(R) Core(TM) i5-8250U CPU @ 1.60GHz","speed":799,"times":{"user":2638200,"nice":2300,"sys":645500,"idle":23663800,"irq":0}}]
Logs
{"_id":"e50733c683fb808306e27331cae8ecca5fe426eefb3ab07b9ca93d690d360370","task":"dodged towards hot bird.","created_at":"2019.6.23"}Server work on linux:Linux:x64
Site hostname: anarky
Server PC Info: {"uid":1000,"gid":1000,"username":"user","homedir":"/home/user","shell":"/bin/bash"}
[{"model":"Intel(R) Core(TM) i5-8250U CPU @ 1.60GHz","speed":797,"times":{"user":2613300,"nice":10600,"sys":713800,"idle":39871300,"irq":0}},{"model":"Intel(R) Core(TM) i5-8250U CPU @ 1.60GHz","speed":797,"times":{"user":2642000,"nice":6200,"sys":630300,"idle":23646900,"irq":0}},{"model":"Intel(R) Core(TM) i5-8250U CPU @ 1.60GHz","speed":797,"times":{"user":2634900,"nice":6700,"sys":639600,"idle":23682800,"irq":0}},{"model":"Intel(R) Core(TM) i5-8250U CPU @ 1.60GHz","speed":798,"times":{"user":2705800,"nice":2200,"sys":629900,"idle":23653300,"irq":0}},{"model":"Intel(R) Core(TM) i5-8250U CPU @ 1.60GHz","speed":798,"times":{"user":2672200,"nice":1800,"sys":613500,"idle":23676500,"irq":0}},{"model":"Intel(R) Core(TM) i5-8250U CPU @ 1.60GHz","speed":798,"times":{"user":2539400,"nice":2200,"sys":665200,"idle":23644600,"irq":0}},{"model":"Intel(R) Core(TM) i5-8250U CPU @ 1.60GHz","speed":798,"times":{"user":2646100,"nice":2100,"sys":630500,"idle":23695500,"irq":0}},{"model":"Intel(R) Core(TM) i5-8250U CPU @ 1.60GHz","speed":798,"times":{"user":2639000,"nice":2300,"sys":645600,"idle":23664800,"irq":0}}]
Logs
{"_id":"254a9b53c3e40a0346d39a9fc83b0133bf62c26df7e672a1ac2673f1139d2e17","task":"died below soft teacher.","created_at":"2019.6.23"}Server work on linux:Linux:x64
Site hostname: anarky
Server PC Info: {"uid":1000,"gid":1000,"username":"user","homedir":"/home/user","shell":"/bin/bash"}
[{"model":"Intel(R) Core(TM) i5-8250U CPU @ 1.60GHz","speed":797,"times":{"user":2614000,"nice":10600,"sys":714000,"idle":39872000,"irq":0}},{"model":"Intel(R) Core(TM) i5-8250U CPU @ 1.60GHz","speed":798,"times":{"user":2642400,"nice":6200,"sys":630400,"idle":23647800,"irq":0}},{"model":"Intel(R) Core(TM) i5-8250U CPU @ 1.60GHz","speed":797,"times":{"user":2635500,"nice":6700,"sys":639800,"idle":23683400,"irq":0}},{"model":"Intel(R) Core(TM) i5-8250U CPU @ 1.60GHz","speed":799,"times":{"user":2706400,"nice":2200,"sys":630000,"idle":23654000,"irq":0}},{"model":"Intel(R) Core(TM) i5-8250U CPU @ 1.60GHz","speed":797,"times":{"user":2672800,"nice":1800,"sys":613600,"idle":23677200,"irq":0}},{"model":"Intel(R) Core(TM) i5-8250U CPU @ 1.60GHz","speed":799,"times":{"user":2539800,"nice":2200,"sys":665400,"idle":23645500,"irq":0}},{"model":"Intel(R) Core(TM) i5-8250U CPU @ 1.60GHz","speed":799,"times":{"user":2646800,"nice":2100,"sys":630600,"idle":23696300,"irq":0}},{"model":"Intel(R) Core(TM) i5-8250U CPU @ 1.60GHz","speed":798,"times":{"user":2639500,"nice":2300,"sys":645700,"idle":23665700,"irq":0}}]
Logs
{"_id":"a5bfe66ed7c18edbe95c224d14ce542ba3177f32d60f293e49895d14b7729f0f","task":"breathed below soft duck.","created_at":"2019.6.23"}Server work on linux:Linux:x64
Site hostname: anarky
Server PC Info: {"uid":1000,"gid":1000,"username":"user","homedir":"/home/user","shell":"/bin/bash"}
[{"model":"Intel(R) Core(TM) i5-8250U CPU @ 1.60GHz","speed":798,"times":{"user":2614600,"nice":10600,"sys":714200,"idle":39872900,"irq":0}},{"model":"Intel(R) Core(TM) i5-8250U CPU @ 1.60GHz","speed":799,"times":{"user":2642800,"nice":6200,"sys":630500,"idle":23648600,"irq":0}},{"model":"Intel(R) Core(TM) i5-8250U CPU @ 1.60GHz","speed":800,"times":{"user":2636000,"nice":6700,"sys":639800,"idle":23684400,"irq":0}},{"model":"Intel(R) Core(TM) i5-8250U CPU @ 1.60GHz","speed":799,"times":{"user":2706900,"nice":2200,"sys":630200,"idle":23655000,"irq":0}},{"model":"Intel(R) Core(TM) i5-8250U CPU @ 1.60GHz","speed":798,"times":{"user":2673000,"nice":1800,"sys":613800,"idle":23678200,"irq":0}},{"model":"Intel(R) Core(TM) i5-8250U CPU @ 1.60GHz","speed":799,"times":{"user":2540200,"nice":2200,"sys":665600,"idle":23646400,"irq":0}},{"model":"Intel(R) Core(TM) i5-8250U CPU @ 1.60GHz","speed":800,"times":{"user":2647200,"nice":2100,"sys":630600,"idle":23697200,"irq":0}},{"model":"Intel(R) Core(TM) i5-8250U CPU @ 1.60GHz","speed":799,"times":{"user":2639900,"nice":2300,"sys":645800,"idle":23666600,"irq":0}}]
Logs
{"_id":"245b43727b3c6f289e710ade9ef32822549561bc9cc28753ba001c05f42b630d","task":"kicked upon slimy professor.","created_at":"2019.6.23"}Server work on linux:Linux:x64
Site hostname: anarky
Server PC Info: {"uid":1000,"gid":1000,"username":"user","homedir":"/home/user","shell":"/bin/bash"}
[{"model":"Intel(R) Core(TM) i5-8250U CPU @ 1.60GHz","speed":797,"times":{"user":2614900,"nice":10600,"sys":714400,"idle":39873900,"irq":0}},{"model":"Intel(R) Core(TM) i5-8250U CPU @ 1.60GHz","speed":799,"times":{"user":2643400,"nice":6200,"sys":630600,"idle":23649500,"irq":0}},{"model":"Intel(R) Core(TM) i5-8250U CPU @ 1.60GHz","speed":799,"times":{"user":2636400,"nice":6800,"sys":640000,"idle":23685400,"irq":0}},{"model":"Intel(R) Core(TM) i5-8250U CPU @ 1.60GHz","speed":799,"times":{"user":2707100,"nice":2200,"sys":630300,"idle":23656100,"irq":0}},{"model":"Intel(R) Core(TM) i5-8250U CPU @ 1.60GHz","speed":799,"times":{"user":2673600,"nice":1800,"sys":614000,"idle":23679100,"irq":0}},{"model":"Intel(R) Core(TM) i5-8250U CPU @ 1.60GHz","speed":799,"times":{"user":2540800,"nice":2200,"sys":665600,"idle":23647400,"irq":0}},{"model":"Intel(R) Core(TM) i5-8250U CPU @ 1.60GHz","speed":799,"times":{"user":2647700,"nice":2100,"sys":630700,"idle":23698200,"irq":0}},{"model":"Intel(R) Core(TM) i5-8250U CPU @ 1.60GHz","speed":799,"times":{"user":2640400,"nice":2300,"sys":645800,"idle":23667600,"irq":0}}]
Logs
{"_id":"fa5f4a75148094075e3ebf72963b8043b0ccb2c47a4bbc2af2cc80ff482d4e6f","task":"died across lazy clock.","created_at":"2019.6.23"}Server work on linux:Linux:x64
Site hostname: anarky
Server PC Info: {"uid":1000,"gid":1000,"username":"user","homedir":"/home/user","shell":"/bin/bash"}
[{"model":"Intel(R) Core(TM) i5-8250U CPU @ 1.60GHz","speed":798,"times":{"user":2615300,"nice":10600,"sys":714400,"idle":39875000,"irq":0}},{"model":"Intel(R) Core(TM) i5-8250U CPU @ 1.60GHz","speed":799,"times":{"user":2643700,"nice":6200,"sys":630800,"idle":23650700,"irq":0}},{"model":"Intel(R) Core(TM) i5-8250U CPU @ 1.60GHz","speed":799,"times":{"user":2636800,"nice":6800,"sys":640100,"idle":23686400,"irq":0}},{"model":"Intel(R) Core(TM) i5-8250U CPU @ 1.60GHz","speed":799,"times":{"user":2707500,"nice":2200,"sys":630500,"idle":23657200,"irq":0}},{"model":"Intel(R) Core(TM) i5-8250U CPU @ 1.60GHz","speed":799,"times":{"user":2674000,"nice":1900,"sys":614200,"idle":23680300,"irq":0}},{"model":"Intel(R) Core(TM) i5-8250U CPU @ 1.60GHz","speed":799,"times":{"user":2541300,"nice":2200,"sys":665800,"idle":23648200,"irq":0}},{"model":"Intel(R) Core(TM) i5-8250U CPU @ 1.60GHz","speed":799,"times":{"user":2648100,"nice":2100,"sys":630800,"idle":23699300,"irq":0}},{"model":"Intel(R) Core(TM) i5-8250U CPU @ 1.60GHz","speed":799,"times":{"user":2640600,"nice":2300,"sys":646000,"idle":23668900,"irq":0}}]
Logs
{"_id":"75f3e77b1234c9c76b59514ce9f9e08527350d6e5180a007c56d125b51b2031f","task":"breathed on slimy plastic.","created_at":"2019.6.23"}Server work on linux:Linux:x64
Site hostname: anarky
Server PC Info: {"uid":1000,"gid":1000,"username":"user","homedir":"/home/user","shell":"/bin/bash"}
[{"model":"Intel(R) Core(TM) i5-8250U CPU @ 1.60GHz","speed":798,"times":{"user":2615700,"nice":10600,"sys":714600,"idle":39875900,"irq":0}},{"model":"Intel(R) Core(TM) i5-8250U CPU @ 1.60GHz","speed":799,"times":{"user":2643900,"nice":6200,"sys":631000,"idle":23651700,"irq":0}},{"model":"Intel(R) Core(TM) i5-8250U CPU @ 1.60GHz","speed":799,"times":{"user":2637100,"nice":6800,"sys":640200,"idle":23687400,"irq":0}},{"model":"Intel(R) Core(TM) i5-8250U CPU @ 1.60GHz","speed":799,"times":{"user":2708000,"nice":2200,"sys":630600,"idle":23658000,"irq":0}},{"model":"Intel(R) Core(TM) i5-8250U CPU @ 1.60GHz","speed":799,"times":{"user":2674700,"nice":1900,"sys":614200,"idle":23680900,"irq":0}},{"model":"Intel(R) Core(TM) i5-8250U CPU @ 1.60GHz","speed":799,"times":{"user":2541700,"nice":2200,"sys":665900,"idle":23649200,"irq":0}},{"model":"Intel(R) Core(TM) i5-8250U CPU @ 1.60GHz","speed":799,"times":{"user":2648700,"nice":2100,"sys":631000,"idle":23700100,"irq":0}},{"model":"Intel(R) Core(TM) i5-8250U CPU @ 1.60GHz","speed":799,"times":{"user":2641000,"nice":2300,"sys":646000,"idle":23669900,"irq":0}}]
Logs
{"_id":"e93113d1fb99e10fb82d9b4096e88d82616264b3917aadc582198050acaed3d7","task":"rolled down hot boy.","created_at":"2019.6.23"}Server work on linux:Linux:x64
Site hostname: anarky
Server PC Info: {"uid":1000,"gid":1000,"username":"user","homedir":"/home/user","shell":"/bin/bash"}
[{"model":"Intel(R) Core(TM) i5-8250U CPU @ 1.60GHz","speed":900,"times":{"user":2616400,"nice":10600,"sys":714800,"idle":39896300,"irq":0}},{"model":"Intel(R) Core(TM) i5-8250U CPU @ 1.60GHz","speed":900,"times":{"user":2644700,"nice":6200,"sys":631400,"idle":23672100,"irq":0}},{"model":"Intel(R) Core(TM) i5-8250U CPU @ 1.60GHz","speed":900,"times":{"user":2637700,"nice":6800,"sys":640400,"idle":23708200,"irq":0}},{"model":"Intel(R) Core(TM) i5-8250U CPU @ 1.60GHz","speed":900,"times":{"user":2708900,"nice":2200,"sys":630800,"idle":23678700,"irq":0}},{"model":"Intel(R) Core(TM) i5-8250U CPU @ 1.60GHz","speed":900,"times":{"user":2675500,"nice":1900,"sys":614400,"idle":23701400,"irq":0}},{"model":"Intel(R) Core(TM) i5-8250U CPU @ 1.60GHz","speed":900,"times":{"user":2542500,"nice":2200,"sys":666200,"idle":23669700,"irq":0}},{"model":"Intel(R) Core(TM) i5-8250U CPU @ 1.60GHz","speed":900,"times":{"user":2649200,"nice":2100,"sys":631200,"idle":23721100,"irq":0}},{"model":"Intel(R) Core(TM) i5-8250U CPU @ 1.60GHz","speed":900,"times":{"user":2641600,"nice":2300,"sys":646100,"idle":23691000,"irq":0}}]
Logs
{"_id":"d2567a66448148e1afe33851c3f8aec760347e20491f6b0fa0aaa7eb3c620fb0","task":"sliced up rough professor.","created_at":"2019.6.23"}Server work on linux:Linux:x64
Site hostname: anarky
Server PC Info: {"uid":1000,"gid":1000,"username":"user","homedir":"/home/user","shell":"/bin/bash"}
[{"model":"Intel(R) Core(TM) i5-8250U CPU @ 1.60GHz","speed":800,"times":{"user":2618900,"nice":10600,"sys":715900,"idle":39935300,"irq":0}},{"model":"Intel(R) Core(TM) i5-8250U CPU @ 1.60GHz","speed":800,"times":{"user":2647600,"nice":6200,"sys":632400,"idle":23711400,"irq":0}},{"model":"Intel(R) Core(TM) i5-8250U CPU @ 1.60GHz","speed":799,"times":{"user":2641100,"nice":6800,"sys":641000,"idle":23747100,"irq":0}},{"model":"Intel(R) Core(TM) i5-8250U CPU @ 1.60GHz","speed":800,"times":{"user":2711800,"nice":2300,"sys":631800,"idle":23718400,"irq":0}},{"model":"Intel(R) Core(TM) i5-8250U CPU @ 1.60GHz","speed":800,"times":{"user":2678900,"nice":2000,"sys":615200,"idle":23740500,"irq":0}},{"model":"Intel(R) Core(TM) i5-8250U CPU @ 1.60GHz","speed":800,"times":{"user":2546000,"nice":2200,"sys":667400,"idle":23708200,"irq":0}},{"model":"Intel(R) Core(TM) i5-8250U CPU @ 1.60GHz","speed":800,"times":{"user":2653100,"nice":2100,"sys":632400,"idle":23759500,"irq":0}},{"model":"Intel(R) Core(TM) i5-8250U CPU @ 1.60GHz","speed":800,"times":{"user":2644000,"nice":2300,"sys":647100,"idle":23730700,"irq":0}}]
Logs
{"_id":"4dc2dd8bc9e216aadfe652d04302061fb65fbfaef16c6cf4f0eebb428fefe217","task":"killed into lazy plastic.","created_at":"2019.6.23"}Server work on linux:Linux:x64
Site hostname: anarky
Server PC Info: {"uid":1000,"gid":1000,"username":"user","homedir":"/home/user","shell":"/bin/bash"}
[{"model":"Intel(R) Core(TM) i5-8250U CPU @ 1.60GHz","speed":797,"times":{"user":2619300,"nice":10700,"sys":716000,"idle":39939800,"irq":0}},{"model":"Intel(R) Core(TM) i5-8250U CPU @ 1.60GHz","speed":799,"times":{"user":2648100,"nice":6200,"sys":632500,"idle":23715900,"irq":0}},{"model":"Intel(R) Core(TM) i5-8250U CPU @ 1.60GHz","speed":799,"times":{"user":2641600,"nice":6800,"sys":641200,"idle":23751600,"irq":0}},{"model":"Intel(R) Core(TM) i5-8250U CPU @ 1.60GHz","speed":799,"times":{"user":2712200,"nice":2300,"sys":631900,"idle":23722900,"irq":0}},{"model":"Intel(R) Core(TM) i5-8250U CPU @ 1.60GHz","speed":798,"times":{"user":2679200,"nice":2000,"sys":615300,"idle":23745200,"irq":0}},{"model":"Intel(R) Core(TM) i5-8250U CPU @ 1.60GHz","speed":799,"times":{"user":2546400,"nice":2200,"sys":667700,"idle":23712800,"irq":0}},{"model":"Intel(R) Core(TM) i5-8250U CPU @ 1.60GHz","speed":799,"times":{"user":2653400,"nice":2100,"sys":632500,"idle":23764100,"irq":0}},{"model":"Intel(R) Core(TM) i5-8250U CPU @ 1.60GHz","speed":799,"times":{"user":2644600,"nice":2300,"sys":647300,"idle":23735200,"irq":0}}]
Logs
{"_id":"41c90ef3071db3c5b9d79ef065e155eacd8b4683d174d26399b93cf11e76db47","task":"ran across dumb professor.","created_at":"2019.6.23"}Server work on linux:Linux:x64
Site hostname: anarky
Server PC Info: {"uid":1000,"gid":1000,"username":"user","homedir":"/home/user","shell":"/bin/bash"}
[{"model":"Intel(R) Core(TM) i5-8250U CPU @ 1.60GHz","speed":799,"times":{"user":2620000,"nice":10700,"sys":716000,"idle":39942600,"irq":0}},{"model":"Intel(R) Core(TM) i5-8250U CPU @ 1.60GHz","speed":800,"times":{"user":2648500,"nice":6200,"sys":632600,"idle":23719100,"irq":0}},{"model":"Intel(R) Core(TM) i5-8250U CPU @ 1.60GHz","speed":801,"times":{"user":2642100,"nice":6800,"sys":641400,"idle":23754700,"irq":0}},{"model":"Intel(R) Core(TM) i5-8250U CPU @ 1.60GHz","speed":801,"times":{"user":2712600,"nice":2400,"sys":632000,"idle":23725900,"irq":0}},{"model":"Intel(R) Core(TM) i5-8250U CPU @ 1.60GHz","speed":800,"times":{"user":2679800,"nice":2000,"sys":615500,"idle":23748100,"irq":0}},{"model":"Intel(R) Core(TM) i5-8250U CPU @ 1.60GHz","speed":800,"times":{"user":2547000,"nice":2200,"sys":667700,"idle":23715700,"irq":0}},{"model":"Intel(R) Core(TM) i5-8250U CPU @ 1.60GHz","speed":800,"times":{"user":2654000,"nice":2100,"sys":632600,"idle":23767200,"irq":0}},{"model":"Intel(R) Core(TM) i5-8250U CPU @ 1.60GHz","speed":800,"times":{"user":2645000,"nice":2400,"sys":647300,"idle":23738300,"irq":0}}]
Logs
{"_id":"260e9c713ab9822753eec17b94da3347968065b40d58f27b6146a8514027e687","task":"rolled across lazy dog.","created_at":"2019.6.23"}Server work on linux:Linux:x64
Site hostname: anarky
Server PC Info: {"uid":1000,"gid":1000,"username":"user","homedir":"/home/user","shell":"/bin/bash"}
[{"model":"Intel(R) Core(TM) i5-8250U CPU @ 1.60GHz","speed":798,"times":{"user":2620400,"nice":10700,"sys":716200,"idle":39945100,"irq":0}},{"model":"Intel(R) Core(TM) i5-8250U CPU @ 1.60GHz","speed":800,"times":{"user":2649000,"nice":6200,"sys":632800,"idle":23721500,"irq":0}},{"model":"Intel(R) Core(TM) i5-8250U CPU @ 1.60GHz","speed":801,"times":{"user":2642400,"nice":6900,"sys":641600,"idle":23757200,"irq":0}},{"model":"Intel(R) Core(TM) i5-8250U CPU @ 1.60GHz","speed":801,"times":{"user":2713000,"nice":2400,"sys":632200,"idle":23728200,"irq":0}},{"model":"Intel(R) Core(TM) i5-8250U CPU @ 1.60GHz","speed":799,"times":{"user":2680100,"nice":2100,"sys":615600,"idle":23750700,"irq":0}},{"model":"Intel(R) Core(TM) i5-8250U CPU @ 1.60GHz","speed":800,"times":{"user":2547600,"nice":2200,"sys":667900,"idle":23718000,"irq":0}},{"model":"Intel(R) Core(TM) i5-8250U CPU @ 1.60GHz","speed":800,"times":{"user":2654700,"nice":2100,"sys":632700,"idle":23769600,"irq":0}},{"model":"Intel(R) Core(TM) i5-8250U CPU @ 1.60GHz","speed":800,"times":{"user":2645400,"nice":2400,"sys":647400,"idle":23740700,"irq":0}}]
Logs
{"_id":"3bdef9b23329f77846780d1e8a1cb0840889560eee5f5d5a0ff11893302cd83d","task":"flew towards lazy hamster.","created_at":"2019.6.23"}Server work on linux:Linux:x64
Site hostname: anarky
Server PC Info: {"uid":1000,"gid":1000,"username":"user","homedir":"/home/user","shell":"/bin/bash"}
[{"model":"Intel(R) Core(TM) i5-8250U CPU @ 1.60GHz","speed":802,"times":{"user":2620700,"nice":10700,"sys":716400,"idle":39950500,"irq":0}},{"model":"Intel(R) Core(TM) i5-8250U CPU @ 1.60GHz","speed":809,"times":{"user":2649500,"nice":6200,"sys":632900,"idle":23727000,"irq":0}},{"model":"Intel(R) Core(TM) i5-8250U CPU @ 1.60GHz","speed":805,"times":{"user":2643000,"nice":6900,"sys":641800,"idle":23762600,"irq":0}},{"model":"Intel(R) Core(TM) i5-8250U CPU @ 1.60GHz","speed":804,"times":{"user":2713300,"nice":2400,"sys":632300,"idle":23733900,"irq":0}},{"model":"Intel(R) Core(TM) i5-8250U CPU @ 1.60GHz","speed":806,"times":{"user":2680400,"nice":2100,"sys":615600,"idle":23756300,"irq":0}},{"model":"Intel(R) Core(TM) i5-8250U CPU @ 1.60GHz","speed":804,"times":{"user":2548000,"nice":2200,"sys":668200,"idle":23723400,"irq":0}},{"model":"Intel(R) Core(TM) i5-8250U CPU @ 1.60GHz","speed":809,"times":{"user":2655200,"nice":2100,"sys":632700,"idle":23775100,"irq":0}},{"model":"Intel(R) Core(TM) i5-8250U CPU @ 1.60GHz","speed":802,"times":{"user":2646100,"nice":2400,"sys":647600,"idle":23746100,"irq":0}}]
Logs
{"_id":"7eb635a5da287d7ce1b2e428411668fba8feea51317460dc1506b8b1f4867100","task":"rolled through professional professor.","created_at":"2019.6.23"}Server work on linux:Linux:x64
Site hostname: anarky
Server PC Info: {"uid":1000,"gid":1000,"username":"user","homedir":"/home/user","shell":"/bin/bash"}
[{"model":"Intel(R) Core(TM) i5-8250U CPU @ 1.60GHz","speed":799,"times":{"user":2621100,"nice":10700,"sys":716500,"idle":39957700,"irq":0}},{"model":"Intel(R) Core(TM) i5-8250U CPU @ 1.60GHz","speed":799,"times":{"user":2650100,"nice":6200,"sys":633100,"idle":23734100,"irq":0}},{"model":"Intel(R) Core(TM) i5-8250U CPU @ 1.60GHz","speed":799,"times":{"user":2643600,"nice":6900,"sys":642000,"idle":23769700,"irq":0}},{"model":"Intel(R) Core(TM) i5-8250U CPU @ 1.60GHz","speed":799,"times":{"user":2714200,"nice":2400,"sys":632400,"idle":23740800,"irq":0}},{"model":"Intel(R) Core(TM) i5-8250U CPU @ 1.60GHz","speed":799,"times":{"user":2680900,"nice":2100,"sys":615700,"idle":23763400,"irq":0}},{"model":"Intel(R) Core(TM) i5-8250U CPU @ 1.60GHz","speed":799,"times":{"user":2548700,"nice":2200,"sys":668400,"idle":23730500,"irq":0}},{"model":"Intel(R) Core(TM) i5-8250U CPU @ 1.60GHz","speed":799,"times":{"user":2655700,"nice":2100,"sys":632800,"idle":23782300,"irq":0}},{"model":"Intel(R) Core(TM) i5-8250U CPU @ 1.60GHz","speed":799,"times":{"user":2646600,"nice":2400,"sys":647700,"idle":23753300,"irq":0}}]
Logs
{"_id":"bd8850d6b5600fddab9c734a867d4b4b3498efeda823731ba0f974c3b80a7066","task":"sliced below soft teacher.","created_at":"2019.6.23"}