Server work on linux:Linux:x64
Site hostname: anarky
Server PC Info: {"uid":1000,"gid":1000,"username":"user","homedir":"/home/user","shell":"/bin/bash"}
[{"model":"Intel(R) Core(TM) i5-8250U CPU @ 1.60GHz","speed":803,"times":{"user":2391000,"nice":10500,"sys":638100,"idle":35615000,"irq":0}},{"model":"Intel(R) Core(TM) i5-8250U CPU @ 1.60GHz","speed":809,"times":{"user":2433900,"nice":6200,"sys":573500,"idle":19306400,"irq":0}},{"model":"Intel(R) Core(TM) i5-8250U CPU @ 1.60GHz","speed":796,"times":{"user":2418100,"nice":6700,"sys":577100,"idle":19353200,"irq":0}},{"model":"Intel(R) Core(TM) i5-8250U CPU @ 1.60GHz","speed":795,"times":{"user":2493900,"nice":2200,"sys":576200,"idle":19314900,"irq":0}},{"model":"Intel(R) Core(TM) i5-8250U CPU @ 1.60GHz","speed":793,"times":{"user":2466300,"nice":1800,"sys":558800,"idle":19335100,"irq":0}},{"model":"Intel(R) Core(TM) i5-8250U CPU @ 1.60GHz","speed":804,"times":{"user":2340300,"nice":2200,"sys":606400,"idle":19312400,"irq":0}},{"model":"Intel(R) Core(TM) i5-8250U CPU @ 1.60GHz","speed":793,"times":{"user":2440200,"nice":2100,"sys":572000,"idle":19359200,"irq":0}},{"model":"Intel(R) Core(TM) i5-8250U CPU @ 1.60GHz","speed":816,"times":{"user":2425300,"nice":2300,"sys":582600,"idle":19332400,"irq":0}}]
Logs
{"_id":"aa7fbbe55554c1a6f3d3ae13f1fa1700e6ed7920fdcda2eb9477d9088e2b8ec3","task":"killed through lovely bird.","created_at":"2019.6.23"}Server work on linux:Linux:x64
Site hostname: anarky
Server PC Info: {"uid":1000,"gid":1000,"username":"user","homedir":"/home/user","shell":"/bin/bash"}
[{"model":"Intel(R) Core(TM) i5-8250U CPU @ 1.60GHz","speed":799,"times":{"user":2391400,"nice":10500,"sys":638200,"idle":35615700,"irq":0}},{"model":"Intel(R) Core(TM) i5-8250U CPU @ 1.60GHz","speed":799,"times":{"user":2434100,"nice":6200,"sys":573600,"idle":19307300,"irq":0}},{"model":"Intel(R) Core(TM) i5-8250U CPU @ 1.60GHz","speed":800,"times":{"user":2418400,"nice":6700,"sys":577200,"idle":19354100,"irq":0}},{"model":"Intel(R) Core(TM) i5-8250U CPU @ 1.60GHz","speed":799,"times":{"user":2494500,"nice":2200,"sys":576200,"idle":19315500,"irq":0}},{"model":"Intel(R) Core(TM) i5-8250U CPU @ 1.60GHz","speed":800,"times":{"user":2466600,"nice":1800,"sys":558800,"idle":19336000,"irq":0}},{"model":"Intel(R) Core(TM) i5-8250U CPU @ 1.60GHz","speed":799,"times":{"user":2340800,"nice":2200,"sys":606400,"idle":19313300,"irq":0}},{"model":"Intel(R) Core(TM) i5-8250U CPU @ 1.60GHz","speed":799,"times":{"user":2440400,"nice":2100,"sys":572100,"idle":19360100,"irq":0}},{"model":"Intel(R) Core(TM) i5-8250U CPU @ 1.60GHz","speed":799,"times":{"user":2425700,"nice":2300,"sys":582700,"idle":19333300,"irq":0}}]
Logs
{"_id":"b2d6834efb1012f45bca34f19f04fa377eb97c89e9a2feb3de46a3bfebbf1020","task":"ran on soft hamster.","created_at":"2019.6.23"}Server work on linux:Linux:x64
Site hostname: anarky
Server PC Info: {"uid":1000,"gid":1000,"username":"user","homedir":"/home/user","shell":"/bin/bash"}
[{"model":"Intel(R) Core(TM) i5-8250U CPU @ 1.60GHz","speed":798,"times":{"user":2391800,"nice":10500,"sys":638200,"idle":35616800,"irq":0}},{"model":"Intel(R) Core(TM) i5-8250U CPU @ 1.60GHz","speed":799,"times":{"user":2434500,"nice":6200,"sys":573600,"idle":19308600,"irq":0}},{"model":"Intel(R) Core(TM) i5-8250U CPU @ 1.60GHz","speed":799,"times":{"user":2418700,"nice":6700,"sys":577300,"idle":19355400,"irq":0}},{"model":"Intel(R) Core(TM) i5-8250U CPU @ 1.60GHz","speed":799,"times":{"user":2495000,"nice":2200,"sys":576200,"idle":19316700,"irq":0}},{"model":"Intel(R) Core(TM) i5-8250U CPU @ 1.60GHz","speed":798,"times":{"user":2466900,"nice":1800,"sys":558900,"idle":19337200,"irq":0}},{"model":"Intel(R) Core(TM) i5-8250U CPU @ 1.60GHz","speed":799,"times":{"user":2341100,"nice":2200,"sys":606600,"idle":19314500,"irq":0}},{"model":"Intel(R) Core(TM) i5-8250U CPU @ 1.60GHz","speed":800,"times":{"user":2440800,"nice":2100,"sys":572100,"idle":19361400,"irq":0}},{"model":"Intel(R) Core(TM) i5-8250U CPU @ 1.60GHz","speed":799,"times":{"user":2426000,"nice":2300,"sys":582800,"idle":19334600,"irq":0}}]
Logs
{"_id":"9244adf5effaaae7e860c1fd4136b9e37653fcfd2522c1b31b1bd8dfb032e56f","task":"rolled down vibrating dog.","created_at":"2019.6.23"}Server work on linux:Linux:x64
Site hostname: anarky
Server PC Info: {"uid":1000,"gid":1000,"username":"user","homedir":"/home/user","shell":"/bin/bash"}
[{"model":"Intel(R) Core(TM) i5-8250U CPU @ 1.60GHz","speed":797,"times":{"user":2392100,"nice":10500,"sys":638200,"idle":35618000,"irq":0}},{"model":"Intel(R) Core(TM) i5-8250U CPU @ 1.60GHz","speed":799,"times":{"user":2434800,"nice":6200,"sys":573800,"idle":19309900,"irq":0}},{"model":"Intel(R) Core(TM) i5-8250U CPU @ 1.60GHz","speed":799,"times":{"user":2419000,"nice":6700,"sys":577400,"idle":19356600,"irq":0}},{"model":"Intel(R) Core(TM) i5-8250U CPU @ 1.60GHz","speed":799,"times":{"user":2495200,"nice":2200,"sys":576400,"idle":19317900,"irq":0}},{"model":"Intel(R) Core(TM) i5-8250U CPU @ 1.60GHz","speed":799,"times":{"user":2467700,"nice":1800,"sys":559000,"idle":19338100,"irq":0}},{"model":"Intel(R) Core(TM) i5-8250U CPU @ 1.60GHz","speed":799,"times":{"user":2341300,"nice":2200,"sys":606600,"idle":19315800,"irq":0}},{"model":"Intel(R) Core(TM) i5-8250U CPU @ 1.60GHz","speed":799,"times":{"user":2441000,"nice":2100,"sys":572200,"idle":19362600,"irq":0}},{"model":"Intel(R) Core(TM) i5-8250U CPU @ 1.60GHz","speed":799,"times":{"user":2426500,"nice":2300,"sys":583000,"idle":19335600,"irq":0}}]
Logs
{"_id":"bae1f0e9c757d4c311dfeaf70932da050a1007d46e7c7f107ec9512afc285ceb","task":"slept below rough dog.","created_at":"2019.6.23"}Server work on linux:Linux:x64
Site hostname: anarky
Server PC Info: {"uid":1000,"gid":1000,"username":"user","homedir":"/home/user","shell":"/bin/bash"}
[{"model":"Intel(R) Core(TM) i5-8250U CPU @ 1.60GHz","speed":799,"times":{"user":2392500,"nice":10500,"sys":638300,"idle":35619200,"irq":0}},{"model":"Intel(R) Core(TM) i5-8250U CPU @ 1.60GHz","speed":800,"times":{"user":2435300,"nice":6200,"sys":574100,"idle":19310900,"irq":0}},{"model":"Intel(R) Core(TM) i5-8250U CPU @ 1.60GHz","speed":799,"times":{"user":2419400,"nice":6700,"sys":577500,"idle":19358000,"irq":0}},{"model":"Intel(R) Core(TM) i5-8250U CPU @ 1.60GHz","speed":799,"times":{"user":2496200,"nice":2200,"sys":576500,"idle":19318500,"irq":0}},{"model":"Intel(R) Core(TM) i5-8250U CPU @ 1.60GHz","speed":799,"times":{"user":2468000,"nice":1800,"sys":559100,"idle":19339400,"irq":0}},{"model":"Intel(R) Core(TM) i5-8250U CPU @ 1.60GHz","speed":800,"times":{"user":2341600,"nice":2200,"sys":606700,"idle":19317100,"irq":0}},{"model":"Intel(R) Core(TM) i5-8250U CPU @ 1.60GHz","speed":799,"times":{"user":2441700,"nice":2100,"sys":572400,"idle":19363500,"irq":0}},{"model":"Intel(R) Core(TM) i5-8250U CPU @ 1.60GHz","speed":799,"times":{"user":2427000,"nice":2300,"sys":583200,"idle":19336800,"irq":0}}]
Logs
{"_id":"043abe73e97b041194fa19643e2d11bf0dd4fa7da110356e281315c79bfd395a","task":"dodged through lazy teacher.","created_at":"2019.6.23"}Server work on linux:Linux:x64
Site hostname: anarky
Server PC Info: {"uid":1000,"gid":1000,"username":"user","homedir":"/home/user","shell":"/bin/bash"}
[{"model":"Intel(R) Core(TM) i5-8250U CPU @ 1.60GHz","speed":793,"times":{"user":2393300,"nice":10500,"sys":638500,"idle":35621100,"irq":0}},{"model":"Intel(R) Core(TM) i5-8250U CPU @ 1.60GHz","speed":795,"times":{"user":2436000,"nice":6200,"sys":574200,"idle":19313000,"irq":0}},{"model":"Intel(R) Core(TM) i5-8250U CPU @ 1.60GHz","speed":797,"times":{"user":2420200,"nice":6700,"sys":577800,"idle":19359900,"irq":0}},{"model":"Intel(R) Core(TM) i5-8250U CPU @ 1.60GHz","speed":796,"times":{"user":2497100,"nice":2200,"sys":576600,"idle":19320400,"irq":0}},{"model":"Intel(R) Core(TM) i5-8250U CPU @ 1.60GHz","speed":796,"times":{"user":2468800,"nice":1800,"sys":559400,"idle":19341400,"irq":0}},{"model":"Intel(R) Core(TM) i5-8250U CPU @ 1.60GHz","speed":790,"times":{"user":2342500,"nice":2200,"sys":607000,"idle":19319100,"irq":0}},{"model":"Intel(R) Core(TM) i5-8250U CPU @ 1.60GHz","speed":796,"times":{"user":2442600,"nice":2100,"sys":572500,"idle":19365400,"irq":0}},{"model":"Intel(R) Core(TM) i5-8250U CPU @ 1.60GHz","speed":796,"times":{"user":2427800,"nice":2300,"sys":583300,"idle":19339000,"irq":0}}]
Logs
{"_id":"6fbb9ce58d522a5ac2f894ceb2ff5ad705296b3cb3cd8c2686163504609723ea","task":"breathed across slimy dog.","created_at":"2019.6.23"}Server work on linux:Linux:x64
Site hostname: anarky
Server PC Info: {"uid":1000,"gid":1000,"username":"user","homedir":"/home/user","shell":"/bin/bash"}
[{"model":"Intel(R) Core(TM) i5-8250U CPU @ 1.60GHz","speed":798,"times":{"user":2393800,"nice":10500,"sys":638600,"idle":35622200,"irq":0}},{"model":"Intel(R) Core(TM) i5-8250U CPU @ 1.60GHz","speed":799,"times":{"user":2436300,"nice":6200,"sys":574400,"idle":19314100,"irq":0}},{"model":"Intel(R) Core(TM) i5-8250U CPU @ 1.60GHz","speed":799,"times":{"user":2420700,"nice":6700,"sys":577900,"idle":19361100,"irq":0}},{"model":"Intel(R) Core(TM) i5-8250U CPU @ 1.60GHz","speed":799,"times":{"user":2497300,"nice":2200,"sys":576800,"idle":19321600,"irq":0}},{"model":"Intel(R) Core(TM) i5-8250U CPU @ 1.60GHz","speed":799,"times":{"user":2469200,"nice":1800,"sys":559500,"idle":19342600,"irq":0}},{"model":"Intel(R) Core(TM) i5-8250U CPU @ 1.60GHz","speed":799,"times":{"user":2342800,"nice":2200,"sys":607300,"idle":19320200,"irq":0}},{"model":"Intel(R) Core(TM) i5-8250U CPU @ 1.60GHz","speed":799,"times":{"user":2443100,"nice":2100,"sys":572700,"idle":19366300,"irq":0}},{"model":"Intel(R) Core(TM) i5-8250U CPU @ 1.60GHz","speed":799,"times":{"user":2428200,"nice":2300,"sys":583400,"idle":19340100,"irq":0}}]
Logs
{"_id":"f9d468e29b405ed7d6c02aed01e65d2f5111c82e17a1bf91fd737db3e3aa6458","task":"dodged towards lovely duck.","created_at":"2019.6.23"}Server work on linux:Linux:x64
Site hostname: anarky
Server PC Info: {"uid":1000,"gid":1000,"username":"user","homedir":"/home/user","shell":"/bin/bash"}
[{"model":"Intel(R) Core(TM) i5-8250U CPU @ 1.60GHz","speed":800,"times":{"user":2394400,"nice":10500,"sys":638900,"idle":35622800,"irq":0}},{"model":"Intel(R) Core(TM) i5-8250U CPU @ 1.60GHz","speed":800,"times":{"user":2436700,"nice":6200,"sys":574500,"idle":19315000,"irq":0}},{"model":"Intel(R) Core(TM) i5-8250U CPU @ 1.60GHz","speed":800,"times":{"user":2421700,"nice":6700,"sys":578000,"idle":19361400,"irq":0}},{"model":"Intel(R) Core(TM) i5-8250U CPU @ 1.60GHz","speed":800,"times":{"user":2497800,"nice":2200,"sys":576800,"idle":19322400,"irq":0}},{"model":"Intel(R) Core(TM) i5-8250U CPU @ 1.60GHz","speed":800,"times":{"user":2469800,"nice":1800,"sys":559800,"idle":19343200,"irq":0}},{"model":"Intel(R) Core(TM) i5-8250U CPU @ 1.60GHz","speed":800,"times":{"user":2343300,"nice":2200,"sys":607400,"idle":19320900,"irq":0}},{"model":"Intel(R) Core(TM) i5-8250U CPU @ 1.60GHz","speed":800,"times":{"user":2443800,"nice":2100,"sys":572700,"idle":19367100,"irq":0}},{"model":"Intel(R) Core(TM) i5-8250U CPU @ 1.60GHz","speed":800,"times":{"user":2428700,"nice":2300,"sys":583500,"idle":19340900,"irq":0}}]
Logs
{"_id":"9284b80e51452fad8b15031ab430bc3591be631d4fbc5cc1417c8171a856c541","task":"rolled across soft bird.","created_at":"2019.6.23"}