Server work on linux:Linux:x64
Site hostname: anarky
Server PC Info: {"uid":1000,"gid":1000,"username":"user","homedir":"/home/user","shell":"/bin/bash"}
[{"model":"Intel(R) Core(TM) i5-8250U CPU @ 1.60GHz","speed":778,"times":{"user":2597500,"nice":10600,"sys":708600,"idle":39762200,"irq":0}},{"model":"Intel(R) Core(TM) i5-8250U CPU @ 1.60GHz","speed":815,"times":{"user":2623100,"nice":6200,"sys":625800,"idle":23537100,"irq":0}},{"model":"Intel(R) Core(TM) i5-8250U CPU @ 1.60GHz","speed":803,"times":{"user":2619900,"nice":6700,"sys":634200,"idle":23570000,"irq":0}},{"model":"Intel(R) Core(TM) i5-8250U CPU @ 1.60GHz","speed":796,"times":{"user":2691800,"nice":2200,"sys":625700,"idle":23539400,"irq":0}},{"model":"Intel(R) Core(TM) i5-8250U CPU @ 1.60GHz","speed":792,"times":{"user":2656600,"nice":1800,"sys":609000,"idle":23564500,"irq":0}},{"model":"Intel(R) Core(TM) i5-8250U CPU @ 1.60GHz","speed":817,"times":{"user":2523000,"nice":2200,"sys":661500,"idle":23533900,"irq":0}},{"model":"Intel(R) Core(TM) i5-8250U CPU @ 1.60GHz","speed":803,"times":{"user":2628400,"nice":2100,"sys":626000,"idle":23585900,"irq":0}},{"model":"Intel(R) Core(TM) i5-8250U CPU @ 1.60GHz","speed":802,"times":{"user":2622300,"nice":2300,"sys":641600,"idle":23553400,"irq":0}}]
Logs
{"_id":"fabe4c4bfde4d008b65515ecc023ea22255f83e880acd0b5bcd65f0d30c4be21","task":"kicked up hot old lady.","created_at":"2019.6.23"}Server work on linux:Linux:x64
Site hostname: anarky
Server PC Info: {"uid":1000,"gid":1000,"username":"user","homedir":"/home/user","shell":"/bin/bash"}
[{"model":"Intel(R) Core(TM) i5-8250U CPU @ 1.60GHz","speed":813,"times":{"user":2598200,"nice":10600,"sys":708800,"idle":39767000,"irq":0}},{"model":"Intel(R) Core(TM) i5-8250U CPU @ 1.60GHz","speed":832,"times":{"user":2623800,"nice":6200,"sys":626000,"idle":23542100,"irq":0}},{"model":"Intel(R) Core(TM) i5-8250U CPU @ 1.60GHz","speed":807,"times":{"user":2620500,"nice":6700,"sys":634400,"idle":23575100,"irq":0}},{"model":"Intel(R) Core(TM) i5-8250U CPU @ 1.60GHz","speed":808,"times":{"user":2692000,"nice":2200,"sys":625800,"idle":23544700,"irq":0}},{"model":"Intel(R) Core(TM) i5-8250U CPU @ 1.60GHz","speed":806,"times":{"user":2657200,"nice":1800,"sys":609200,"idle":23569700,"irq":0}},{"model":"Intel(R) Core(TM) i5-8250U CPU @ 1.60GHz","speed":812,"times":{"user":2523500,"nice":2200,"sys":661700,"idle":23539100,"irq":0}},{"model":"Intel(R) Core(TM) i5-8250U CPU @ 1.60GHz","speed":814,"times":{"user":2629000,"nice":2100,"sys":626200,"idle":23590900,"irq":0}},{"model":"Intel(R) Core(TM) i5-8250U CPU @ 1.60GHz","speed":807,"times":{"user":2622700,"nice":2300,"sys":641800,"idle":23558700,"irq":0}}]
Logs
{"_id":"7fe0ceeffa1a4a1d0d7faa1aad7b1b32d0cdec65c9351ddb695491811f81ee26","task":"killed upon rough dog.","created_at":"2019.6.23"}Server work on linux:Linux:x64
Site hostname: anarky
Server PC Info: {"uid":1000,"gid":1000,"username":"user","homedir":"/home/user","shell":"/bin/bash"}
[{"model":"Intel(R) Core(TM) i5-8250U CPU @ 1.60GHz","speed":799,"times":{"user":2598600,"nice":10600,"sys":709200,"idle":39768000,"irq":0}},{"model":"Intel(R) Core(TM) i5-8250U CPU @ 1.60GHz","speed":799,"times":{"user":2625200,"nice":6200,"sys":626000,"idle":23542400,"irq":0}},{"model":"Intel(R) Core(TM) i5-8250U CPU @ 1.60GHz","speed":800,"times":{"user":2621200,"nice":6700,"sys":634400,"idle":23576200,"irq":0}},{"model":"Intel(R) Core(TM) i5-8250U CPU @ 1.60GHz","speed":799,"times":{"user":2692400,"nice":2200,"sys":625900,"idle":23545800,"irq":0}},{"model":"Intel(R) Core(TM) i5-8250U CPU @ 1.60GHz","speed":799,"times":{"user":2657700,"nice":1800,"sys":609400,"idle":23570800,"irq":0}},{"model":"Intel(R) Core(TM) i5-8250U CPU @ 1.60GHz","speed":799,"times":{"user":2524100,"nice":2200,"sys":661800,"idle":23540100,"irq":0}},{"model":"Intel(R) Core(TM) i5-8250U CPU @ 1.60GHz","speed":799,"times":{"user":2629600,"nice":2100,"sys":626400,"idle":23591900,"irq":0}},{"model":"Intel(R) Core(TM) i5-8250U CPU @ 1.60GHz","speed":800,"times":{"user":2623300,"nice":2300,"sys":641800,"idle":23559800,"irq":0}}]
Logs
{"_id":"21c32b3ccc24a3c1a38a2600cc28d8d486ba8dc7473a089f1befb4db5ea55e60","task":"breathed into slimy clock.","created_at":"2019.6.23"}Server work on linux:Linux:x64
Site hostname: anarky
Server PC Info: {"uid":1000,"gid":1000,"username":"user","homedir":"/home/user","shell":"/bin/bash"}
[{"model":"Intel(R) Core(TM) i5-8250U CPU @ 1.60GHz","speed":798,"times":{"user":2599000,"nice":10600,"sys":709200,"idle":39769000,"irq":0}},{"model":"Intel(R) Core(TM) i5-8250U CPU @ 1.60GHz","speed":799,"times":{"user":2625800,"nice":6200,"sys":626300,"idle":23543300,"irq":0}},{"model":"Intel(R) Core(TM) i5-8250U CPU @ 1.60GHz","speed":800,"times":{"user":2621800,"nice":6700,"sys":634500,"idle":23577100,"irq":0}},{"model":"Intel(R) Core(TM) i5-8250U CPU @ 1.60GHz","speed":799,"times":{"user":2693100,"nice":2200,"sys":626000,"idle":23546700,"irq":0}},{"model":"Intel(R) Core(TM) i5-8250U CPU @ 1.60GHz","speed":799,"times":{"user":2658300,"nice":1800,"sys":609500,"idle":23571700,"irq":0}},{"model":"Intel(R) Core(TM) i5-8250U CPU @ 1.60GHz","speed":799,"times":{"user":2524500,"nice":2200,"sys":661900,"idle":23541000,"irq":0}},{"model":"Intel(R) Core(TM) i5-8250U CPU @ 1.60GHz","speed":799,"times":{"user":2630000,"nice":2100,"sys":626700,"idle":23592800,"irq":0}},{"model":"Intel(R) Core(TM) i5-8250U CPU @ 1.60GHz","speed":799,"times":{"user":2624100,"nice":2300,"sys":642000,"idle":23560400,"irq":0}}]
Logs
{"_id":"5941262c82dc9afb3daff6742ad30f1dd28f4cd9b1e69c4dd6bd2b3c3495268d","task":"died towards lazy clock.","created_at":"2019.6.23"}Server work on linux:Linux:x64
Site hostname: anarky
Server PC Info: {"uid":1000,"gid":1000,"username":"user","homedir":"/home/user","shell":"/bin/bash"}
[{"model":"Intel(R) Core(TM) i5-8250U CPU @ 1.60GHz","speed":797,"times":{"user":2599300,"nice":10600,"sys":709400,"idle":39770000,"irq":0}},{"model":"Intel(R) Core(TM) i5-8250U CPU @ 1.60GHz","speed":799,"times":{"user":2626100,"nice":6200,"sys":626400,"idle":23544500,"irq":0}},{"model":"Intel(R) Core(TM) i5-8250U CPU @ 1.60GHz","speed":799,"times":{"user":2622000,"nice":6700,"sys":634500,"idle":23578400,"irq":0}},{"model":"Intel(R) Core(TM) i5-8250U CPU @ 1.60GHz","speed":799,"times":{"user":2693400,"nice":2200,"sys":626100,"idle":23547900,"irq":0}},{"model":"Intel(R) Core(TM) i5-8250U CPU @ 1.60GHz","speed":798,"times":{"user":2658800,"nice":1800,"sys":609600,"idle":23572800,"irq":0}},{"model":"Intel(R) Core(TM) i5-8250U CPU @ 1.60GHz","speed":799,"times":{"user":2524800,"nice":2200,"sys":662000,"idle":23542200,"irq":0}},{"model":"Intel(R) Core(TM) i5-8250U CPU @ 1.60GHz","speed":799,"times":{"user":2630400,"nice":2100,"sys":626800,"idle":23594000,"irq":0}},{"model":"Intel(R) Core(TM) i5-8250U CPU @ 1.60GHz","speed":799,"times":{"user":2624300,"nice":2300,"sys":642100,"idle":23561700,"irq":0}}]
Logs
{"_id":"a0af45de74d3cd42d4f6cc5603262139fca53f136a8dbb4b12b9a318e6d66907","task":"kicked towards lazy professor.","created_at":"2019.6.23"}